2023-02-08 09:25:11.494 +03:00 [Information] System.Net.Http.HttpClient.WebStoreGBWebAPI.LogicalHandler Start processing HTTP request "GET" https://localhost:5001/api/products/sections
2023-02-08 09:25:11.908 +03:00 [Information] System.Net.Http.HttpClient.WebStoreGBWebAPI.ClientHandler Sending HTTP request "GET" https://localhost:5001/api/products/sections
2023-02-08 09:25:19.921 +03:00 [Information] System.Net.Http.HttpClient.WebStoreGBWebAPI.ClientHandler Sending HTTP request "GET" https://localhost:5001/api/products/sections
2023-02-08 09:25:28.658 +03:00 [Information] System.Net.Http.HttpClient.WebStoreGBWebAPI.ClientHandler Sending HTTP request "GET" https://localhost:5001/api/products/sections
2023-02-08 09:25:40.911 +03:00 [Information] System.Net.Http.HttpClient.WebStoreGBWebAPI.ClientHandler Sending HTTP request "GET" https://localhost:5001/api/products/sections
2023-02-08 09:25:47.140 +03:00 [Information] System.Net.Http.HttpClient.WebStoreGBWebAPI.ClientHandler Received HTTP response headers after 6226.0406ms - 200
2023-02-08 09:25:47.233 +03:00 [Information] System.Net.Http.HttpClient.WebStoreGBWebAPI.LogicalHandler End processing HTTP request after 35748.5421ms - 200
2023-02-08 09:25:48.940 +03:00 [Information] System.Net.Http.HttpClient.WebStoreGBWebAPI.LogicalHandler Start processing HTTP request "GET" https://localhost:5001/api/products/brands
2023-02-08 09:25:48.944 +03:00 [Information] System.Net.Http.HttpClient.WebStoreGBWebAPI.ClientHandler Sending HTTP request "GET" https://localhost:5001/api/products/brands
2023-02-08 09:25:49.057 +03:00 [Information] System.Net.Http.HttpClient.WebStoreGBWebAPI.ClientHandler Received HTTP response headers after 112.624ms - 200
2023-02-08 09:25:49.061 +03:00 [Information] System.Net.Http.HttpClient.WebStoreGBWebAPI.LogicalHandler End processing HTTP request after 120.2895ms - 200
2023-02-08 09:25:49.087 +03:00 [Information] System.Net.Http.HttpClient.WebStoreGBWebAPI.LogicalHandler Start processing HTTP request "POST" https://localhost:5001/api/products
2023-02-08 09:25:49.090 +03:00 [Information] System.Net.Http.HttpClient.WebStoreGBWebAPI.ClientHandler Sending HTTP request "POST" https://localhost:5001/api/products
2023-02-08 09:25:50.530 +03:00 [Information] System.Net.Http.HttpClient.WebStoreGBWebAPI.ClientHandler Received HTTP response headers after 1439.4114ms - 200
2023-02-08 09:25:50.534 +03:00 [Information] System.Net.Http.HttpClient.WebStoreGBWebAPI.LogicalHandler End processing HTTP request after 1447.3693ms - 200
2023-02-08 09:25:51.627 +03:00 [Information] System.Net.Http.HttpClient.WebStoreGBWebAPI.LogicalHandler Start processing HTTP request "POST" https://localhost:5001/api/products
2023-02-08 09:25:51.631 +03:00 [Information] System.Net.Http.HttpClient.WebStoreGBWebAPI.ClientHandler Sending HTTP request "POST" https://localhost:5001/api/products
2023-02-08 09:25:51.644 +03:00 [Information] System.Net.Http.HttpClient.WebStoreGBWebAPI.ClientHandler Received HTTP response headers after 12.977ms - 200
2023-02-08 09:25:51.648 +03:00 [Information] System.Net.Http.HttpClient.WebStoreGBWebAPI.LogicalHandler End processing HTTP request after 21.0071ms - 200
2023-02-08 09:25:53.522 +03:00 [Information] System.Net.Http.HttpClient.WebStoreGBWebAPI.LogicalHandler Start processing HTTP request "POST" https://localhost:5001/api/products
2023-02-08 09:25:53.525 +03:00 [Information] System.Net.Http.HttpClient.WebStoreGBWebAPI.ClientHandler Sending HTTP request "POST" https://localhost:5001/api/products
2023-02-08 09:25:53.533 +03:00 [Information] System.Net.Http.HttpClient.WebStoreGBWebAPI.ClientHandler Received HTTP response headers after 7.4228ms - 200
2023-02-08 09:25:53.537 +03:00 [Information] System.Net.Http.HttpClient.WebStoreGBWebAPI.LogicalHandler End processing HTTP request after 15.4512ms - 200
2023-02-08 09:25:55.734 +03:00 [Information] System.Net.Http.HttpClient.WebStoreGBWebAPI.LogicalHandler Start processing HTTP request "POST" https://localhost:5001/api/products
2023-02-08 09:25:55.738 +03:00 [Information] System.Net.Http.HttpClient.WebStoreGBWebAPI.ClientHandler Sending HTTP request "POST" https://localhost:5001/api/products
2023-02-08 09:25:55.743 +03:00 [Information] System.Net.Http.HttpClient.WebStoreGBWebAPI.ClientHandler Received HTTP response headers after 5.4575ms - 200
2023-02-08 09:25:55.747 +03:00 [Information] System.Net.Http.HttpClient.WebStoreGBWebAPI.LogicalHandler End processing HTTP request after 12.9969ms - 200
2023-02-08 09:25:55.881 +03:00 [Information] System.Net.Http.HttpClient.WebStoreGBWebAPI.LogicalHandler Start processing HTTP request "POST" https://localhost:5001/api/products
2023-02-08 09:25:55.885 +03:00 [Information] System.Net.Http.HttpClient.WebStoreGBWebAPI.ClientHandler Sending HTTP request "POST" https://localhost:5001/api/products
2023-02-08 09:25:55.891 +03:00 [Information] System.Net.Http.HttpClient.WebStoreGBWebAPI.ClientHandler Received HTTP response headers after 5.8044ms - 200
2023-02-08 09:25:55.893 +03:00 [Information] System.Net.Http.HttpClient.WebStoreGBWebAPI.LogicalHandler End processing HTTP request after 12.3839ms - 200
2023-02-08 09:25:56.917 +03:00 [Information] WebStoreGB.Controllers.AjaxTestController Получен запрос к GetHTML - id:42, msg:"Hello HTML!", Delay:500
2023-02-08 09:25:57.277 +03:00 [Information] WebStoreGB.Controllers.AjaxTestController Получен запрос к GetJSON - id:13, msg:"Hello JSON!", Delay:2000
2023-02-08 09:25:57.430 +03:00 [Information] WebStoreGB.Controllers.AjaxTestController Ответ на запрос к GetHTML - id:42, msg:"Hello HTML!", Delay:500
2023-02-08 09:25:57.843 +03:00 [Information] WebStoreGB.Controllers.AjaxTestController Получен запрос к GetJSON - id:321, msg:"QWE", Delay:1000
2023-02-08 09:25:58.862 +03:00 [Information] WebStoreGB.Controllers.AjaxTestController Ответ на запрос к GetJSON - id:321, msg:"QWE", Delay:1000
2023-02-08 09:25:59.311 +03:00 [Information] WebStoreGB.Controllers.AjaxTestController Ответ на запрос к GetJSON - id:13, msg:"Hello JSON!", Delay:2000
2023-02-08 11:23:22.155 +03:00 [Information] System.Net.Http.HttpClient.WebStoreGBWebAPI.LogicalHandler Start processing HTTP request "GET" https://localhost:5001/api/products/sections
2023-02-08 11:23:22.226 +03:00 [Information] System.Net.Http.HttpClient.WebStoreGBWebAPI.ClientHandler Sending HTTP request "GET" https://localhost:5001/api/products/sections
2023-02-08 11:23:28.600 +03:00 [Information] System.Net.Http.HttpClient.WebStoreGBWebAPI.ClientHandler Sending HTTP request "GET" https://localhost:5001/api/products/sections
2023-02-08 11:23:31.591 +03:00 [Information] System.Net.Http.HttpClient.WebStoreGBWebAPI.ClientHandler Received HTTP response headers after 2986.8544ms - 200
2023-02-08 11:23:31.602 +03:00 [Information] System.Net.Http.HttpClient.WebStoreGBWebAPI.LogicalHandler End processing HTTP request after 9457.1654ms - 200
2023-02-08 11:23:31.780 +03:00 [Information] System.Net.Http.HttpClient.WebStoreGBWebAPI.LogicalHandler Start processing HTTP request "GET" https://localhost:5001/api/products/brands
2023-02-08 11:23:31.786 +03:00 [Information] System.Net.Http.HttpClient.WebStoreGBWebAPI.ClientHandler Sending HTTP request "GET" https://localhost:5001/api/products/brands
2023-02-08 11:23:31.863 +03:00 [Information] System.Net.Http.HttpClient.WebStoreGBWebAPI.ClientHandler Received HTTP response headers after 77.1797ms - 200
2023-02-08 11:23:31.866 +03:00 [Information] System.Net.Http.HttpClient.WebStoreGBWebAPI.LogicalHandler End processing HTTP request after 85.9989ms - 200
2023-02-08 11:23:31.886 +03:00 [Information] System.Net.Http.HttpClient.WebStoreGBWebAPI.LogicalHandler Start processing HTTP request "POST" https://localhost:5001/api/products
2023-02-08 11:23:31.889 +03:00 [Information] System.Net.Http.HttpClient.WebStoreGBWebAPI.ClientHandler Sending HTTP request "POST" https://localhost:5001/api/products
2023-02-08 11:23:32.133 +03:00 [Information] System.Net.Http.HttpClient.WebStoreGBWebAPI.ClientHandler Received HTTP response headers after 244.022ms - 200
2023-02-08 11:23:32.137 +03:00 [Information] System.Net.Http.HttpClient.WebStoreGBWebAPI.LogicalHandler End processing HTTP request after 250.8499ms - 200
2023-02-08 11:23:32.467 +03:00 [Information] System.Net.Http.HttpClient.WebStoreGBWebAPI.LogicalHandler Start processing HTTP request "POST" https://localhost:5001/api/products
2023-02-08 11:23:32.470 +03:00 [Information] System.Net.Http.HttpClient.WebStoreGBWebAPI.ClientHandler Sending HTTP request "POST" https://localhost:5001/api/products
2023-02-08 11:23:32.481 +03:00 [Information] System.Net.Http.HttpClient.WebStoreGBWebAPI.ClientHandler Received HTTP response headers after 11.153ms - 200
2023-02-08 11:23:32.484 +03:00 [Information] System.Net.Http.HttpClient.WebStoreGBWebAPI.LogicalHandler End processing HTTP request after 16.9635ms - 200
2023-02-08 11:23:33.019 +03:00 [Information] System.Net.Http.HttpClient.WebStoreGBWebAPI.LogicalHandler Start processing HTTP request "POST" https://localhost:5001/api/products
2023-02-08 11:23:33.022 +03:00 [Information] System.Net.Http.HttpClient.WebStoreGBWebAPI.ClientHandler Sending HTTP request "POST" https://localhost:5001/api/products
2023-02-08 11:23:33.033 +03:00 [Information] System.Net.Http.HttpClient.WebStoreGBWebAPI.ClientHandler Received HTTP response headers after 10.6059ms - 200
2023-02-08 11:23:33.039 +03:00 [Information] System.Net.Http.HttpClient.WebStoreGBWebAPI.LogicalHandler End processing HTTP request after 20.07ms - 200
2023-02-08 11:23:37.130 +03:00 [Information] System.Net.Http.HttpClient.WebStoreGBWebAPI.LogicalHandler Start processing HTTP request "GET" https://localhost:5001/api/values
2023-02-08 11:23:37.134 +03:00 [Information] System.Net.Http.HttpClient.WebStoreGBWebAPI.ClientHandler Sending HTTP request "GET" https://localhost:5001/api/values
2023-02-08 11:23:37.144 +03:00 [Information] System.Net.Http.HttpClient.WebStoreGBWebAPI.ClientHandler Received HTTP response headers after 9.5325ms - 200
2023-02-08 11:23:37.147 +03:00 [Information] System.Net.Http.HttpClient.WebStoreGBWebAPI.LogicalHandler End processing HTTP request after 17.2952ms - 200
2023-02-08 11:23:37.159 +03:00 [Information] System.Net.Http.HttpClient.WebStoreGBWebAPI.LogicalHandler Start processing HTTP request "POST" https://localhost:5001/api/products
2023-02-08 11:23:37.163 +03:00 [Information] System.Net.Http.HttpClient.WebStoreGBWebAPI.ClientHandler Sending HTTP request "POST" https://localhost:5001/api/products
2023-02-08 11:23:37.169 +03:00 [Information] System.Net.Http.HttpClient.WebStoreGBWebAPI.ClientHandler Received HTTP response headers after 5.9825ms - 200
2023-02-08 11:23:37.172 +03:00 [Information] System.Net.Http.HttpClient.WebStoreGBWebAPI.LogicalHandler End processing HTTP request after 12.838ms - 200
2023-02-08 11:23:37.309 +03:00 [Information] System.Net.Http.HttpClient.WebStoreGBWebAPI.LogicalHandler Start processing HTTP request "POST" https://localhost:5001/api/products
2023-02-08 11:23:37.313 +03:00 [Information] System.Net.Http.HttpClient.WebStoreGBWebAPI.ClientHandler Sending HTTP request "POST" https://localhost:5001/api/products
2023-02-08 11:23:37.319 +03:00 [Information] System.Net.Http.HttpClient.WebStoreGBWebAPI.ClientHandler Received HTTP response headers after 6.1218ms - 200
2023-02-08 11:23:37.322 +03:00 [Information] System.Net.Http.HttpClient.WebStoreGBWebAPI.LogicalHandler End processing HTTP request after 13.3649ms - 200
2023-02-08 11:23:56.285 +03:00 [Information] System.Net.Http.HttpClient.WebStoreGBWebAPI.LogicalHandler Start processing HTTP request "POST" https://localhost:5001/api/products
2023-02-08 11:23:56.290 +03:00 [Information] System.Net.Http.HttpClient.WebStoreGBWebAPI.ClientHandler Sending HTTP request "POST" https://localhost:5001/api/products
2023-02-08 11:23:56.301 +03:00 [Information] System.Net.Http.HttpClient.WebStoreGBWebAPI.ClientHandler Received HTTP response headers after 10.1915ms - 200
2023-02-08 11:23:56.308 +03:00 [Information] System.Net.Http.HttpClient.WebStoreGBWebAPI.LogicalHandler End processing HTTP request after 23.0836ms - 200
2023-02-08 11:23:56.491 +03:00 [Information] System.Net.Http.HttpClient.WebStoreGBWebAPI.LogicalHandler Start processing HTTP request "POST" https://localhost:5001/api/products
2023-02-08 11:23:56.501 +03:00 [Information] System.Net.Http.HttpClient.WebStoreGBWebAPI.ClientHandler Sending HTTP request "POST" https://localhost:5001/api/products
2023-02-08 11:23:56.513 +03:00 [Information] System.Net.Http.HttpClient.WebStoreGBWebAPI.ClientHandler Received HTTP response headers after 12.2121ms - 200
2023-02-08 11:23:56.518 +03:00 [Information] System.Net.Http.HttpClient.WebStoreGBWebAPI.LogicalHandler End processing HTTP request after 26.6915ms - 200
2023-02-08 11:24:00.704 +03:00 [Information] System.Net.Http.HttpClient.WebStoreGBWebAPI.LogicalHandler Start processing HTTP request "POST" https://localhost:5001/api/products
2023-02-08 11:24:00.707 +03:00 [Information] System.Net.Http.HttpClient.WebStoreGBWebAPI.ClientHandler Sending HTTP request "POST" https://localhost:5001/api/products
2023-02-08 11:24:00.714 +03:00 [Information] System.Net.Http.HttpClient.WebStoreGBWebAPI.ClientHandler Received HTTP response headers after 6.2479ms - 200
2023-02-08 11:24:00.718 +03:00 [Information] System.Net.Http.HttpClient.WebStoreGBWebAPI.LogicalHandler End processing HTTP request after 13.1836ms - 200
2023-02-08 11:24:07.680 +03:00 [Information] System.Net.Http.HttpClient.WebStoreGBWebAPI.LogicalHandler Start processing HTTP request "POST" https://localhost:5001/api/products
2023-02-08 11:24:07.685 +03:00 [Information] System.Net.Http.HttpClient.WebStoreGBWebAPI.ClientHandler Sending HTTP request "POST" https://localhost:5001/api/products
2023-02-08 11:24:07.694 +03:00 [Information] System.Net.Http.HttpClient.WebStoreGBWebAPI.ClientHandler Received HTTP response headers after 9.2816ms - 200
2023-02-08 11:24:07.698 +03:00 [Information] System.Net.Http.HttpClient.WebStoreGBWebAPI.LogicalHandler End processing HTTP request after 17.5111ms - 200
2023-02-08 11:24:07.830 +03:00 [Information] System.Net.Http.HttpClient.WebStoreGBWebAPI.LogicalHandler Start processing HTTP request "POST" https://localhost:5001/api/products
2023-02-08 11:24:07.835 +03:00 [Information] System.Net.Http.HttpClient.WebStoreGBWebAPI.ClientHandler Sending HTTP request "POST" https://localhost:5001/api/products
2023-02-08 11:24:07.842 +03:00 [Information] System.Net.Http.HttpClient.WebStoreGBWebAPI.ClientHandler Received HTTP response headers after 6.9091ms - 200
2023-02-08 11:24:07.848 +03:00 [Information] System.Net.Http.HttpClient.WebStoreGBWebAPI.LogicalHandler End processing HTTP request after 17.7088ms - 200
2023-02-08 11:24:24.289 +03:00 [Information] System.Net.Http.HttpClient.WebStoreGBWebAPI.LogicalHandler Start processing HTTP request "GET" https://localhost:5001/api/values
2023-02-08 11:24:24.297 +03:00 [Information] System.Net.Http.HttpClient.WebStoreGBWebAPI.ClientHandler Sending HTTP request "GET" https://localhost:5001/api/values
2023-02-08 11:24:24.305 +03:00 [Information] System.Net.Http.HttpClient.WebStoreGBWebAPI.ClientHandler Received HTTP response headers after 8.0314ms - 200
2023-02-08 11:24:24.312 +03:00 [Information] System.Net.Http.HttpClient.WebStoreGBWebAPI.LogicalHandler End processing HTTP request after 23.6801ms - 200
2023-02-08 11:24:24.317 +03:00 [Information] System.Net.Http.HttpClient.WebStoreGBWebAPI.LogicalHandler Start processing HTTP request "POST" https://localhost:5001/api/products
2023-02-08 11:24:24.320 +03:00 [Information] System.Net.Http.HttpClient.WebStoreGBWebAPI.ClientHandler Sending HTTP request "POST" https://localhost:5001/api/products
2023-02-08 11:24:24.332 +03:00 [Information] System.Net.Http.HttpClient.WebStoreGBWebAPI.ClientHandler Received HTTP response headers after 11.6355ms - 200
2023-02-08 11:24:24.335 +03:00 [Information] System.Net.Http.HttpClient.WebStoreGBWebAPI.LogicalHandler End processing HTTP request after 18.828ms - 200
2023-02-08 11:24:24.467 +03:00 [Information] System.Net.Http.HttpClient.WebStoreGBWebAPI.LogicalHandler Start processing HTTP request "POST" https://localhost:5001/api/products
2023-02-08 11:24:24.471 +03:00 [Information] System.Net.Http.HttpClient.WebStoreGBWebAPI.ClientHandler Sending HTTP request "POST" https://localhost:5001/api/products
2023-02-08 11:24:24.478 +03:00 [Information] System.Net.Http.HttpClient.WebStoreGBWebAPI.ClientHandler Received HTTP response headers after 6.9789ms - 200
2023-02-08 11:24:24.482 +03:00 [Information] System.Net.Http.HttpClient.WebStoreGBWebAPI.LogicalHandler End processing HTTP request after 15.6624ms - 200
2023-02-08 11:24:34.075 +03:00 [Information] System.Net.Http.HttpClient.WebStoreGBWebAPI.LogicalHandler Start processing HTTP request "POST" https://localhost:5001/api/products
2023-02-08 11:24:34.078 +03:00 [Information] System.Net.Http.HttpClient.WebStoreGBWebAPI.ClientHandler Sending HTTP request "POST" https://localhost:5001/api/products
2023-02-08 11:24:34.082 +03:00 [Information] System.Net.Http.HttpClient.WebStoreGBWebAPI.ClientHandler Received HTTP response headers after 4.7138ms - 200
2023-02-08 11:24:34.085 +03:00 [Information] System.Net.Http.HttpClient.WebStoreGBWebAPI.LogicalHandler End processing HTTP request after 10.109ms - 200
2023-02-08 11:24:43.120 +03:00 [Information] System.Net.Http.HttpClient.WebStoreGBWebAPI.LogicalHandler Start processing HTTP request "POST" https://localhost:5001/api/products
2023-02-08 11:24:43.123 +03:00 [Information] System.Net.Http.HttpClient.WebStoreGBWebAPI.ClientHandler Sending HTTP request "POST" https://localhost:5001/api/products
2023-02-08 11:24:43.129 +03:00 [Information] System.Net.Http.HttpClient.WebStoreGBWebAPI.ClientHandler Received HTTP response headers after 5.7424ms - 200
2023-02-08 11:24:43.132 +03:00 [Information] System.Net.Http.HttpClient.WebStoreGBWebAPI.LogicalHandler End processing HTTP request after 11.2904ms - 200
2023-02-08 11:24:55.151 +03:00 [Information] System.Net.Http.HttpClient.WebStoreGBWebAPI.LogicalHandler Start processing HTTP request "POST" https://localhost:5001/api/products
2023-02-08 11:24:55.155 +03:00 [Information] System.Net.Http.HttpClient.WebStoreGBWebAPI.ClientHandler Sending HTTP request "POST" https://localhost:5001/api/products
2023-02-08 11:24:55.165 +03:00 [Information] System.Net.Http.HttpClient.WebStoreGBWebAPI.ClientHandler Received HTTP response headers after 9.9356ms - 200
2023-02-08 11:24:55.170 +03:00 [Information] System.Net.Http.HttpClient.WebStoreGBWebAPI.LogicalHandler End processing HTTP request after 18.596ms - 200
2023-02-08 11:25:42.360 +03:00 [Information] System.Net.Http.HttpClient.WebStoreGBWebAPI.LogicalHandler Start processing HTTP request "POST" https://localhost:5001/api/products
2023-02-08 11:25:42.364 +03:00 [Information] System.Net.Http.HttpClient.WebStoreGBWebAPI.ClientHandler Sending HTTP request "POST" https://localhost:5001/api/products
2023-02-08 11:25:42.371 +03:00 [Information] System.Net.Http.HttpClient.WebStoreGBWebAPI.ClientHandler Received HTTP response headers after 6.6387ms - 200
2023-02-08 11:25:42.376 +03:00 [Information] System.Net.Http.HttpClient.WebStoreGBWebAPI.LogicalHandler End processing HTTP request after 15.4833ms - 200
2023-02-08 11:32:19.022 +03:00 [Information] System.Net.Http.HttpClient.WebStoreGBWebAPI.LogicalHandler Start processing HTTP request "GET" https://localhost:5001/api/products/sections
2023-02-08 11:32:19.081 +03:00 [Information] System.Net.Http.HttpClient.WebStoreGBWebAPI.ClientHandler Sending HTTP request "GET" https://localhost:5001/api/products/sections
2023-02-08 11:32:25.840 +03:00 [Information] System.Net.Http.HttpClient.WebStoreGBWebAPI.ClientHandler Sending HTTP request "GET" https://localhost:5001/api/products/sections
2023-02-08 11:32:26.307 +03:00 [Information] System.Net.Http.HttpClient.WebStoreGBWebAPI.ClientHandler Received HTTP response headers after 463.6306ms - 200
2023-02-08 11:32:26.311 +03:00 [Information] System.Net.Http.HttpClient.WebStoreGBWebAPI.LogicalHandler End processing HTTP request after 7299.4899ms - 200
2023-02-08 11:32:26.493 +03:00 [Information] System.Net.Http.HttpClient.WebStoreGBWebAPI.LogicalHandler Start processing HTTP request "GET" https://localhost:5001/api/products/brands
2023-02-08 11:32:26.497 +03:00 [Information] System.Net.Http.HttpClient.WebStoreGBWebAPI.ClientHandler Sending HTTP request "GET" https://localhost:5001/api/products/brands
2023-02-08 11:32:26.597 +03:00 [Information] System.Net.Http.HttpClient.WebStoreGBWebAPI.ClientHandler Received HTTP response headers after 100.5856ms - 200
2023-02-08 11:32:26.601 +03:00 [Information] System.Net.Http.HttpClient.WebStoreGBWebAPI.LogicalHandler End processing HTTP request after 108.4002ms - 200
2023-02-08 11:32:26.647 +03:00 [Information] System.Net.Http.HttpClient.WebStoreGBWebAPI.LogicalHandler Start processing HTTP request "POST" https://localhost:5001/api/products
2023-02-08 11:32:26.651 +03:00 [Information] System.Net.Http.HttpClient.WebStoreGBWebAPI.ClientHandler Sending HTTP request "POST" https://localhost:5001/api/products
2023-02-08 11:32:26.865 +03:00 [Information] System.Net.Http.HttpClient.WebStoreGBWebAPI.ClientHandler Received HTTP response headers after 213.5167ms - 200
2023-02-08 11:32:26.869 +03:00 [Information] System.Net.Http.HttpClient.WebStoreGBWebAPI.LogicalHandler End processing HTTP request after 221.949ms - 200
2023-02-08 11:32:27.194 +03:00 [Information] System.Net.Http.HttpClient.WebStoreGBWebAPI.LogicalHandler Start processing HTTP request "POST" https://localhost:5001/api/products
2023-02-08 11:32:27.197 +03:00 [Information] System.Net.Http.HttpClient.WebStoreGBWebAPI.ClientHandler Sending HTTP request "POST" https://localhost:5001/api/products
2023-02-08 11:32:27.211 +03:00 [Information] System.Net.Http.HttpClient.WebStoreGBWebAPI.ClientHandler Received HTTP response headers after 13.1885ms - 200
2023-02-08 11:32:27.214 +03:00 [Information] System.Net.Http.HttpClient.WebStoreGBWebAPI.LogicalHandler End processing HTTP request after 19.8133ms - 200
2023-02-08 11:32:27.855 +03:00 [Information] System.Net.Http.HttpClient.WebStoreGBWebAPI.LogicalHandler Start processing HTTP request "POST" https://localhost:5001/api/products
2023-02-08 11:32:27.863 +03:00 [Information] System.Net.Http.HttpClient.WebStoreGBWebAPI.ClientHandler Sending HTTP request "POST" https://localhost:5001/api/products
2023-02-08 11:32:27.878 +03:00 [Information] System.Net.Http.HttpClient.WebStoreGBWebAPI.ClientHandler Received HTTP response headers after 15.5091ms - 200
2023-02-08 11:32:27.884 +03:00 [Information] System.Net.Http.HttpClient.WebStoreGBWebAPI.LogicalHandler End processing HTTP request after 29.0205ms - 200
2023-02-08 11:32:29.791 +03:00 [Information] System.Net.Http.HttpClient.WebStoreGBWebAPI.LogicalHandler Start processing HTTP request "POST" https://localhost:5001/api/products
2023-02-08 11:32:29.797 +03:00 [Information] System.Net.Http.HttpClient.WebStoreGBWebAPI.ClientHandler Sending HTTP request "POST" https://localhost:5001/api/products
2023-02-08 11:32:29.803 +03:00 [Information] System.Net.Http.HttpClient.WebStoreGBWebAPI.ClientHandler Received HTTP response headers after 6.468ms - 200
2023-02-08 11:32:29.810 +03:00 [Information] System.Net.Http.HttpClient.WebStoreGBWebAPI.LogicalHandler End processing HTTP request after 18.6343ms - 200
2023-02-08 11:32:30.063 +03:00 [Information] System.Net.Http.HttpClient.WebStoreGBWebAPI.LogicalHandler Start processing HTTP request "POST" https://localhost:5001/api/products
2023-02-08 11:32:30.067 +03:00 [Information] System.Net.Http.HttpClient.WebStoreGBWebAPI.ClientHandler Sending HTTP request "POST" https://localhost:5001/api/products
2023-02-08 11:32:30.074 +03:00 [Information] System.Net.Http.HttpClient.WebStoreGBWebAPI.ClientHandler Received HTTP response headers after 7.4296ms - 200
2023-02-08 11:32:30.078 +03:00 [Information] System.Net.Http.HttpClient.WebStoreGBWebAPI.LogicalHandler End processing HTTP request after 15.2628ms - 200
2023-02-08 11:32:34.755 +03:00 [Information] System.Net.Http.HttpClient.WebStoreGBWebAPI.LogicalHandler Start processing HTTP request "POST" https://localhost:5001/api/products
2023-02-08 11:32:34.759 +03:00 [Information] System.Net.Http.HttpClient.WebStoreGBWebAPI.ClientHandler Sending HTTP request "POST" https://localhost:5001/api/products
2023-02-08 11:32:34.765 +03:00 [Information] System.Net.Http.HttpClient.WebStoreGBWebAPI.ClientHandler Received HTTP response headers after 5.9296ms - 200
2023-02-08 11:32:34.767 +03:00 [Information] System.Net.Http.HttpClient.WebStoreGBWebAPI.LogicalHandler End processing HTTP request after 12.8411ms - 200
2023-02-08 11:35:05.844 +03:00 [Information] System.Net.Http.HttpClient.WebStoreGBWebAPI.LogicalHandler Start processing HTTP request "GET" https://localhost:5001/api/products/sections
2023-02-08 11:35:05.904 +03:00 [Information] System.Net.Http.HttpClient.WebStoreGBWebAPI.ClientHandler Sending HTTP request "GET" https://localhost:5001/api/products/sections
2023-02-08 11:35:07.886 +03:00 [Information] System.Net.Http.HttpClient.WebStoreGBWebAPI.ClientHandler Received HTTP response headers after 1977.4513ms - 200
2023-02-08 11:35:07.894 +03:00 [Information] System.Net.Http.HttpClient.WebStoreGBWebAPI.LogicalHandler End processing HTTP request after 2058.4227ms - 200
2023-02-08 11:35:08.144 +03:00 [Information] System.Net.Http.HttpClient.WebStoreGBWebAPI.LogicalHandler Start processing HTTP request "GET" https://localhost:5001/api/products/brands
2023-02-08 11:35:08.147 +03:00 [Information] System.Net.Http.HttpClient.WebStoreGBWebAPI.ClientHandler Sending HTTP request "GET" https://localhost:5001/api/products/brands
2023-02-08 11:35:08.240 +03:00 [Information] System.Net.Http.HttpClient.WebStoreGBWebAPI.ClientHandler Received HTTP response headers after 93.0288ms - 200
2023-02-08 11:35:08.244 +03:00 [Information] System.Net.Http.HttpClient.WebStoreGBWebAPI.LogicalHandler End processing HTTP request after 99.9792ms - 200
2023-02-08 11:35:08.266 +03:00 [Information] System.Net.Http.HttpClient.WebStoreGBWebAPI.LogicalHandler Start processing HTTP request "POST" https://localhost:5001/api/products
2023-02-08 11:35:08.270 +03:00 [Information] System.Net.Http.HttpClient.WebStoreGBWebAPI.ClientHandler Sending HTTP request "POST" https://localhost:5001/api/products
2023-02-08 11:35:08.459 +03:00 [Information] System.Net.Http.HttpClient.WebStoreGBWebAPI.ClientHandler Received HTTP response headers after 189.0122ms - 200
2023-02-08 11:35:08.462 +03:00 [Information] System.Net.Http.HttpClient.WebStoreGBWebAPI.LogicalHandler End processing HTTP request after 195.6457ms - 200
2023-02-08 11:35:08.775 +03:00 [Information] System.Net.Http.HttpClient.WebStoreGBWebAPI.LogicalHandler Start processing HTTP request "POST" https://localhost:5001/api/products
2023-02-08 11:35:08.778 +03:00 [Information] System.Net.Http.HttpClient.WebStoreGBWebAPI.ClientHandler Sending HTTP request "POST" https://localhost:5001/api/products
2023-02-08 11:35:08.791 +03:00 [Information] System.Net.Http.HttpClient.WebStoreGBWebAPI.ClientHandler Received HTTP response headers after 13.0813ms - 200
2023-02-08 11:35:08.794 +03:00 [Information] System.Net.Http.HttpClient.WebStoreGBWebAPI.LogicalHandler End processing HTTP request after 19.3371ms - 200
2023-02-08 11:35:09.419 +03:00 [Information] System.Net.Http.HttpClient.WebStoreGBWebAPI.LogicalHandler Start processing HTTP request "POST" https://localhost:5001/api/products
2023-02-08 11:35:09.422 +03:00 [Information] System.Net.Http.HttpClient.WebStoreGBWebAPI.ClientHandler Sending HTTP request "POST" https://localhost:5001/api/products
2023-02-08 11:35:09.427 +03:00 [Information] System.Net.Http.HttpClient.WebStoreGBWebAPI.ClientHandler Received HTTP response headers after 5.7634ms - 200
2023-02-08 11:35:09.431 +03:00 [Information] System.Net.Http.HttpClient.WebStoreGBWebAPI.LogicalHandler End processing HTTP request after 12.0258ms - 200
2023-02-08 11:35:10.423 +03:00 [Information] System.Net.Http.HttpClient.WebStoreGBWebAPI.LogicalHandler Start processing HTTP request "POST" https://localhost:5001/api/products
2023-02-08 11:35:10.429 +03:00 [Information] System.Net.Http.HttpClient.WebStoreGBWebAPI.ClientHandler Sending HTTP request "POST" https://localhost:5001/api/products
2023-02-08 11:35:10.436 +03:00 [Information] System.Net.Http.HttpClient.WebStoreGBWebAPI.ClientHandler Received HTTP response headers after 7.2545ms - 200
2023-02-08 11:35:10.439 +03:00 [Information] System.Net.Http.HttpClient.WebStoreGBWebAPI.LogicalHandler End processing HTTP request after 15.6033ms - 200
2023-02-08 11:35:10.571 +03:00 [Information] System.Net.Http.HttpClient.WebStoreGBWebAPI.LogicalHandler Start processing HTTP request "POST" https://localhost:5001/api/products
2023-02-08 11:35:10.575 +03:00 [Information] System.Net.Http.HttpClient.WebStoreGBWebAPI.ClientHandler Sending HTTP request "POST" https://localhost:5001/api/products
2023-02-08 11:35:10.581 +03:00 [Information] System.Net.Http.HttpClient.WebStoreGBWebAPI.ClientHandler Received HTTP response headers after 5.7855ms - 200
2023-02-08 11:35:10.584 +03:00 [Information] System.Net.Http.HttpClient.WebStoreGBWebAPI.LogicalHandler End processing HTTP request after 12.9492ms - 200
2023-02-08 13:04:25.061 +03:00 [Information] System.Net.Http.HttpClient.WebStoreGBWebAPI.LogicalHandler Start processing HTTP request "GET" https://localhost:5001/api/products/sections
2023-02-08 13:04:25.591 +03:00 [Information] System.Net.Http.HttpClient.WebStoreGBWebAPI.ClientHandler Sending HTTP request "GET" https://localhost:5001/api/products/sections
2023-02-08 13:04:34.019 +03:00 [Information] System.Net.Http.HttpClient.WebStoreGBWebAPI.ClientHandler Sending HTTP request "GET" https://localhost:5001/api/products/sections
2023-02-08 13:04:42.771 +03:00 [Information] System.Net.Http.HttpClient.WebStoreGBWebAPI.ClientHandler Sending HTTP request "GET" https://localhost:5001/api/products/sections
2023-02-08 13:06:05.154 +03:00 [Information] System.Net.Http.HttpClient.WebStoreGBWebAPI.LogicalHandler Start processing HTTP request "GET" https://localhost:5001/api/products/sections
2023-02-08 13:06:05.217 +03:00 [Information] System.Net.Http.HttpClient.WebStoreGBWebAPI.ClientHandler Sending HTTP request "GET" https://localhost:5001/api/products/sections
2023-02-08 13:06:10.086 +03:00 [Information] System.Net.Http.HttpClient.WebStoreGBWebAPI.ClientHandler Received HTTP response headers after 4866.0213ms - 200
2023-02-08 13:06:10.124 +03:00 [Information] System.Net.Http.HttpClient.WebStoreGBWebAPI.LogicalHandler End processing HTTP request after 4976.5541ms - 200
2023-02-08 13:06:11.670 +03:00 [Information] System.Net.Http.HttpClient.WebStoreGBWebAPI.LogicalHandler Start processing HTTP request "GET" https://localhost:5001/api/products/brands
2023-02-08 13:06:11.674 +03:00 [Information] System.Net.Http.HttpClient.WebStoreGBWebAPI.ClientHandler Sending HTTP request "GET" https://localhost:5001/api/products/brands
2023-02-08 13:06:11.772 +03:00 [Information] System.Net.Http.HttpClient.WebStoreGBWebAPI.ClientHandler Received HTTP response headers after 97.7595ms - 200
2023-02-08 13:06:11.775 +03:00 [Information] System.Net.Http.HttpClient.WebStoreGBWebAPI.LogicalHandler End processing HTTP request after 104.9127ms - 200
2023-02-08 13:06:11.805 +03:00 [Information] System.Net.Http.HttpClient.WebStoreGBWebAPI.LogicalHandler Start processing HTTP request "POST" https://localhost:5001/api/products
2023-02-08 13:06:11.809 +03:00 [Information] System.Net.Http.HttpClient.WebStoreGBWebAPI.ClientHandler Sending HTTP request "POST" https://localhost:5001/api/products
2023-02-08 13:06:12.886 +03:00 [Information] System.Net.Http.HttpClient.WebStoreGBWebAPI.ClientHandler Received HTTP response headers after 1076.5957ms - 200
2023-02-08 13:06:12.890 +03:00 [Information] System.Net.Http.HttpClient.WebStoreGBWebAPI.LogicalHandler End processing HTTP request after 1085.2111ms - 200
2023-02-08 13:06:13.865 +03:00 [Information] System.Net.Http.HttpClient.WebStoreGBWebAPI.LogicalHandler Start processing HTTP request "POST" https://localhost:5001/api/products
2023-02-08 13:06:13.876 +03:00 [Information] System.Net.Http.HttpClient.WebStoreGBWebAPI.ClientHandler Sending HTTP request "POST" https://localhost:5001/api/products
2023-02-08 13:06:13.896 +03:00 [Information] System.Net.Http.HttpClient.WebStoreGBWebAPI.ClientHandler Received HTTP response headers after 20.5814ms - 200
2023-02-08 13:06:13.900 +03:00 [Information] System.Net.Http.HttpClient.WebStoreGBWebAPI.LogicalHandler End processing HTTP request after 34.978ms - 200
2023-02-08 13:06:16.345 +03:00 [Information] System.Net.Http.HttpClient.WebStoreGBWebAPI.LogicalHandler Start processing HTTP request "POST" https://localhost:5001/api/products
2023-02-08 13:06:16.349 +03:00 [Information] System.Net.Http.HttpClient.WebStoreGBWebAPI.ClientHandler Sending HTTP request "POST" https://localhost:5001/api/products
2023-02-08 13:06:16.355 +03:00 [Information] System.Net.Http.HttpClient.WebStoreGBWebAPI.ClientHandler Received HTTP response headers after 5.5474ms - 200
2023-02-08 13:06:16.358 +03:00 [Information] System.Net.Http.HttpClient.WebStoreGBWebAPI.LogicalHandler End processing HTTP request after 12.6811ms - 200
2023-02-08 13:06:18.778 +03:00 [Information] System.Net.Http.HttpClient.WebStoreGBWebAPI.LogicalHandler Start processing HTTP request "POST" https://localhost:5001/api/products
2023-02-08 13:06:18.781 +03:00 [Information] System.Net.Http.HttpClient.WebStoreGBWebAPI.ClientHandler Sending HTTP request "POST" https://localhost:5001/api/products
2023-02-08 13:06:18.787 +03:00 [Information] System.Net.Http.HttpClient.WebStoreGBWebAPI.ClientHandler Received HTTP response headers after 5.9742ms - 200
2023-02-08 13:06:18.790 +03:00 [Information] System.Net.Http.HttpClient.WebStoreGBWebAPI.LogicalHandler End processing HTTP request after 12.2688ms - 200
2023-02-08 13:06:18.950 +03:00 [Information] System.Net.Http.HttpClient.WebStoreGBWebAPI.LogicalHandler Start processing HTTP request "POST" https://localhost:5001/api/products
2023-02-08 13:06:18.956 +03:00 [Information] System.Net.Http.HttpClient.WebStoreGBWebAPI.ClientHandler Sending HTTP request "POST" https://localhost:5001/api/products
2023-02-08 13:06:18.966 +03:00 [Information] System.Net.Http.HttpClient.WebStoreGBWebAPI.ClientHandler Received HTTP response headers after 9.8085ms - 200
2023-02-08 13:06:18.971 +03:00 [Information] System.Net.Http.HttpClient.WebStoreGBWebAPI.LogicalHandler End processing HTTP request after 20.8668ms - 200
2023-02-08 13:07:54.749 +03:00 [Information] System.Net.Http.HttpClient.WebStoreGBWebAPI.LogicalHandler Start processing HTTP request "GET" https://localhost:5001/api/products/sections
2023-02-08 13:07:54.814 +03:00 [Information] System.Net.Http.HttpClient.WebStoreGBWebAPI.ClientHandler Sending HTTP request "GET" https://localhost:5001/api/products/sections
2023-02-08 13:07:56.401 +03:00 [Information] System.Net.Http.HttpClient.WebStoreGBWebAPI.ClientHandler Received HTTP response headers after 1582.6418ms - 200
2023-02-08 13:07:56.409 +03:00 [Information] System.Net.Http.HttpClient.WebStoreGBWebAPI.LogicalHandler End processing HTTP request after 1666.5955ms - 200
2023-02-08 13:07:56.568 +03:00 [Information] System.Net.Http.HttpClient.WebStoreGBWebAPI.LogicalHandler Start processing HTTP request "GET" https://localhost:5001/api/products/brands
2023-02-08 13:07:56.580 +03:00 [Information] System.Net.Http.HttpClient.WebStoreGBWebAPI.ClientHandler Sending HTTP request "GET" https://localhost:5001/api/products/brands
2023-02-08 13:07:56.663 +03:00 [Information] System.Net.Http.HttpClient.WebStoreGBWebAPI.ClientHandler Received HTTP response headers after 83.2148ms - 200
2023-02-08 13:07:56.666 +03:00 [Information] System.Net.Http.HttpClient.WebStoreGBWebAPI.LogicalHandler End processing HTTP request after 97.8842ms - 200
2023-02-08 13:07:56.695 +03:00 [Information] System.Net.Http.HttpClient.WebStoreGBWebAPI.LogicalHandler Start processing HTTP request "POST" https://localhost:5001/api/products
2023-02-08 13:07:56.699 +03:00 [Information] System.Net.Http.HttpClient.WebStoreGBWebAPI.ClientHandler Sending HTTP request "POST" https://localhost:5001/api/products
2023-02-08 13:07:56.897 +03:00 [Information] System.Net.Http.HttpClient.WebStoreGBWebAPI.ClientHandler Received HTTP response headers after 197.6292ms - 200
2023-02-08 13:07:56.900 +03:00 [Information] System.Net.Http.HttpClient.WebStoreGBWebAPI.LogicalHandler End processing HTTP request after 205.3046ms - 200
2023-02-08 13:07:57.175 +03:00 [Information] System.Net.Http.HttpClient.WebStoreGBWebAPI.LogicalHandler Start processing HTTP request "POST" https://localhost:5001/api/products
2023-02-08 13:07:57.178 +03:00 [Information] System.Net.Http.HttpClient.WebStoreGBWebAPI.ClientHandler Sending HTTP request "POST" https://localhost:5001/api/products
2023-02-08 13:07:57.191 +03:00 [Information] System.Net.Http.HttpClient.WebStoreGBWebAPI.ClientHandler Received HTTP response headers after 12.6539ms - 200
2023-02-08 13:07:57.194 +03:00 [Information] System.Net.Http.HttpClient.WebStoreGBWebAPI.LogicalHandler End processing HTTP request after 18.5733ms - 200
2023-02-08 13:07:57.710 +03:00 [Information] System.Net.Http.HttpClient.WebStoreGBWebAPI.LogicalHandler Start processing HTTP request "POST" https://localhost:5001/api/products
2023-02-08 13:07:57.714 +03:00 [Information] System.Net.Http.HttpClient.WebStoreGBWebAPI.ClientHandler Sending HTTP request "POST" https://localhost:5001/api/products
2023-02-08 13:07:57.720 +03:00 [Information] System.Net.Http.HttpClient.WebStoreGBWebAPI.ClientHandler Received HTTP response headers after 6.3576ms - 200
2023-02-08 13:07:57.724 +03:00 [Information] System.Net.Http.HttpClient.WebStoreGBWebAPI.LogicalHandler End processing HTTP request after 13.6795ms - 200
2023-02-08 13:08:02.606 +03:00 [Information] System.Net.Http.HttpClient.WebStoreGBWebAPI.LogicalHandler Start processing HTTP request "POST" https://localhost:5001/api/products
2023-02-08 13:08:02.609 +03:00 [Information] System.Net.Http.HttpClient.WebStoreGBWebAPI.ClientHandler Sending HTTP request "POST" https://localhost:5001/api/products
2023-02-08 13:08:02.615 +03:00 [Information] System.Net.Http.HttpClient.WebStoreGBWebAPI.ClientHandler Received HTTP response headers after 5.8694ms - 200
2023-02-08 13:08:02.618 +03:00 [Information] System.Net.Http.HttpClient.WebStoreGBWebAPI.LogicalHandler End processing HTTP request after 11.9478ms - 200
2023-02-08 13:08:02.760 +03:00 [Information] System.Net.Http.HttpClient.WebStoreGBWebAPI.LogicalHandler Start processing HTTP request "POST" https://localhost:5001/api/products
2023-02-08 13:08:02.764 +03:00 [Information] System.Net.Http.HttpClient.WebStoreGBWebAPI.ClientHandler Sending HTTP request "POST" https://localhost:5001/api/products
2023-02-08 13:08:02.771 +03:00 [Information] System.Net.Http.HttpClient.WebStoreGBWebAPI.ClientHandler Received HTTP response headers after 6.5425ms - 200
2023-02-08 13:08:02.774 +03:00 [Information] System.Net.Http.HttpClient.WebStoreGBWebAPI.LogicalHandler End processing HTTP request after 13.7444ms - 200
2023-02-08 13:09:43.493 +03:00 [Information] System.Net.Http.HttpClient.WebStoreGBWebAPI.LogicalHandler Start processing HTTP request "GET" https://localhost:5001/api/products/sections
2023-02-08 13:09:43.554 +03:00 [Information] System.Net.Http.HttpClient.WebStoreGBWebAPI.ClientHandler Sending HTTP request "GET" https://localhost:5001/api/products/sections
2023-02-08 13:09:45.697 +03:00 [Information] System.Net.Http.HttpClient.WebStoreGBWebAPI.ClientHandler Received HTTP response headers after 2139.3091ms - 200
2023-02-08 13:09:45.711 +03:00 [Information] System.Net.Http.HttpClient.WebStoreGBWebAPI.LogicalHandler End processing HTTP request after 2224.8363ms - 200
2023-02-08 13:09:45.914 +03:00 [Information] System.Net.Http.HttpClient.WebStoreGBWebAPI.LogicalHandler Start processing HTTP request "GET" https://localhost:5001/api/products/brands
2023-02-08 13:09:45.918 +03:00 [Information] System.Net.Http.HttpClient.WebStoreGBWebAPI.ClientHandler Sending HTTP request "GET" https://localhost:5001/api/products/brands
2023-02-08 13:09:45.992 +03:00 [Information] System.Net.Http.HttpClient.WebStoreGBWebAPI.ClientHandler Received HTTP response headers after 74.7579ms - 200
2023-02-08 13:09:45.995 +03:00 [Information] System.Net.Http.HttpClient.WebStoreGBWebAPI.LogicalHandler End processing HTTP request after 81.0198ms - 200
2023-02-08 13:09:46.014 +03:00 [Information] System.Net.Http.HttpClient.WebStoreGBWebAPI.LogicalHandler Start processing HTTP request "POST" https://localhost:5001/api/products
2023-02-08 13:09:46.018 +03:00 [Information] System.Net.Http.HttpClient.WebStoreGBWebAPI.ClientHandler Sending HTTP request "POST" https://localhost:5001/api/products
2023-02-08 13:09:46.190 +03:00 [Information] System.Net.Http.HttpClient.WebStoreGBWebAPI.ClientHandler Received HTTP response headers after 171.4465ms - 200
2023-02-08 13:09:46.192 +03:00 [Information] System.Net.Http.HttpClient.WebStoreGBWebAPI.LogicalHandler End processing HTTP request after 178.2815ms - 200
2023-02-08 13:09:46.476 +03:00 [Information] System.Net.Http.HttpClient.WebStoreGBWebAPI.LogicalHandler Start processing HTTP request "POST" https://localhost:5001/api/products
2023-02-08 13:09:46.480 +03:00 [Information] System.Net.Http.HttpClient.WebStoreGBWebAPI.ClientHandler Sending HTTP request "POST" https://localhost:5001/api/products
2023-02-08 13:09:46.495 +03:00 [Information] System.Net.Http.HttpClient.WebStoreGBWebAPI.ClientHandler Received HTTP response headers after 15.5277ms - 200
2023-02-08 13:09:46.499 +03:00 [Information] System.Net.Http.HttpClient.WebStoreGBWebAPI.LogicalHandler End processing HTTP request after 22.8804ms - 200
2023-02-08 13:09:47.060 +03:00 [Information] System.Net.Http.HttpClient.WebStoreGBWebAPI.LogicalHandler Start processing HTTP request "POST" https://localhost:5001/api/products
2023-02-08 13:09:47.063 +03:00 [Information] System.Net.Http.HttpClient.WebStoreGBWebAPI.ClientHandler Sending HTTP request "POST" https://localhost:5001/api/products
2023-02-08 13:09:47.069 +03:00 [Information] System.Net.Http.HttpClient.WebStoreGBWebAPI.ClientHandler Received HTTP response headers after 5.7135ms - 200
2023-02-08 13:09:47.071 +03:00 [Information] System.Net.Http.HttpClient.WebStoreGBWebAPI.LogicalHandler End processing HTTP request after 11.1964ms - 200
2023-02-08 13:09:47.861 +03:00 [Information] System.Net.Http.HttpClient.WebStoreGBWebAPI.LogicalHandler Start processing HTTP request "POST" https://localhost:5001/api/products
2023-02-08 13:09:47.865 +03:00 [Information] System.Net.Http.HttpClient.WebStoreGBWebAPI.ClientHandler Sending HTTP request "POST" https://localhost:5001/api/products
2023-02-08 13:09:47.871 +03:00 [Information] System.Net.Http.HttpClient.WebStoreGBWebAPI.ClientHandler Received HTTP response headers after 6.8321ms - 200
2023-02-08 13:09:47.874 +03:00 [Information] System.Net.Http.HttpClient.WebStoreGBWebAPI.LogicalHandler End processing HTTP request after 13.1276ms - 200
2023-02-08 13:09:48.020 +03:00 [Information] System.Net.Http.HttpClient.WebStoreGBWebAPI.LogicalHandler Start processing HTTP request "POST" https://localhost:5001/api/products
2023-02-08 13:09:48.023 +03:00 [Information] System.Net.Http.HttpClient.WebStoreGBWebAPI.ClientHandler Sending HTTP request "POST" https://localhost:5001/api/products
2023-02-08 13:09:48.030 +03:00 [Information] System.Net.Http.HttpClient.WebStoreGBWebAPI.ClientHandler Received HTTP response headers after 6.9023ms - 200
2023-02-08 13:09:48.033 +03:00 [Information] System.Net.Http.HttpClient.WebStoreGBWebAPI.LogicalHandler End processing HTTP request after 12.874ms - 200
2023-02-08 13:10:21.859 +03:00 [Information] System.Net.Http.HttpClient.WebStoreGBWebAPI.LogicalHandler Start processing HTTP request "GET" https://localhost:5001/api/products/sections
2023-02-08 13:10:21.922 +03:00 [Information] System.Net.Http.HttpClient.WebStoreGBWebAPI.ClientHandler Sending HTTP request "GET" https://localhost:5001/api/products/sections
2023-02-08 13:10:24.042 +03:00 [Information] System.Net.Http.HttpClient.WebStoreGBWebAPI.ClientHandler Received HTTP response headers after 2116.5375ms - 200
2023-02-08 13:10:24.051 +03:00 [Information] System.Net.Http.HttpClient.WebStoreGBWebAPI.LogicalHandler End processing HTTP request after 2201.7384ms - 200
2023-02-08 13:10:24.222 +03:00 [Information] System.Net.Http.HttpClient.WebStoreGBWebAPI.LogicalHandler Start processing HTTP request "GET" https://localhost:5001/api/products/brands
2023-02-08 13:10:24.225 +03:00 [Information] System.Net.Http.HttpClient.WebStoreGBWebAPI.ClientHandler Sending HTTP request "GET" https://localhost:5001/api/products/brands
2023-02-08 13:10:24.309 +03:00 [Information] System.Net.Http.HttpClient.WebStoreGBWebAPI.ClientHandler Received HTTP response headers after 83.9721ms - 200
2023-02-08 13:10:24.312 +03:00 [Information] System.Net.Http.HttpClient.WebStoreGBWebAPI.LogicalHandler End processing HTTP request after 89.0844ms - 200
2023-02-08 13:10:24.331 +03:00 [Information] System.Net.Http.HttpClient.WebStoreGBWebAPI.LogicalHandler Start processing HTTP request "POST" https://localhost:5001/api/products
2023-02-08 13:10:24.334 +03:00 [Information] System.Net.Http.HttpClient.WebStoreGBWebAPI.ClientHandler Sending HTTP request "POST" https://localhost:5001/api/products
2023-02-08 13:10:24.531 +03:00 [Information] System.Net.Http.HttpClient.WebStoreGBWebAPI.ClientHandler Received HTTP response headers after 197.4573ms - 200
2023-02-08 13:10:24.535 +03:00 [Information] System.Net.Http.HttpClient.WebStoreGBWebAPI.LogicalHandler End processing HTTP request after 203.5744ms - 200
2023-02-08 13:10:24.789 +03:00 [Information] System.Net.Http.HttpClient.WebStoreGBWebAPI.LogicalHandler Start processing HTTP request "POST" https://localhost:5001/api/products
2023-02-08 13:10:24.791 +03:00 [Information] System.Net.Http.HttpClient.WebStoreGBWebAPI.ClientHandler Sending HTTP request "POST" https://localhost:5001/api/products
2023-02-08 13:10:24.803 +03:00 [Information] System.Net.Http.HttpClient.WebStoreGBWebAPI.ClientHandler Received HTTP response headers after 11.6017ms - 200
2023-02-08 13:10:24.806 +03:00 [Information] System.Net.Http.HttpClient.WebStoreGBWebAPI.LogicalHandler End processing HTTP request after 17.217ms - 200
2023-02-08 13:10:25.338 +03:00 [Information] System.Net.Http.HttpClient.WebStoreGBWebAPI.LogicalHandler Start processing HTTP request "POST" https://localhost:5001/api/products
2023-02-08 13:10:25.342 +03:00 [Information] System.Net.Http.HttpClient.WebStoreGBWebAPI.ClientHandler Sending HTTP request "POST" https://localhost:5001/api/products
2023-02-08 13:10:25.349 +03:00 [Information] System.Net.Http.HttpClient.WebStoreGBWebAPI.ClientHandler Received HTTP response headers after 7.2262ms - 200
2023-02-08 13:10:25.352 +03:00 [Information] System.Net.Http.HttpClient.WebStoreGBWebAPI.LogicalHandler End processing HTTP request after 14.1389ms - 200
2023-02-08 13:10:27.533 +03:00 [Information] System.Net.Http.HttpClient.WebStoreGBWebAPI.LogicalHandler Start processing HTTP request "POST" https://localhost:5001/api/products
2023-02-08 13:10:27.537 +03:00 [Information] System.Net.Http.HttpClient.WebStoreGBWebAPI.ClientHandler Sending HTTP request "POST" https://localhost:5001/api/products
2023-02-08 13:10:27.543 +03:00 [Information] System.Net.Http.HttpClient.WebStoreGBWebAPI.ClientHandler Received HTTP response headers after 5.6181ms - 200
2023-02-08 13:10:27.545 +03:00 [Information] System.Net.Http.HttpClient.WebStoreGBWebAPI.LogicalHandler End processing HTTP request after 12.0902ms - 200
2023-02-08 13:10:27.693 +03:00 [Information] System.Net.Http.HttpClient.WebStoreGBWebAPI.LogicalHandler Start processing HTTP request "POST" https://localhost:5001/api/products
2023-02-08 13:10:27.696 +03:00 [Information] System.Net.Http.HttpClient.WebStoreGBWebAPI.ClientHandler Sending HTTP request "POST" https://localhost:5001/api/products
2023-02-08 13:10:27.703 +03:00 [Information] System.Net.Http.HttpClient.WebStoreGBWebAPI.ClientHandler Received HTTP response headers after 6.9726ms - 200
2023-02-08 13:10:27.705 +03:00 [Information] System.Net.Http.HttpClient.WebStoreGBWebAPI.LogicalHandler End processing HTTP request after 12.6997ms - 200
2023-02-08 13:10:53.832 +03:00 [Information] System.Net.Http.HttpClient.WebStoreGBWebAPI.LogicalHandler Start processing HTTP request "GET" https://localhost:5001/api/products/sections
2023-02-08 13:10:53.893 +03:00 [Information] System.Net.Http.HttpClient.WebStoreGBWebAPI.ClientHandler Sending HTTP request "GET" https://localhost:5001/api/products/sections
2023-02-08 13:10:55.989 +03:00 [Information] System.Net.Http.HttpClient.WebStoreGBWebAPI.ClientHandler Received HTTP response headers after 2092.2037ms - 200
2023-02-08 13:10:56.000 +03:00 [Information] System.Net.Http.HttpClient.WebStoreGBWebAPI.LogicalHandler End processing HTTP request after 2175.5534ms - 200
2023-02-08 13:10:56.191 +03:00 [Information] System.Net.Http.HttpClient.WebStoreGBWebAPI.LogicalHandler Start processing HTTP request "GET" https://localhost:5001/api/products/brands
2023-02-08 13:10:56.196 +03:00 [Information] System.Net.Http.HttpClient.WebStoreGBWebAPI.ClientHandler Sending HTTP request "GET" https://localhost:5001/api/products/brands
2023-02-08 13:10:56.283 +03:00 [Information] System.Net.Http.HttpClient.WebStoreGBWebAPI.ClientHandler Received HTTP response headers after 87.273ms - 200
2023-02-08 13:10:56.289 +03:00 [Information] System.Net.Http.HttpClient.WebStoreGBWebAPI.LogicalHandler End processing HTTP request after 97.2618ms - 200
2023-02-08 13:10:56.322 +03:00 [Information] System.Net.Http.HttpClient.WebStoreGBWebAPI.LogicalHandler Start processing HTTP request "POST" https://localhost:5001/api/products
2023-02-08 13:10:56.326 +03:00 [Information] System.Net.Http.HttpClient.WebStoreGBWebAPI.ClientHandler Sending HTTP request "POST" https://localhost:5001/api/products
2023-02-08 13:10:56.544 +03:00 [Information] System.Net.Http.HttpClient.WebStoreGBWebAPI.ClientHandler Received HTTP response headers after 218.0353ms - 200
2023-02-08 13:10:56.548 +03:00 [Information] System.Net.Http.HttpClient.WebStoreGBWebAPI.LogicalHandler End processing HTTP request after 226.5468ms - 200
2023-02-08 13:10:56.821 +03:00 [Information] System.Net.Http.HttpClient.WebStoreGBWebAPI.LogicalHandler Start processing HTTP request "POST" https://localhost:5001/api/products
2023-02-08 13:10:56.824 +03:00 [Information] System.Net.Http.HttpClient.WebStoreGBWebAPI.ClientHandler Sending HTTP request "POST" https://localhost:5001/api/products
2023-02-08 13:10:56.838 +03:00 [Information] System.Net.Http.HttpClient.WebStoreGBWebAPI.ClientHandler Received HTTP response headers after 14.0184ms - 200
2023-02-08 13:10:56.841 +03:00 [Information] System.Net.Http.HttpClient.WebStoreGBWebAPI.LogicalHandler End processing HTTP request after 19.5498ms - 200
2023-02-08 13:10:57.383 +03:00 [Information] System.Net.Http.HttpClient.WebStoreGBWebAPI.LogicalHandler Start processing HTTP request "POST" https://localhost:5001/api/products
2023-02-08 13:10:57.386 +03:00 [Information] System.Net.Http.HttpClient.WebStoreGBWebAPI.ClientHandler Sending HTTP request "POST" https://localhost:5001/api/products
2023-02-08 13:10:57.392 +03:00 [Information] System.Net.Http.HttpClient.WebStoreGBWebAPI.ClientHandler Received HTTP response headers after 5.5818ms - 200
2023-02-08 13:10:57.394 +03:00 [Information] System.Net.Http.HttpClient.WebStoreGBWebAPI.LogicalHandler End processing HTTP request after 11.5278ms - 200
2023-02-08 13:10:58.249 +03:00 [Information] System.Net.Http.HttpClient.WebStoreGBWebAPI.LogicalHandler Start processing HTTP request "POST" https://localhost:5001/api/products
2023-02-08 13:10:58.253 +03:00 [Information] System.Net.Http.HttpClient.WebStoreGBWebAPI.ClientHandler Sending HTTP request "POST" https://localhost:5001/api/products
2023-02-08 13:10:58.260 +03:00 [Information] System.Net.Http.HttpClient.WebStoreGBWebAPI.ClientHandler Received HTTP response headers after 7.4231ms - 200
2023-02-08 13:10:58.265 +03:00 [Information] System.Net.Http.HttpClient.WebStoreGBWebAPI.LogicalHandler End processing HTTP request after 15.852ms - 200
2023-02-08 13:10:58.404 +03:00 [Information] System.Net.Http.HttpClient.WebStoreGBWebAPI.LogicalHandler Start processing HTTP request "POST" https://localhost:5001/api/products
2023-02-08 13:10:58.407 +03:00 [Information] System.Net.Http.HttpClient.WebStoreGBWebAPI.ClientHandler Sending HTTP request "POST" https://localhost:5001/api/products
2023-02-08 13:10:58.415 +03:00 [Information] System.Net.Http.HttpClient.WebStoreGBWebAPI.ClientHandler Received HTTP response headers after 7.4089ms - 200
2023-02-08 13:10:58.420 +03:00 [Information] System.Net.Http.HttpClient.WebStoreGBWebAPI.LogicalHandler End processing HTTP request after 15.9411ms - 200
2023-02-08 13:16:58.847 +03:00 [Information] System.Net.Http.HttpClient.WebStoreGBWebAPI.LogicalHandler Start processing HTTP request "GET" https://localhost:5001/api/products/sections
2023-02-08 13:16:58.913 +03:00 [Information] System.Net.Http.HttpClient.WebStoreGBWebAPI.ClientHandler Sending HTTP request "GET" https://localhost:5001/api/products/sections
2023-02-08 13:17:05.448 +03:00 [Information] System.Net.Http.HttpClient.WebStoreGBWebAPI.ClientHandler Sending HTTP request "GET" https://localhost:5001/api/products/sections
2023-02-08 13:17:05.747 +03:00 [Information] System.Net.Http.HttpClient.WebStoreGBWebAPI.ClientHandler Received HTTP response headers after 295.006ms - 200
2023-02-08 13:17:05.752 +03:00 [Information] System.Net.Http.HttpClient.WebStoreGBWebAPI.LogicalHandler End processing HTTP request after 6911.2666ms - 200
2023-02-08 13:17:05.908 +03:00 [Information] System.Net.Http.HttpClient.WebStoreGBWebAPI.LogicalHandler Start processing HTTP request "GET" https://localhost:5001/api/products/brands
2023-02-08 13:17:05.911 +03:00 [Information] System.Net.Http.HttpClient.WebStoreGBWebAPI.ClientHandler Sending HTTP request "GET" https://localhost:5001/api/products/brands
2023-02-08 13:17:05.999 +03:00 [Information] System.Net.Http.HttpClient.WebStoreGBWebAPI.ClientHandler Received HTTP response headers after 87.7044ms - 200
2023-02-08 13:17:06.001 +03:00 [Information] System.Net.Http.HttpClient.WebStoreGBWebAPI.LogicalHandler End processing HTTP request after 93.4063ms - 200
2023-02-08 13:17:06.023 +03:00 [Information] System.Net.Http.HttpClient.WebStoreGBWebAPI.LogicalHandler Start processing HTTP request "POST" https://localhost:5001/api/products
2023-02-08 13:17:06.026 +03:00 [Information] System.Net.Http.HttpClient.WebStoreGBWebAPI.ClientHandler Sending HTTP request "POST" https://localhost:5001/api/products
2023-02-08 13:17:06.239 +03:00 [Information] System.Net.Http.HttpClient.WebStoreGBWebAPI.ClientHandler Received HTTP response headers after 212.2514ms - 200
2023-02-08 13:17:06.242 +03:00 [Information] System.Net.Http.HttpClient.WebStoreGBWebAPI.LogicalHandler End processing HTTP request after 219.2344ms - 200
2023-02-08 13:17:06.496 +03:00 [Information] System.Net.Http.HttpClient.WebStoreGBWebAPI.LogicalHandler Start processing HTTP request "POST" https://localhost:5001/api/products
2023-02-08 13:17:06.500 +03:00 [Information] System.Net.Http.HttpClient.WebStoreGBWebAPI.ClientHandler Sending HTTP request "POST" https://localhost:5001/api/products
2023-02-08 13:17:06.514 +03:00 [Information] System.Net.Http.HttpClient.WebStoreGBWebAPI.ClientHandler Received HTTP response headers after 14.0799ms - 200
2023-02-08 13:17:06.517 +03:00 [Information] System.Net.Http.HttpClient.WebStoreGBWebAPI.LogicalHandler End processing HTTP request after 20.9309ms - 200
2023-02-08 13:17:07.034 +03:00 [Information] System.Net.Http.HttpClient.WebStoreGBWebAPI.LogicalHandler Start processing HTTP request "POST" https://localhost:5001/api/products
2023-02-08 13:17:07.037 +03:00 [Information] System.Net.Http.HttpClient.WebStoreGBWebAPI.ClientHandler Sending HTTP request "POST" https://localhost:5001/api/products
2023-02-08 13:17:07.043 +03:00 [Information] System.Net.Http.HttpClient.WebStoreGBWebAPI.ClientHandler Received HTTP response headers after 6.3359ms - 200
2023-02-08 13:17:07.047 +03:00 [Information] System.Net.Http.HttpClient.WebStoreGBWebAPI.LogicalHandler End processing HTTP request after 12.7515ms - 200
2023-02-08 13:17:13.494 +03:00 [Information] System.Net.Http.HttpClient.WebStoreGBWebAPI.LogicalHandler Start processing HTTP request "POST" https://localhost:5001/api/products
2023-02-08 13:17:13.499 +03:00 [Information] System.Net.Http.HttpClient.WebStoreGBWebAPI.ClientHandler Sending HTTP request "POST" https://localhost:5001/api/products
2023-02-08 13:17:13.507 +03:00 [Information] System.Net.Http.HttpClient.WebStoreGBWebAPI.ClientHandler Received HTTP response headers after 7.4062ms - 200
2023-02-08 13:17:13.509 +03:00 [Information] System.Net.Http.HttpClient.WebStoreGBWebAPI.LogicalHandler End processing HTTP request after 15.6076ms - 200
2023-02-08 13:17:13.658 +03:00 [Information] System.Net.Http.HttpClient.WebStoreGBWebAPI.LogicalHandler Start processing HTTP request "POST" https://localhost:5001/api/products
2023-02-08 13:17:13.662 +03:00 [Information] System.Net.Http.HttpClient.WebStoreGBWebAPI.ClientHandler Sending HTTP request "POST" https://localhost:5001/api/products
2023-02-08 13:17:13.670 +03:00 [Information] System.Net.Http.HttpClient.WebStoreGBWebAPI.ClientHandler Received HTTP response headers after 7.2816ms - 200
2023-02-08 13:17:13.674 +03:00 [Information] System.Net.Http.HttpClient.WebStoreGBWebAPI.LogicalHandler End processing HTTP request after 15.7225ms - 200
2023-02-08 13:17:19.765 +03:00 [Information] System.Net.Http.HttpClient.WebStoreGBWebAPI.LogicalHandler Start processing HTTP request "POST" https://localhost:5001/api/products
2023-02-08 13:17:19.770 +03:00 [Information] System.Net.Http.HttpClient.WebStoreGBWebAPI.ClientHandler Sending HTTP request "POST" https://localhost:5001/api/products
2023-02-08 13:17:19.775 +03:00 [Information] System.Net.Http.HttpClient.WebStoreGBWebAPI.ClientHandler Received HTTP response headers after 5.3124ms - 200
2023-02-08 13:17:19.779 +03:00 [Information] System.Net.Http.HttpClient.WebStoreGBWebAPI.LogicalHandler End processing HTTP request after 14.0204ms - 200
2023-02-08 13:17:20.048 +03:00 [Information] System.Net.Http.HttpClient.WebStoreGBWebAPI.LogicalHandler Start processing HTTP request "POST" https://localhost:5001/api/products
2023-02-08 13:17:20.052 +03:00 [Information] System.Net.Http.HttpClient.WebStoreGBWebAPI.ClientHandler Sending HTTP request "POST" https://localhost:5001/api/products
2023-02-08 13:17:20.064 +03:00 [Information] System.Net.Http.HttpClient.WebStoreGBWebAPI.ClientHandler Received HTTP response headers after 11.2149ms - 200
2023-02-08 13:17:20.069 +03:00 [Information] System.Net.Http.HttpClient.WebStoreGBWebAPI.LogicalHandler End processing HTTP request after 21.3677ms - 200
2023-02-08 14:08:04.229 +03:00 [Information] System.Net.Http.HttpClient.WebStoreGBWebAPI.LogicalHandler Start processing HTTP request "GET" https://localhost:5001/api/products/sections
2023-02-08 14:08:04.313 +03:00 [Information] System.Net.Http.HttpClient.WebStoreGBWebAPI.ClientHandler Sending HTTP request "GET" https://localhost:5001/api/products/sections
2023-02-08 14:08:08.932 +03:00 [Information] System.Net.Http.HttpClient.WebStoreGBWebAPI.ClientHandler Received HTTP response headers after 4616.0575ms - 200
2023-02-08 14:08:08.939 +03:00 [Information] System.Net.Http.HttpClient.WebStoreGBWebAPI.LogicalHandler End processing HTTP request after 4722.1351ms - 200
2023-02-08 14:08:09.122 +03:00 [Information] System.Net.Http.HttpClient.WebStoreGBWebAPI.LogicalHandler Start processing HTTP request "GET" https://localhost:5001/api/products/brands
2023-02-08 14:08:09.125 +03:00 [Information] System.Net.Http.HttpClient.WebStoreGBWebAPI.ClientHandler Sending HTTP request "GET" https://localhost:5001/api/products/brands
2023-02-08 14:08:10.016 +03:00 [Information] System.Net.Http.HttpClient.WebStoreGBWebAPI.ClientHandler Received HTTP response headers after 891.1617ms - 200
2023-02-08 14:08:10.020 +03:00 [Information] System.Net.Http.HttpClient.WebStoreGBWebAPI.LogicalHandler End processing HTTP request after 898.0221ms - 200
2023-02-08 14:08:10.052 +03:00 [Information] System.Net.Http.HttpClient.WebStoreGBWebAPI.LogicalHandler Start processing HTTP request "POST" https://localhost:5001/api/products
2023-02-08 14:08:10.057 +03:00 [Information] System.Net.Http.HttpClient.WebStoreGBWebAPI.ClientHandler Sending HTTP request "POST" https://localhost:5001/api/products
2023-02-08 14:08:10.310 +03:00 [Information] System.Net.Http.HttpClient.WebStoreGBWebAPI.ClientHandler Received HTTP response headers after 252.7302ms - 200
2023-02-08 14:08:10.314 +03:00 [Information] System.Net.Http.HttpClient.WebStoreGBWebAPI.LogicalHandler End processing HTTP request after 261.5227ms - 200
2023-02-08 14:08:10.573 +03:00 [Information] System.Net.Http.HttpClient.WebStoreGBWebAPI.LogicalHandler Start processing HTTP request "POST" https://localhost:5001/api/products
2023-02-08 14:08:10.575 +03:00 [Information] System.Net.Http.HttpClient.WebStoreGBWebAPI.ClientHandler Sending HTTP request "POST" https://localhost:5001/api/products
2023-02-08 14:08:10.587 +03:00 [Information] System.Net.Http.HttpClient.WebStoreGBWebAPI.ClientHandler Received HTTP response headers after 11.1452ms - 200
2023-02-08 14:08:10.590 +03:00 [Information] System.Net.Http.HttpClient.WebStoreGBWebAPI.LogicalHandler End processing HTTP request after 17.7023ms - 200
2023-02-08 14:08:11.128 +03:00 [Information] System.Net.Http.HttpClient.WebStoreGBWebAPI.LogicalHandler Start processing HTTP request "POST" https://localhost:5001/api/products
2023-02-08 14:08:11.131 +03:00 [Information] System.Net.Http.HttpClient.WebStoreGBWebAPI.ClientHandler Sending HTTP request "POST" https://localhost:5001/api/products
2023-02-08 14:08:11.139 +03:00 [Information] System.Net.Http.HttpClient.WebStoreGBWebAPI.ClientHandler Received HTTP response headers after 7.2554ms - 200
2023-02-08 14:08:11.142 +03:00 [Information] System.Net.Http.HttpClient.WebStoreGBWebAPI.LogicalHandler End processing HTTP request after 14.0954ms - 200
2023-02-08 14:08:13.380 +03:00 [Information] System.Net.Http.HttpClient.WebStoreGBWebAPI.LogicalHandler Start processing HTTP request "POST" https://localhost:5001/api/products
2023-02-08 14:08:13.384 +03:00 [Information] System.Net.Http.HttpClient.WebStoreGBWebAPI.ClientHandler Sending HTTP request "POST" https://localhost:5001/api/products
2023-02-08 14:08:13.390 +03:00 [Information] System.Net.Http.HttpClient.WebStoreGBWebAPI.ClientHandler Received HTTP response headers after 6.2133ms - 200
2023-02-08 14:08:13.393 +03:00 [Information] System.Net.Http.HttpClient.WebStoreGBWebAPI.LogicalHandler End processing HTTP request after 12.694ms - 200
2023-02-08 14:08:13.534 +03:00 [Information] System.Net.Http.HttpClient.WebStoreGBWebAPI.LogicalHandler Start processing HTTP request "POST" https://localhost:5001/api/products
2023-02-08 14:08:13.540 +03:00 [Information] System.Net.Http.HttpClient.WebStoreGBWebAPI.ClientHandler Sending HTTP request "POST" https://localhost:5001/api/products
2023-02-08 14:08:13.547 +03:00 [Information] System.Net.Http.HttpClient.WebStoreGBWebAPI.ClientHandler Received HTTP response headers after 7.2119ms - 200
2023-02-08 14:08:13.550 +03:00 [Information] System.Net.Http.HttpClient.WebStoreGBWebAPI.LogicalHandler End processing HTTP request after 15.7209ms - 200
2023-02-08 14:08:59.913 +03:00 [Information] System.Net.Http.HttpClient.WebStoreGBWebAPI.LogicalHandler Start processing HTTP request "GET" https://localhost:5001/api/products/sections
2023-02-08 14:08:59.917 +03:00 [Information] System.Net.Http.HttpClient.WebStoreGBWebAPI.ClientHandler Sending HTTP request "GET" https://localhost:5001/api/products/sections
2023-02-08 14:08:59.924 +03:00 [Information] System.Net.Http.HttpClient.WebStoreGBWebAPI.ClientHandler Received HTTP response headers after 6.6569ms - 200
2023-02-08 14:08:59.928 +03:00 [Information] System.Net.Http.HttpClient.WebStoreGBWebAPI.LogicalHandler End processing HTTP request after 15.0851ms - 200
2023-02-08 14:08:59.931 +03:00 [Information] System.Net.Http.HttpClient.WebStoreGBWebAPI.LogicalHandler Start processing HTTP request "GET" https://localhost:5001/api/products/brands
2023-02-08 14:08:59.935 +03:00 [Information] System.Net.Http.HttpClient.WebStoreGBWebAPI.ClientHandler Sending HTTP request "GET" https://localhost:5001/api/products/brands
2023-02-08 14:08:59.940 +03:00 [Information] System.Net.Http.HttpClient.WebStoreGBWebAPI.ClientHandler Received HTTP response headers after 4.7555ms - 200
2023-02-08 14:08:59.942 +03:00 [Information] System.Net.Http.HttpClient.WebStoreGBWebAPI.LogicalHandler End processing HTTP request after 10.9259ms - 200
2023-02-08 14:08:59.945 +03:00 [Information] System.Net.Http.HttpClient.WebStoreGBWebAPI.LogicalHandler Start processing HTTP request "POST" https://localhost:5001/api/products
2023-02-08 14:08:59.949 +03:00 [Information] System.Net.Http.HttpClient.WebStoreGBWebAPI.ClientHandler Sending HTTP request "POST" https://localhost:5001/api/products
2023-02-08 14:08:59.955 +03:00 [Information] System.Net.Http.HttpClient.WebStoreGBWebAPI.ClientHandler Received HTTP response headers after 6.6547ms - 200
2023-02-08 14:08:59.959 +03:00 [Information] System.Net.Http.HttpClient.WebStoreGBWebAPI.LogicalHandler End processing HTTP request after 13.5476ms - 200
2023-02-08 14:08:59.962 +03:00 [Information] System.Net.Http.HttpClient.WebStoreGBWebAPI.LogicalHandler Start processing HTTP request "POST" https://localhost:5001/api/products
2023-02-08 14:08:59.966 +03:00 [Information] System.Net.Http.HttpClient.WebStoreGBWebAPI.ClientHandler Sending HTTP request "POST" https://localhost:5001/api/products
2023-02-08 14:08:59.973 +03:00 [Information] System.Net.Http.HttpClient.WebStoreGBWebAPI.ClientHandler Received HTTP response headers after 7.425ms - 200
2023-02-08 14:08:59.976 +03:00 [Information] System.Net.Http.HttpClient.WebStoreGBWebAPI.LogicalHandler End processing HTTP request after 13.7233ms - 200
2023-02-08 14:09:00.165 +03:00 [Information] System.Net.Http.HttpClient.WebStoreGBWebAPI.LogicalHandler Start processing HTTP request "POST" https://localhost:5001/api/products
2023-02-08 14:09:00.170 +03:00 [Information] System.Net.Http.HttpClient.WebStoreGBWebAPI.ClientHandler Sending HTTP request "POST" https://localhost:5001/api/products
2023-02-08 14:09:00.178 +03:00 [Information] System.Net.Http.HttpClient.WebStoreGBWebAPI.ClientHandler Received HTTP response headers after 8.4373ms - 200
2023-02-08 14:09:00.182 +03:00 [Information] System.Net.Http.HttpClient.WebStoreGBWebAPI.LogicalHandler End processing HTTP request after 16.8333ms - 200
2023-02-08 14:20:18.147 +03:00 [Information] System.Net.Http.HttpClient.WebStoreGBWebAPI.LogicalHandler Start processing HTTP request "GET" https://localhost:5001/api/products/sections
2023-02-08 14:20:18.211 +03:00 [Information] System.Net.Http.HttpClient.WebStoreGBWebAPI.ClientHandler Sending HTTP request "GET" https://localhost:5001/api/products/sections
2023-02-08 14:21:41.198 +03:00 [Information] System.Net.Http.HttpClient.WebStoreGBWebAPI.LogicalHandler Start processing HTTP request "GET" https://localhost:5001/api/products/sections
2023-02-08 14:21:41.263 +03:00 [Information] System.Net.Http.HttpClient.WebStoreGBWebAPI.ClientHandler Sending HTTP request "GET" https://localhost:5001/api/products/sections
2023-02-08 14:21:43.277 +03:00 [Information] System.Net.Http.HttpClient.WebStoreGBWebAPI.ClientHandler Received HTTP response headers after 2009.8253ms - 200
2023-02-08 14:21:43.285 +03:00 [Information] System.Net.Http.HttpClient.WebStoreGBWebAPI.LogicalHandler End processing HTTP request after 2096.2992ms - 200
2023-02-08 14:21:43.437 +03:00 [Information] System.Net.Http.HttpClient.WebStoreGBWebAPI.LogicalHandler Start processing HTTP request "GET" https://localhost:5001/api/products/brands
2023-02-08 14:21:43.440 +03:00 [Information] System.Net.Http.HttpClient.WebStoreGBWebAPI.ClientHandler Sending HTTP request "GET" https://localhost:5001/api/products/brands
2023-02-08 14:21:43.509 +03:00 [Information] System.Net.Http.HttpClient.WebStoreGBWebAPI.ClientHandler Received HTTP response headers after 69.1471ms - 200
2023-02-08 14:21:43.512 +03:00 [Information] System.Net.Http.HttpClient.WebStoreGBWebAPI.LogicalHandler End processing HTTP request after 74.6751ms - 200
2023-02-08 14:21:43.537 +03:00 [Information] System.Net.Http.HttpClient.WebStoreGBWebAPI.LogicalHandler Start processing HTTP request "POST" https://localhost:5001/api/products
2023-02-08 14:21:43.541 +03:00 [Information] System.Net.Http.HttpClient.WebStoreGBWebAPI.ClientHandler Sending HTTP request "POST" https://localhost:5001/api/products
2023-02-08 14:21:43.741 +03:00 [Information] System.Net.Http.HttpClient.WebStoreGBWebAPI.ClientHandler Received HTTP response headers after 200.0205ms - 200
2023-02-08 14:21:43.744 +03:00 [Information] System.Net.Http.HttpClient.WebStoreGBWebAPI.LogicalHandler End processing HTTP request after 206.5406ms - 200
2023-02-08 14:21:44.092 +03:00 [Information] System.Net.Http.HttpClient.WebStoreGBWebAPI.LogicalHandler Start processing HTTP request "POST" https://localhost:5001/api/products
2023-02-08 14:21:44.094 +03:00 [Information] System.Net.Http.HttpClient.WebStoreGBWebAPI.ClientHandler Sending HTTP request "POST" https://localhost:5001/api/products
2023-02-08 14:21:44.107 +03:00 [Information] System.Net.Http.HttpClient.WebStoreGBWebAPI.ClientHandler Received HTTP response headers after 12.7762ms - 200
2023-02-08 14:21:44.110 +03:00 [Information] System.Net.Http.HttpClient.WebStoreGBWebAPI.LogicalHandler End processing HTTP request after 18.7234ms - 200
2023-02-08 14:21:44.709 +03:00 [Information] System.Net.Http.HttpClient.WebStoreGBWebAPI.LogicalHandler Start processing HTTP request "POST" https://localhost:5001/api/products
2023-02-08 14:21:44.712 +03:00 [Information] System.Net.Http.HttpClient.WebStoreGBWebAPI.ClientHandler Sending HTTP request "POST" https://localhost:5001/api/products
2023-02-08 14:21:44.720 +03:00 [Information] System.Net.Http.HttpClient.WebStoreGBWebAPI.ClientHandler Received HTTP response headers after 7.6782ms - 200
2023-02-08 14:21:44.723 +03:00 [Information] System.Net.Http.HttpClient.WebStoreGBWebAPI.LogicalHandler End processing HTTP request after 14.6305ms - 200
2023-02-08 14:22:11.675 +03:00 [Information] System.Net.Http.HttpClient.WebStoreGBWebAPI.LogicalHandler Start processing HTTP request "POST" https://localhost:5001/api/products
2023-02-08 14:22:11.679 +03:00 [Information] System.Net.Http.HttpClient.WebStoreGBWebAPI.ClientHandler Sending HTTP request "POST" https://localhost:5001/api/products
2023-02-08 14:22:11.687 +03:00 [Information] System.Net.Http.HttpClient.WebStoreGBWebAPI.ClientHandler Received HTTP response headers after 8.5747ms - 200
2023-02-08 14:22:11.690 +03:00 [Information] System.Net.Http.HttpClient.WebStoreGBWebAPI.LogicalHandler End processing HTTP request after 15.2935ms - 200
2023-02-08 14:22:11.840 +03:00 [Information] System.Net.Http.HttpClient.WebStoreGBWebAPI.LogicalHandler Start processing HTTP request "POST" https://localhost:5001/api/products
2023-02-08 14:22:11.844 +03:00 [Information] System.Net.Http.HttpClient.WebStoreGBWebAPI.ClientHandler Sending HTTP request "POST" https://localhost:5001/api/products
2023-02-08 14:22:11.853 +03:00 [Information] System.Net.Http.HttpClient.WebStoreGBWebAPI.ClientHandler Received HTTP response headers after 9.3341ms - 200
2023-02-08 14:22:11.857 +03:00 [Information] System.Net.Http.HttpClient.WebStoreGBWebAPI.LogicalHandler End processing HTTP request after 17.327ms - 200
2023-02-08 15:21:06.109 +03:00 [Information] System.Net.Http.HttpClient.WebStoreGBWebAPI.LogicalHandler Start processing HTTP request "GET" https://localhost:5001/api/products/sections
2023-02-08 15:21:06.178 +03:00 [Information] System.Net.Http.HttpClient.WebStoreGBWebAPI.ClientHandler Sending HTTP request "GET" https://localhost:5001/api/products/sections
2023-02-08 15:21:12.733 +03:00 [Information] System.Net.Http.HttpClient.WebStoreGBWebAPI.ClientHandler Sending HTTP request "GET" https://localhost:5001/api/products/sections
2023-02-08 15:21:15.208 +03:00 [Information] System.Net.Http.HttpClient.WebStoreGBWebAPI.ClientHandler Received HTTP response headers after 2470.9421ms - 200
2023-02-08 15:21:15.213 +03:00 [Information] System.Net.Http.HttpClient.WebStoreGBWebAPI.LogicalHandler End processing HTTP request after 9112.6981ms - 200
2023-02-08 15:21:15.377 +03:00 [Information] System.Net.Http.HttpClient.WebStoreGBWebAPI.LogicalHandler Start processing HTTP request "GET" https://localhost:5001/api/products/brands
2023-02-08 15:21:15.389 +03:00 [Information] System.Net.Http.HttpClient.WebStoreGBWebAPI.ClientHandler Sending HTTP request "GET" https://localhost:5001/api/products/brands
2023-02-08 15:21:15.465 +03:00 [Information] System.Net.Http.HttpClient.WebStoreGBWebAPI.ClientHandler Received HTTP response headers after 76.4634ms - 200
2023-02-08 15:21:15.468 +03:00 [Information] System.Net.Http.HttpClient.WebStoreGBWebAPI.LogicalHandler End processing HTTP request after 91.3089ms - 200
2023-02-08 15:21:15.496 +03:00 [Information] System.Net.Http.HttpClient.WebStoreGBWebAPI.LogicalHandler Start processing HTTP request "POST" https://localhost:5001/api/products
2023-02-08 15:21:15.499 +03:00 [Information] System.Net.Http.HttpClient.WebStoreGBWebAPI.ClientHandler Sending HTTP request "POST" https://localhost:5001/api/products
2023-02-08 15:21:15.692 +03:00 [Information] System.Net.Http.HttpClient.WebStoreGBWebAPI.ClientHandler Received HTTP response headers after 192.8583ms - 200
2023-02-08 15:21:15.696 +03:00 [Information] System.Net.Http.HttpClient.WebStoreGBWebAPI.LogicalHandler End processing HTTP request after 199.435ms - 200
2023-02-08 15:21:16.013 +03:00 [Information] System.Net.Http.HttpClient.WebStoreGBWebAPI.LogicalHandler Start processing HTTP request "POST" https://localhost:5001/api/products
2023-02-08 15:21:16.016 +03:00 [Information] System.Net.Http.HttpClient.WebStoreGBWebAPI.ClientHandler Sending HTTP request "POST" https://localhost:5001/api/products
2023-02-08 15:21:16.028 +03:00 [Information] System.Net.Http.HttpClient.WebStoreGBWebAPI.ClientHandler Received HTTP response headers after 12.4764ms - 200
2023-02-08 15:21:16.031 +03:00 [Information] System.Net.Http.HttpClient.WebStoreGBWebAPI.LogicalHandler End processing HTTP request after 18.7804ms - 200
2023-02-08 15:21:16.688 +03:00 [Information] System.Net.Http.HttpClient.WebStoreGBWebAPI.LogicalHandler Start processing HTTP request "POST" https://localhost:5001/api/products
2023-02-08 15:21:16.691 +03:00 [Information] System.Net.Http.HttpClient.WebStoreGBWebAPI.ClientHandler Sending HTTP request "POST" https://localhost:5001/api/products
2023-02-08 15:21:16.697 +03:00 [Information] System.Net.Http.HttpClient.WebStoreGBWebAPI.ClientHandler Received HTTP response headers after 5.4035ms - 200
2023-02-08 15:21:16.700 +03:00 [Information] System.Net.Http.HttpClient.WebStoreGBWebAPI.LogicalHandler End processing HTTP request after 12.1216ms - 200
