2023-01-29 18:56:20.360 +03:00 [Information] Start processing HTTP request "GET" https://localhost:5001/api/products/sections
2023-01-29 18:56:20.407 +03:00 [Information] Sending HTTP request "GET" https://localhost:5001/api/products/sections
2023-01-29 18:56:23.146 +03:00 [Information] Received HTTP response headers after 2734.7976ms - 200
2023-01-29 18:56:23.152 +03:00 [Information] End processing HTTP request after 2799.1279ms - 200
2023-01-29 18:56:23.638 +03:00 [Information] Start processing HTTP request "GET" https://localhost:5001/api/products/brands
2023-01-29 18:56:23.641 +03:00 [Information] Sending HTTP request "GET" https://localhost:5001/api/products/brands
2023-01-29 18:56:23.727 +03:00 [Information] Received HTTP response headers after 86.0326ms - 200
2023-01-29 18:56:23.731 +03:00 [Information] End processing HTTP request after 92.9547ms - 200
2023-01-29 18:56:23.753 +03:00 [Information] Start processing HTTP request "POST" https://localhost:5001/api/products
2023-01-29 18:56:23.755 +03:00 [Information] Sending HTTP request "POST" https://localhost:5001/api/products
2023-01-29 18:56:23.895 +03:00 [Information] Received HTTP response headers after 140.0534ms - 200
2023-01-29 18:56:23.899 +03:00 [Information] End processing HTTP request after 146.1899ms - 200
2023-01-29 18:56:31.316 +03:00 [Information] Start processing HTTP request "POST" https://localhost:5001/api/products
2023-01-29 18:56:31.320 +03:00 [Information] Sending HTTP request "POST" https://localhost:5001/api/products
2023-01-29 18:56:31.338 +03:00 [Information] Received HTTP response headers after 17.6847ms - 200
2023-01-29 18:56:31.342 +03:00 [Information] End processing HTTP request after 25.7451ms - 200
2023-01-29 18:56:31.387 +03:00 [Information] Start processing HTTP request "GET" https://localhost:5001/api/products/sections/30
2023-01-29 18:56:31.390 +03:00 [Information] Sending HTTP request "GET" https://localhost:5001/api/products/sections/30
2023-01-29 18:56:31.404 +03:00 [Information] Received HTTP response headers after 13.0389ms - 200
2023-01-29 18:56:31.407 +03:00 [Information] End processing HTTP request after 19.8686ms - 200
2023-01-29 18:56:31.411 +03:00 [Information] Start processing HTTP request "GET" https://localhost:5001/api/products/sections/10
2023-01-29 18:56:31.414 +03:00 [Information] Sending HTTP request "GET" https://localhost:5001/api/products/sections/10
2023-01-29 18:56:31.419 +03:00 [Information] Received HTTP response headers after 5.3312ms - 200
2023-01-29 18:56:31.423 +03:00 [Information] End processing HTTP request after 11.867ms - 200
2023-01-29 18:56:31.434 +03:00 [Information] Start processing HTTP request "GET" https://localhost:5001/api/products/sections
2023-01-29 18:56:31.438 +03:00 [Information] Sending HTTP request "GET" https://localhost:5001/api/products/sections
2023-01-29 18:56:31.442 +03:00 [Information] Received HTTP response headers after 4.4074ms - 200
2023-01-29 18:56:31.445 +03:00 [Information] End processing HTTP request after 10.8209ms - 200
2023-01-29 18:56:31.450 +03:00 [Information] Start processing HTTP request "GET" https://localhost:5001/api/products/brands
2023-01-29 18:56:31.453 +03:00 [Information] Sending HTTP request "GET" https://localhost:5001/api/products/brands
2023-01-29 18:56:31.458 +03:00 [Information] Received HTTP response headers after 4.7383ms - 200
2023-01-29 18:56:31.461 +03:00 [Information] End processing HTTP request after 11.2376ms - 200
2023-01-29 18:56:49.413 +03:00 [Information] Start processing HTTP request "POST" https://localhost:5001/api/products
2023-01-29 18:56:49.417 +03:00 [Information] Sending HTTP request "POST" https://localhost:5001/api/products
2023-01-29 18:56:49.430 +03:00 [Information] Received HTTP response headers after 13.1362ms - 200
2023-01-29 18:56:49.434 +03:00 [Information] End processing HTTP request after 20.9855ms - 200
2023-01-29 18:56:49.438 +03:00 [Information] Start processing HTTP request "GET" https://localhost:5001/api/products/brands/6
2023-01-29 18:56:49.441 +03:00 [Information] Sending HTTP request "GET" https://localhost:5001/api/products/brands/6
2023-01-29 18:56:49.453 +03:00 [Information] Received HTTP response headers after 11.9403ms - 200
2023-01-29 18:56:49.456 +03:00 [Information] End processing HTTP request after 18.1879ms - 200
2023-01-29 18:56:49.460 +03:00 [Information] Start processing HTTP request "GET" https://localhost:5001/api/products/sections
2023-01-29 18:56:49.463 +03:00 [Information] Sending HTTP request "GET" https://localhost:5001/api/products/sections
2023-01-29 18:56:49.468 +03:00 [Information] Received HTTP response headers after 4.8667ms - 200
2023-01-29 18:56:49.470 +03:00 [Information] End processing HTTP request after 10.5678ms - 200
2023-01-29 18:56:49.475 +03:00 [Information] Start processing HTTP request "GET" https://localhost:5001/api/products/brands
2023-01-29 18:56:49.477 +03:00 [Information] Sending HTTP request "GET" https://localhost:5001/api/products/brands
2023-01-29 18:56:49.482 +03:00 [Information] Received HTTP response headers after 4.4887ms - 200
2023-01-29 18:56:49.484 +03:00 [Information] End processing HTTP request after 9.6188ms - 200
