2023-02-08 13:09:43.493 +03:00 [Information] Start processing HTTP request "GET" https://localhost:5001/api/products/sections
2023-02-08 13:09:43.554 +03:00 [Information] Sending HTTP request "GET" https://localhost:5001/api/products/sections
2023-02-08 13:09:45.697 +03:00 [Information] Received HTTP response headers after 2139.3091ms - 200
2023-02-08 13:09:45.711 +03:00 [Information] End processing HTTP request after 2224.8363ms - 200
2023-02-08 13:09:45.914 +03:00 [Information] Start processing HTTP request "GET" https://localhost:5001/api/products/brands
2023-02-08 13:09:45.918 +03:00 [Information] Sending HTTP request "GET" https://localhost:5001/api/products/brands
2023-02-08 13:09:45.992 +03:00 [Information] Received HTTP response headers after 74.7579ms - 200
2023-02-08 13:09:45.995 +03:00 [Information] End processing HTTP request after 81.0198ms - 200
2023-02-08 13:09:46.014 +03:00 [Information] Start processing HTTP request "POST" https://localhost:5001/api/products
2023-02-08 13:09:46.018 +03:00 [Information] Sending HTTP request "POST" https://localhost:5001/api/products
2023-02-08 13:09:46.190 +03:00 [Information] Received HTTP response headers after 171.4465ms - 200
2023-02-08 13:09:46.192 +03:00 [Information] End processing HTTP request after 178.2815ms - 200
2023-02-08 13:09:46.476 +03:00 [Information] Start processing HTTP request "POST" https://localhost:5001/api/products
2023-02-08 13:09:46.480 +03:00 [Information] Sending HTTP request "POST" https://localhost:5001/api/products
2023-02-08 13:09:46.495 +03:00 [Information] Received HTTP response headers after 15.5277ms - 200
2023-02-08 13:09:46.499 +03:00 [Information] End processing HTTP request after 22.8804ms - 200
2023-02-08 13:09:47.060 +03:00 [Information] Start processing HTTP request "POST" https://localhost:5001/api/products
2023-02-08 13:09:47.063 +03:00 [Information] Sending HTTP request "POST" https://localhost:5001/api/products
2023-02-08 13:09:47.069 +03:00 [Information] Received HTTP response headers after 5.7135ms - 200
2023-02-08 13:09:47.071 +03:00 [Information] End processing HTTP request after 11.1964ms - 200
2023-02-08 13:09:47.861 +03:00 [Information] Start processing HTTP request "POST" https://localhost:5001/api/products
2023-02-08 13:09:47.865 +03:00 [Information] Sending HTTP request "POST" https://localhost:5001/api/products
2023-02-08 13:09:47.871 +03:00 [Information] Received HTTP response headers after 6.8321ms - 200
2023-02-08 13:09:47.874 +03:00 [Information] End processing HTTP request after 13.1276ms - 200
2023-02-08 13:09:48.020 +03:00 [Information] Start processing HTTP request "POST" https://localhost:5001/api/products
2023-02-08 13:09:48.023 +03:00 [Information] Sending HTTP request "POST" https://localhost:5001/api/products
2023-02-08 13:09:48.030 +03:00 [Information] Received HTTP response headers after 6.9023ms - 200
2023-02-08 13:09:48.033 +03:00 [Information] End processing HTTP request after 12.874ms - 200
