2023-02-08 13:07:54.749 +03:00 [Information] Start processing HTTP request "GET" https://localhost:5001/api/products/sections
2023-02-08 13:07:54.814 +03:00 [Information] Sending HTTP request "GET" https://localhost:5001/api/products/sections
2023-02-08 13:07:56.401 +03:00 [Information] Received HTTP response headers after 1582.6418ms - 200
2023-02-08 13:07:56.409 +03:00 [Information] End processing HTTP request after 1666.5955ms - 200
2023-02-08 13:07:56.568 +03:00 [Information] Start processing HTTP request "GET" https://localhost:5001/api/products/brands
2023-02-08 13:07:56.580 +03:00 [Information] Sending HTTP request "GET" https://localhost:5001/api/products/brands
2023-02-08 13:07:56.663 +03:00 [Information] Received HTTP response headers after 83.2148ms - 200
2023-02-08 13:07:56.666 +03:00 [Information] End processing HTTP request after 97.8842ms - 200
2023-02-08 13:07:56.695 +03:00 [Information] Start processing HTTP request "POST" https://localhost:5001/api/products
2023-02-08 13:07:56.699 +03:00 [Information] Sending HTTP request "POST" https://localhost:5001/api/products
2023-02-08 13:07:56.897 +03:00 [Information] Received HTTP response headers after 197.6292ms - 200
2023-02-08 13:07:56.900 +03:00 [Information] End processing HTTP request after 205.3046ms - 200
2023-02-08 13:07:57.175 +03:00 [Information] Start processing HTTP request "POST" https://localhost:5001/api/products
2023-02-08 13:07:57.178 +03:00 [Information] Sending HTTP request "POST" https://localhost:5001/api/products
2023-02-08 13:07:57.191 +03:00 [Information] Received HTTP response headers after 12.6539ms - 200
2023-02-08 13:07:57.194 +03:00 [Information] End processing HTTP request after 18.5733ms - 200
2023-02-08 13:07:57.710 +03:00 [Information] Start processing HTTP request "POST" https://localhost:5001/api/products
2023-02-08 13:07:57.714 +03:00 [Information] Sending HTTP request "POST" https://localhost:5001/api/products
2023-02-08 13:07:57.720 +03:00 [Information] Received HTTP response headers after 6.3576ms - 200
2023-02-08 13:07:57.724 +03:00 [Information] End processing HTTP request after 13.6795ms - 200
2023-02-08 13:08:02.606 +03:00 [Information] Start processing HTTP request "POST" https://localhost:5001/api/products
2023-02-08 13:08:02.609 +03:00 [Information] Sending HTTP request "POST" https://localhost:5001/api/products
2023-02-08 13:08:02.615 +03:00 [Information] Received HTTP response headers after 5.8694ms - 200
2023-02-08 13:08:02.618 +03:00 [Information] End processing HTTP request after 11.9478ms - 200
2023-02-08 13:08:02.760 +03:00 [Information] Start processing HTTP request "POST" https://localhost:5001/api/products
2023-02-08 13:08:02.764 +03:00 [Information] Sending HTTP request "POST" https://localhost:5001/api/products
2023-02-08 13:08:02.771 +03:00 [Information] Received HTTP response headers after 6.5425ms - 200
2023-02-08 13:08:02.774 +03:00 [Information] End processing HTTP request after 13.7444ms - 200
