2023-02-06 14:29:20.627 +03:00 [Information] Start processing HTTP request "GET" https://localhost:5001/api/products/sections
2023-02-06 14:29:20.687 +03:00 [Information] Sending HTTP request "GET" https://localhost:5001/api/products/sections
2023-02-06 14:29:23.301 +03:00 [Information] Received HTTP response headers after 2609.8944ms - 200
2023-02-06 14:29:23.310 +03:00 [Information] End processing HTTP request after 2688.3847ms - 200
2023-02-06 14:29:23.512 +03:00 [Information] Start processing HTTP request "GET" https://localhost:5001/api/products/brands
2023-02-06 14:29:23.515 +03:00 [Information] Sending HTTP request "GET" https://localhost:5001/api/products/brands
2023-02-06 14:29:23.591 +03:00 [Information] Received HTTP response headers after 75.8271ms - 200
2023-02-06 14:29:23.594 +03:00 [Information] End processing HTTP request after 81.3583ms - 200
2023-02-06 14:29:23.626 +03:00 [Information] Start processing HTTP request "POST" https://localhost:5001/api/products
2023-02-06 14:29:23.629 +03:00 [Information] Sending HTTP request "POST" https://localhost:5001/api/products
2023-02-06 14:29:23.815 +03:00 [Information] Received HTTP response headers after 186.2381ms - 200
2023-02-06 14:29:23.820 +03:00 [Information] End processing HTTP request after 193.5165ms - 200
2023-02-06 14:29:24.125 +03:00 [Information] Start processing HTTP request "POST" https://localhost:5001/api/products
2023-02-06 14:29:24.127 +03:00 [Information] Sending HTTP request "POST" https://localhost:5001/api/products
2023-02-06 14:29:24.139 +03:00 [Information] Received HTTP response headers after 11.5852ms - 200
2023-02-06 14:29:24.142 +03:00 [Information] End processing HTTP request after 17.1085ms - 200
2023-02-06 14:29:24.643 +03:00 [Information] Start processing HTTP request "POST" https://localhost:5001/api/products
2023-02-06 14:29:24.647 +03:00 [Information] Sending HTTP request "POST" https://localhost:5001/api/products
2023-02-06 14:29:24.654 +03:00 [Information] Received HTTP response headers after 7.2134ms - 200
2023-02-06 14:29:24.657 +03:00 [Information] End processing HTTP request after 13.9004ms - 200
2023-02-06 14:29:27.969 +03:00 [Information] Start processing HTTP request "POST" https://localhost:5001/api/products
2023-02-06 14:29:27.972 +03:00 [Information] Sending HTTP request "POST" https://localhost:5001/api/products
2023-02-06 14:29:28.002 +03:00 [Information] Received HTTP response headers after 30.0067ms - 200
2023-02-06 14:29:28.006 +03:00 [Information] End processing HTTP request after 36.9485ms - 200
2023-02-06 14:29:28.026 +03:00 [Information] Start processing HTTP request "GET" https://localhost:5001/api/products/sections
2023-02-06 14:29:28.029 +03:00 [Information] Sending HTTP request "GET" https://localhost:5001/api/products/sections
2023-02-06 14:29:28.034 +03:00 [Information] Received HTTP response headers after 5.0117ms - 200
2023-02-06 14:29:28.037 +03:00 [Information] End processing HTTP request after 11.8ms - 200
2023-02-06 14:29:28.042 +03:00 [Information] Start processing HTTP request "GET" https://localhost:5001/api/products/brands
2023-02-06 14:29:28.046 +03:00 [Information] Sending HTTP request "GET" https://localhost:5001/api/products/brands
2023-02-06 14:29:28.054 +03:00 [Information] Received HTTP response headers after 7.9772ms - 200
2023-02-06 14:29:28.056 +03:00 [Information] End processing HTTP request after 14.1941ms - 200
2023-02-06 14:29:28.069 +03:00 [Information] Start processing HTTP request "POST" https://localhost:5001/api/products
2023-02-06 14:29:28.072 +03:00 [Information] Sending HTTP request "POST" https://localhost:5001/api/products
2023-02-06 14:29:28.077 +03:00 [Information] Received HTTP response headers after 5.1221ms - 200
2023-02-06 14:29:28.080 +03:00 [Information] End processing HTTP request after 11.2242ms - 200
2023-02-06 14:29:28.231 +03:00 [Information] Start processing HTTP request "POST" https://localhost:5001/api/products
2023-02-06 14:29:28.235 +03:00 [Information] Sending HTTP request "POST" https://localhost:5001/api/products
2023-02-06 14:29:28.243 +03:00 [Information] Received HTTP response headers after 7.7538ms - 200
2023-02-06 14:29:28.248 +03:00 [Information] End processing HTTP request after 16.6329ms - 200
2023-02-06 14:29:30.201 +03:00 [Information] Start processing HTTP request "POST" https://localhost:5001/api/products
2023-02-06 14:29:30.205 +03:00 [Information] Sending HTTP request "POST" https://localhost:5001/api/products
2023-02-06 14:29:30.210 +03:00 [Information] Received HTTP response headers after 5.403ms - 200
2023-02-06 14:29:30.213 +03:00 [Information] End processing HTTP request after 12.3339ms - 200
2023-02-06 14:29:31.813 +03:00 [Information] Start processing HTTP request "POST" https://localhost:5001/api/products
2023-02-06 14:29:31.818 +03:00 [Information] Sending HTTP request "POST" https://localhost:5001/api/products
2023-02-06 14:29:31.841 +03:00 [Information] Received HTTP response headers after 22.886ms - 200
2023-02-06 14:29:31.845 +03:00 [Information] End processing HTTP request after 31.6991ms - 200
2023-02-06 14:29:33.355 +03:00 [Information] Start processing HTTP request "POST" https://localhost:5001/api/products
2023-02-06 14:29:33.359 +03:00 [Information] Sending HTTP request "POST" https://localhost:5001/api/products
2023-02-06 14:29:33.365 +03:00 [Information] Received HTTP response headers after 5.9609ms - 200
2023-02-06 14:29:33.370 +03:00 [Information] End processing HTTP request after 14.7266ms - 200
