2023-02-08 14:08:04.229 +03:00 [Information] Start processing HTTP request "GET" https://localhost:5001/api/products/sections
2023-02-08 14:08:04.313 +03:00 [Information] Sending HTTP request "GET" https://localhost:5001/api/products/sections
2023-02-08 14:08:08.932 +03:00 [Information] Received HTTP response headers after 4616.0575ms - 200
2023-02-08 14:08:08.939 +03:00 [Information] End processing HTTP request after 4722.1351ms - 200
2023-02-08 14:08:09.122 +03:00 [Information] Start processing HTTP request "GET" https://localhost:5001/api/products/brands
2023-02-08 14:08:09.125 +03:00 [Information] Sending HTTP request "GET" https://localhost:5001/api/products/brands
2023-02-08 14:08:10.016 +03:00 [Information] Received HTTP response headers after 891.1617ms - 200
2023-02-08 14:08:10.020 +03:00 [Information] End processing HTTP request after 898.0221ms - 200
2023-02-08 14:08:10.052 +03:00 [Information] Start processing HTTP request "POST" https://localhost:5001/api/products
2023-02-08 14:08:10.057 +03:00 [Information] Sending HTTP request "POST" https://localhost:5001/api/products
2023-02-08 14:08:10.310 +03:00 [Information] Received HTTP response headers after 252.7302ms - 200
2023-02-08 14:08:10.314 +03:00 [Information] End processing HTTP request after 261.5227ms - 200
2023-02-08 14:08:10.573 +03:00 [Information] Start processing HTTP request "POST" https://localhost:5001/api/products
2023-02-08 14:08:10.575 +03:00 [Information] Sending HTTP request "POST" https://localhost:5001/api/products
2023-02-08 14:08:10.587 +03:00 [Information] Received HTTP response headers after 11.1452ms - 200
2023-02-08 14:08:10.590 +03:00 [Information] End processing HTTP request after 17.7023ms - 200
2023-02-08 14:08:11.128 +03:00 [Information] Start processing HTTP request "POST" https://localhost:5001/api/products
2023-02-08 14:08:11.131 +03:00 [Information] Sending HTTP request "POST" https://localhost:5001/api/products
2023-02-08 14:08:11.139 +03:00 [Information] Received HTTP response headers after 7.2554ms - 200
2023-02-08 14:08:11.142 +03:00 [Information] End processing HTTP request after 14.0954ms - 200
2023-02-08 14:08:13.380 +03:00 [Information] Start processing HTTP request "POST" https://localhost:5001/api/products
2023-02-08 14:08:13.384 +03:00 [Information] Sending HTTP request "POST" https://localhost:5001/api/products
2023-02-08 14:08:13.390 +03:00 [Information] Received HTTP response headers after 6.2133ms - 200
2023-02-08 14:08:13.393 +03:00 [Information] End processing HTTP request after 12.694ms - 200
2023-02-08 14:08:13.534 +03:00 [Information] Start processing HTTP request "POST" https://localhost:5001/api/products
2023-02-08 14:08:13.540 +03:00 [Information] Sending HTTP request "POST" https://localhost:5001/api/products
2023-02-08 14:08:13.547 +03:00 [Information] Received HTTP response headers after 7.2119ms - 200
2023-02-08 14:08:13.550 +03:00 [Information] End processing HTTP request after 15.7209ms - 200
2023-02-08 14:08:59.913 +03:00 [Information] Start processing HTTP request "GET" https://localhost:5001/api/products/sections
2023-02-08 14:08:59.917 +03:00 [Information] Sending HTTP request "GET" https://localhost:5001/api/products/sections
2023-02-08 14:08:59.924 +03:00 [Information] Received HTTP response headers after 6.6569ms - 200
2023-02-08 14:08:59.928 +03:00 [Information] End processing HTTP request after 15.0851ms - 200
2023-02-08 14:08:59.931 +03:00 [Information] Start processing HTTP request "GET" https://localhost:5001/api/products/brands
2023-02-08 14:08:59.935 +03:00 [Information] Sending HTTP request "GET" https://localhost:5001/api/products/brands
2023-02-08 14:08:59.940 +03:00 [Information] Received HTTP response headers after 4.7555ms - 200
2023-02-08 14:08:59.942 +03:00 [Information] End processing HTTP request after 10.9259ms - 200
2023-02-08 14:08:59.945 +03:00 [Information] Start processing HTTP request "POST" https://localhost:5001/api/products
2023-02-08 14:08:59.949 +03:00 [Information] Sending HTTP request "POST" https://localhost:5001/api/products
2023-02-08 14:08:59.955 +03:00 [Information] Received HTTP response headers after 6.6547ms - 200
2023-02-08 14:08:59.959 +03:00 [Information] End processing HTTP request after 13.5476ms - 200
2023-02-08 14:08:59.962 +03:00 [Information] Start processing HTTP request "POST" https://localhost:5001/api/products
2023-02-08 14:08:59.966 +03:00 [Information] Sending HTTP request "POST" https://localhost:5001/api/products
2023-02-08 14:08:59.973 +03:00 [Information] Received HTTP response headers after 7.425ms - 200
2023-02-08 14:08:59.976 +03:00 [Information] End processing HTTP request after 13.7233ms - 200
2023-02-08 14:09:00.165 +03:00 [Information] Start processing HTTP request "POST" https://localhost:5001/api/products
2023-02-08 14:09:00.170 +03:00 [Information] Sending HTTP request "POST" https://localhost:5001/api/products
2023-02-08 14:09:00.178 +03:00 [Information] Received HTTP response headers after 8.4373ms - 200
2023-02-08 14:09:00.182 +03:00 [Information] End processing HTTP request after 16.8333ms - 200
