2023-02-05 14:22:44.946 +03:00 [Information] Start processing HTTP request "GET" https://localhost:5001/api/products/sections
2023-02-05 14:22:45.803 +03:00 [Information] Sending HTTP request "GET" https://localhost:5001/api/products/sections
2023-02-05 14:22:54.732 +03:00 [Information] Sending HTTP request "GET" https://localhost:5001/api/products/sections
2023-02-05 14:23:02.884 +03:00 [Information] Sending HTTP request "GET" https://localhost:5001/api/products/sections
2023-02-05 14:23:15.842 +03:00 [Information] Sending HTTP request "GET" https://localhost:5001/api/products/sections
2023-02-05 14:23:16.731 +03:00 [Information] Received HTTP response headers after 879.7534ms - 200
2023-02-05 14:23:16.781 +03:00 [Information] End processing HTTP request after 31863.5835ms - 200
2023-02-05 14:23:17.527 +03:00 [Information] Start processing HTTP request "GET" https://localhost:5001/api/products/brands
2023-02-05 14:23:17.530 +03:00 [Information] Sending HTTP request "GET" https://localhost:5001/api/products/brands
2023-02-05 14:23:17.777 +03:00 [Information] Received HTTP response headers after 246.8589ms - 200
2023-02-05 14:23:17.782 +03:00 [Information] End processing HTTP request after 254.9274ms - 200
2023-02-05 14:23:17.826 +03:00 [Information] Start processing HTTP request "POST" https://localhost:5001/api/products
2023-02-05 14:23:17.830 +03:00 [Information] Sending HTTP request "POST" https://localhost:5001/api/products
2023-02-05 14:23:18.560 +03:00 [Information] Received HTTP response headers after 730.5635ms - 200
2023-02-05 14:23:18.564 +03:00 [Information] End processing HTTP request after 738.3204ms - 200
2023-02-05 14:23:19.558 +03:00 [Information] Start processing HTTP request "POST" https://localhost:5001/api/products
2023-02-05 14:23:19.562 +03:00 [Information] Sending HTTP request "POST" https://localhost:5001/api/products
2023-02-05 14:23:19.576 +03:00 [Information] Received HTTP response headers after 14.0201ms - 200
2023-02-05 14:23:19.580 +03:00 [Information] End processing HTTP request after 22.2749ms - 200
2023-02-05 14:23:21.550 +03:00 [Information] Start processing HTTP request "POST" https://localhost:5001/api/products
2023-02-05 14:23:21.554 +03:00 [Information] Sending HTTP request "POST" https://localhost:5001/api/products
2023-02-05 14:23:21.562 +03:00 [Information] Received HTTP response headers after 7.9157ms - 200
2023-02-05 14:23:21.568 +03:00 [Information] End processing HTTP request after 17.5226ms - 200
2023-02-05 14:24:00.024 +03:00 [Information] Start processing HTTP request "POST" https://localhost:5001/api/products
2023-02-05 14:24:00.028 +03:00 [Information] Sending HTTP request "POST" https://localhost:5001/api/products
2023-02-05 14:24:00.271 +03:00 [Information] Received HTTP response headers after 242.8777ms - 200
2023-02-05 14:24:00.276 +03:00 [Information] End processing HTTP request after 252.317ms - 200
2023-02-05 14:24:02.626 +03:00 [Information] Start processing HTTP request "POST" https://localhost:5001/api/products
2023-02-05 14:24:02.630 +03:00 [Information] Sending HTTP request "POST" https://localhost:5001/api/products
2023-02-05 14:24:02.709 +03:00 [Information] Received HTTP response headers after 78.8852ms - 200
2023-02-05 14:24:02.713 +03:00 [Information] End processing HTTP request after 86.882ms - 200
2023-02-05 14:24:28.059 +03:00 [Information] Start processing HTTP request "GET" https://localhost:5001/api/products/1
2023-02-05 14:24:28.065 +03:00 [Information] Sending HTTP request "GET" https://localhost:5001/api/products/1
2023-02-05 14:24:28.089 +03:00 [Information] Received HTTP response headers after 23.6732ms - 200
2023-02-05 14:24:28.095 +03:00 [Information] End processing HTTP request after 35.2108ms - 200
2023-02-05 14:24:28.133 +03:00 [Information] Start processing HTTP request "GET" https://localhost:5001/api/products/1
2023-02-05 14:24:28.137 +03:00 [Information] Sending HTTP request "GET" https://localhost:5001/api/products/1
2023-02-05 14:24:28.143 +03:00 [Information] Received HTTP response headers after 5.4945ms - 200
2023-02-05 14:24:28.147 +03:00 [Information] End processing HTTP request after 14.5207ms - 200
2023-02-05 14:24:28.161 +03:00 [Information] Start processing HTTP request "GET" https://localhost:5001/api/products/sections
2023-02-05 14:24:28.165 +03:00 [Information] Sending HTTP request "GET" https://localhost:5001/api/products/sections
2023-02-05 14:24:28.175 +03:00 [Information] Received HTTP response headers after 9.2938ms - 200
2023-02-05 14:24:28.180 +03:00 [Information] End processing HTTP request after 19.0569ms - 200
2023-02-05 14:24:28.184 +03:00 [Information] Start processing HTTP request "GET" https://localhost:5001/api/products/brands
2023-02-05 14:24:28.188 +03:00 [Information] Sending HTTP request "GET" https://localhost:5001/api/products/brands
2023-02-05 14:24:28.194 +03:00 [Information] Received HTTP response headers after 6.2059ms - 200
2023-02-05 14:24:28.198 +03:00 [Information] End processing HTTP request after 14.3784ms - 200
2023-02-05 14:24:28.210 +03:00 [Information] Start processing HTTP request "POST" https://localhost:5001/api/products
2023-02-05 14:24:28.214 +03:00 [Information] Sending HTTP request "POST" https://localhost:5001/api/products
2023-02-05 14:24:28.220 +03:00 [Information] Received HTTP response headers after 6.2721ms - 200
2023-02-05 14:24:28.224 +03:00 [Information] End processing HTTP request after 13.3626ms - 200
2023-02-05 14:24:28.438 +03:00 [Information] Start processing HTTP request "POST" https://localhost:5001/api/products
2023-02-05 14:24:28.442 +03:00 [Information] Sending HTTP request "POST" https://localhost:5001/api/products
2023-02-05 14:24:28.449 +03:00 [Information] Received HTTP response headers after 6.8072ms - 200
2023-02-05 14:24:28.453 +03:00 [Information] End processing HTTP request after 15.1761ms - 200
2023-02-05 14:24:30.162 +03:00 [Information] Start processing HTTP request "POST" https://localhost:5001/api/products
2023-02-05 14:24:30.166 +03:00 [Information] Sending HTTP request "POST" https://localhost:5001/api/products
2023-02-05 14:24:30.173 +03:00 [Information] Received HTTP response headers after 6.9667ms - 200
2023-02-05 14:24:30.177 +03:00 [Information] End processing HTTP request after 15.3243ms - 200
