2023-02-06 12:16:59.588 +03:00 [Information] Start processing HTTP request "GET" https://localhost:5001/api/products/sections
2023-02-06 12:16:59.677 +03:00 [Information] Sending HTTP request "GET" https://localhost:5001/api/products/sections
2023-02-06 12:17:06.634 +03:00 [Information] Sending HTTP request "GET" https://localhost:5001/api/products/sections
2023-02-06 12:17:06.874 +03:00 [Information] Received HTTP response headers after 236.4765ms - 200
2023-02-06 12:17:06.880 +03:00 [Information] End processing HTTP request after 7298.5067ms - 200
2023-02-06 12:17:07.002 +03:00 [Information] Start processing HTTP request "GET" https://localhost:5001/api/products/brands
2023-02-06 12:17:07.006 +03:00 [Information] Sending HTTP request "GET" https://localhost:5001/api/products/brands
2023-02-06 12:17:07.064 +03:00 [Information] Received HTTP response headers after 58.6164ms - 200
2023-02-06 12:17:07.068 +03:00 [Information] End processing HTTP request after 65.3741ms - 200
2023-02-06 12:17:07.091 +03:00 [Information] Start processing HTTP request "POST" https://localhost:5001/api/products
2023-02-06 12:17:07.095 +03:00 [Information] Sending HTTP request "POST" https://localhost:5001/api/products
2023-02-06 12:17:07.267 +03:00 [Information] Received HTTP response headers after 171.8038ms - 200
2023-02-06 12:17:07.271 +03:00 [Information] End processing HTTP request after 179.4674ms - 200
2023-02-06 12:17:07.541 +03:00 [Information] Start processing HTTP request "POST" https://localhost:5001/api/products
2023-02-06 12:17:07.545 +03:00 [Information] Sending HTTP request "POST" https://localhost:5001/api/products
2023-02-06 12:17:07.557 +03:00 [Information] Received HTTP response headers after 12.1348ms - 200
2023-02-06 12:17:07.560 +03:00 [Information] End processing HTTP request after 18.6487ms - 200
2023-02-06 12:17:08.221 +03:00 [Information] Start processing HTTP request "POST" https://localhost:5001/api/products
2023-02-06 12:17:08.225 +03:00 [Information] Sending HTTP request "POST" https://localhost:5001/api/products
2023-02-06 12:17:08.232 +03:00 [Information] Received HTTP response headers after 6.9255ms - 200
2023-02-06 12:17:08.235 +03:00 [Information] End processing HTTP request after 14.1584ms - 200
2023-02-06 12:17:16.564 +03:00 [Information] Start processing HTTP request "POST" https://localhost:5001/api/products
2023-02-06 12:17:16.569 +03:00 [Information] Sending HTTP request "POST" https://localhost:5001/api/products
2023-02-06 12:17:16.630 +03:00 [Information] Received HTTP response headers after 60.3512ms - 200
2023-02-06 12:17:16.633 +03:00 [Information] End processing HTTP request after 69.3909ms - 200
2023-02-06 12:17:16.697 +03:00 [Information] Start processing HTTP request "GET" https://localhost:5001/api/products/sections
2023-02-06 12:17:16.706 +03:00 [Information] Sending HTTP request "GET" https://localhost:5001/api/products/sections
2023-02-06 12:17:16.712 +03:00 [Information] Received HTTP response headers after 6.0724ms - 200
2023-02-06 12:17:16.716 +03:00 [Information] End processing HTTP request after 18.1084ms - 200
2023-02-06 12:17:16.721 +03:00 [Information] Start processing HTTP request "GET" https://localhost:5001/api/products/brands
2023-02-06 12:17:16.725 +03:00 [Information] Sending HTTP request "GET" https://localhost:5001/api/products/brands
2023-02-06 12:17:16.730 +03:00 [Information] Received HTTP response headers after 5.0992ms - 200
2023-02-06 12:17:16.734 +03:00 [Information] End processing HTTP request after 12.6813ms - 200
2023-02-06 12:17:16.748 +03:00 [Information] Start processing HTTP request "POST" https://localhost:5001/api/products
2023-02-06 12:17:16.753 +03:00 [Information] Sending HTTP request "POST" https://localhost:5001/api/products
2023-02-06 12:17:16.760 +03:00 [Information] Received HTTP response headers after 7.1187ms - 200
2023-02-06 12:17:16.764 +03:00 [Information] End processing HTTP request after 15.8257ms - 200
2023-02-06 12:17:17.001 +03:00 [Information] Start processing HTTP request "POST" https://localhost:5001/api/products
2023-02-06 12:17:17.005 +03:00 [Information] Sending HTTP request "POST" https://localhost:5001/api/products
2023-02-06 12:17:17.013 +03:00 [Information] Received HTTP response headers after 8.1184ms - 200
2023-02-06 12:17:17.017 +03:00 [Information] End processing HTTP request after 15.8974ms - 200
