2023-02-07 17:15:41.558 +03:00 [Information] Start processing HTTP request "GET" https://localhost:5001/api/products/sections
2023-02-07 17:15:41.620 +03:00 [Information] Sending HTTP request "GET" https://localhost:5001/api/products/sections
2023-02-07 17:15:46.123 +03:00 [Information] Received HTTP response headers after 4498.73ms - 200
2023-02-07 17:15:46.132 +03:00 [Information] End processing HTTP request after 4579.963ms - 200
2023-02-07 17:15:46.377 +03:00 [Information] Start processing HTTP request "GET" https://localhost:5001/api/products/brands
2023-02-07 17:15:46.380 +03:00 [Information] Sending HTTP request "GET" https://localhost:5001/api/products/brands
2023-02-07 17:15:46.542 +03:00 [Information] Received HTTP response headers after 162.4641ms - 200
2023-02-07 17:15:46.545 +03:00 [Information] End processing HTTP request after 167.9883ms - 200
2023-02-07 17:15:46.577 +03:00 [Information] Start processing HTTP request "POST" https://localhost:5001/api/products
2023-02-07 17:15:46.580 +03:00 [Information] Sending HTTP request "POST" https://localhost:5001/api/products
2023-02-07 17:15:46.854 +03:00 [Information] Received HTTP response headers after 274.41ms - 200
2023-02-07 17:15:46.857 +03:00 [Information] End processing HTTP request after 280.3015ms - 200
2023-02-07 17:15:47.259 +03:00 [Information] Start processing HTTP request "POST" https://localhost:5001/api/products
2023-02-07 17:15:47.262 +03:00 [Information] Sending HTTP request "POST" https://localhost:5001/api/products
2023-02-07 17:15:47.275 +03:00 [Information] Received HTTP response headers after 12.4816ms - 200
2023-02-07 17:15:47.278 +03:00 [Information] End processing HTTP request after 19.1967ms - 200
2023-02-07 17:15:48.051 +03:00 [Information] Start processing HTTP request "POST" https://localhost:5001/api/products
2023-02-07 17:15:48.055 +03:00 [Information] Sending HTTP request "POST" https://localhost:5001/api/products
2023-02-07 17:15:48.063 +03:00 [Information] Received HTTP response headers after 8.2632ms - 200
2023-02-07 17:15:48.066 +03:00 [Information] End processing HTTP request after 15.5328ms - 200
2023-02-07 17:15:50.279 +03:00 [Information] Start processing HTTP request "POST" https://localhost:5001/api/products
2023-02-07 17:15:50.283 +03:00 [Information] Sending HTTP request "POST" https://localhost:5001/api/products
2023-02-07 17:15:50.289 +03:00 [Information] Received HTTP response headers after 6.6587ms - 200
2023-02-07 17:15:50.294 +03:00 [Information] End processing HTTP request after 15.257ms - 200
2023-02-07 17:15:50.433 +03:00 [Information] Start processing HTTP request "POST" https://localhost:5001/api/products
2023-02-07 17:15:50.437 +03:00 [Information] Sending HTTP request "POST" https://localhost:5001/api/products
2023-02-07 17:15:50.444 +03:00 [Information] Received HTTP response headers after 6.3469ms - 200
2023-02-07 17:15:50.447 +03:00 [Information] End processing HTTP request after 14.5201ms - 200
2023-02-07 17:15:51.698 +03:00 [Information] Получен запрос к GetJSON - id:13, msg:"Hello JSON!", Delay:2000
2023-02-07 17:15:53.720 +03:00 [Information] Ответ на запрос к GetJSON - id:13, msg:"Hello JSON!", Delay:2000
