2023-01-13 12:06:20.778 +03:00 [Information] Start processing HTTP request "GET" https://localhost:5001/api/products/sections
2023-01-13 12:06:20.825 +03:00 [Information] Sending HTTP request "GET" https://localhost:5001/api/products/sections
2023-01-13 12:06:22.783 +03:00 [Information] Received HTTP response headers after 1953.9673ms - 200
2023-01-13 12:06:22.789 +03:00 [Information] End processing HTTP request after 2020.4758ms - 200
2023-01-13 12:06:22.884 +03:00 [Information] Start processing HTTP request "GET" https://localhost:5001/api/products/brands
2023-01-13 12:06:22.888 +03:00 [Information] Sending HTTP request "GET" https://localhost:5001/api/products/brands
2023-01-13 12:06:22.977 +03:00 [Information] Received HTTP response headers after 89.2732ms - 200
2023-01-13 12:06:22.979 +03:00 [Information] End processing HTTP request after 94.8368ms - 200
2023-01-13 12:06:23.003 +03:00 [Information] Start processing HTTP request "POST" https://localhost:5001/api/products
2023-01-13 12:06:23.007 +03:00 [Information] Sending HTTP request "POST" https://localhost:5001/api/products
2023-01-13 12:06:23.226 +03:00 [Information] Received HTTP response headers after 218.8318ms - 200
2023-01-13 12:06:23.231 +03:00 [Information] End processing HTTP request after 227.5698ms - 200
2023-01-13 12:06:26.882 +03:00 [Information] Start processing HTTP request "POST" https://localhost:5001/api/products
2023-01-13 12:06:26.885 +03:00 [Information] Sending HTTP request "POST" https://localhost:5001/api/products
2023-01-13 12:06:26.970 +03:00 [Information] Received HTTP response headers after 84.5774ms - 200
2023-01-13 12:06:26.974 +03:00 [Information] End processing HTTP request after 92.7251ms - 200
2023-01-13 12:06:34.244 +03:00 [Information] Start processing HTTP request "POST" https://localhost:5001/api/products
2023-01-13 12:06:34.247 +03:00 [Information] Sending HTTP request "POST" https://localhost:5001/api/products
2023-01-13 12:06:34.253 +03:00 [Information] Received HTTP response headers after 6.2274ms - 200
2023-01-13 12:06:34.257 +03:00 [Information] End processing HTTP request after 13.2177ms - 200
2023-01-13 12:06:34.262 +03:00 [Information] Start processing HTTP request "POST" https://localhost:5001/api/orders/Testik3
2023-01-13 12:06:34.265 +03:00 [Information] Sending HTTP request "POST" https://localhost:5001/api/orders/Testik3
2023-01-13 12:06:35.461 +03:00 [Information] Received HTTP response headers after 1196.7835ms - 200
2023-01-13 12:06:35.465 +03:00 [Information] End processing HTTP request after 1202.7914ms - 200
2023-01-13 12:06:39.877 +03:00 [Information] Start processing HTTP request "GET" https://localhost:5001/api/products/sections
2023-01-13 12:06:39.881 +03:00 [Information] Sending HTTP request "GET" https://localhost:5001/api/products/sections
2023-01-13 12:06:39.887 +03:00 [Information] Received HTTP response headers after 5.7854ms - 200
2023-01-13 12:06:39.890 +03:00 [Information] End processing HTTP request after 13.1873ms - 200
2023-01-13 12:06:39.893 +03:00 [Information] Start processing HTTP request "GET" https://localhost:5001/api/products/brands
2023-01-13 12:06:39.896 +03:00 [Information] Sending HTTP request "GET" https://localhost:5001/api/products/brands
2023-01-13 12:06:39.900 +03:00 [Information] Received HTTP response headers after 4.016ms - 200
2023-01-13 12:06:39.904 +03:00 [Information] End processing HTTP request after 10.171ms - 200
2023-01-13 12:06:39.907 +03:00 [Information] Start processing HTTP request "POST" https://localhost:5001/api/products
2023-01-13 12:06:39.910 +03:00 [Information] Sending HTTP request "POST" https://localhost:5001/api/products
2023-01-13 12:06:39.915 +03:00 [Information] Received HTTP response headers after 4.7745ms - 200
2023-01-13 12:06:39.919 +03:00 [Information] End processing HTTP request after 11.5964ms - 200
