2023-01-29 18:57:44.086 +03:00 [Information] Start processing HTTP request "GET" https://localhost:5001/api/products/sections
2023-01-29 18:57:44.134 +03:00 [Information] Sending HTTP request "GET" https://localhost:5001/api/products/sections
2023-01-29 18:57:46.094 +03:00 [Information] Received HTTP response headers after 1956.7354ms - 200
2023-01-29 18:57:46.098 +03:00 [Information] End processing HTTP request after 2018.077ms - 200
2023-01-29 18:57:46.244 +03:00 [Information] Start processing HTTP request "GET" https://localhost:5001/api/products/brands
2023-01-29 18:57:46.248 +03:00 [Information] Sending HTTP request "GET" https://localhost:5001/api/products/brands
2023-01-29 18:57:46.338 +03:00 [Information] Received HTTP response headers after 90.2601ms - 200
2023-01-29 18:57:46.342 +03:00 [Information] End processing HTTP request after 97.5498ms - 200
2023-01-29 18:57:46.378 +03:00 [Information] Start processing HTTP request "POST" https://localhost:5001/api/products
2023-01-29 18:57:46.383 +03:00 [Information] Sending HTTP request "POST" https://localhost:5001/api/products
2023-01-29 18:57:46.643 +03:00 [Information] Received HTTP response headers after 260.2324ms - 200
2023-01-29 18:57:46.648 +03:00 [Information] End processing HTTP request after 269.5725ms - 200
2023-01-29 18:58:04.460 +03:00 [Information] Start processing HTTP request "GET" https://localhost:5001/api/products/sections
2023-01-29 18:58:04.464 +03:00 [Information] Sending HTTP request "GET" https://localhost:5001/api/products/sections
2023-01-29 18:58:04.471 +03:00 [Information] Received HTTP response headers after 6.705ms - 200
2023-01-29 18:58:04.474 +03:00 [Information] End processing HTTP request after 14.9476ms - 200
2023-01-29 18:58:04.479 +03:00 [Information] Start processing HTTP request "GET" https://localhost:5001/api/products/brands
2023-01-29 18:58:04.483 +03:00 [Information] Sending HTTP request "GET" https://localhost:5001/api/products/brands
2023-01-29 18:58:04.489 +03:00 [Information] Received HTTP response headers after 5.6691ms - 200
2023-01-29 18:58:04.493 +03:00 [Information] End processing HTTP request after 13.4851ms - 200
2023-01-29 18:58:04.496 +03:00 [Information] Start processing HTTP request "POST" https://localhost:5001/api/products
2023-01-29 18:58:04.499 +03:00 [Information] Sending HTTP request "POST" https://localhost:5001/api/products
2023-01-29 18:58:04.505 +03:00 [Information] Received HTTP response headers after 5.6578ms - 200
2023-01-29 18:58:04.507 +03:00 [Information] End processing HTTP request after 11.174ms - 200
2023-01-29 18:58:08.310 +03:00 [Information] Start processing HTTP request "GET" https://localhost:5001/api/products/1
2023-01-29 18:58:08.313 +03:00 [Information] Sending HTTP request "GET" https://localhost:5001/api/products/1
2023-01-29 18:58:08.335 +03:00 [Information] Received HTTP response headers after 22.5026ms - 200
2023-01-29 18:58:08.339 +03:00 [Information] End processing HTTP request after 29.2807ms - 200
2023-01-29 18:58:10.799 +03:00 [Information] Start processing HTTP request "GET" https://localhost:5001/api/products/1
2023-01-29 18:58:10.803 +03:00 [Information] Sending HTTP request "GET" https://localhost:5001/api/products/1
2023-01-29 18:58:10.811 +03:00 [Information] Received HTTP response headers after 7.8739ms - 200
2023-01-29 18:58:10.814 +03:00 [Information] End processing HTTP request after 14.461ms - 200
2023-01-29 18:58:14.453 +03:00 [Information] Start processing HTTP request "GET" https://localhost:5001/api/products/2
2023-01-29 18:58:14.457 +03:00 [Information] Sending HTTP request "GET" https://localhost:5001/api/products/2
2023-01-29 18:58:14.463 +03:00 [Information] Received HTTP response headers after 6.498ms - 200
2023-01-29 18:58:14.467 +03:00 [Information] End processing HTTP request after 13.5805ms - 200
2023-01-29 18:58:17.074 +03:00 [Information] Start processing HTTP request "GET" https://localhost:5001/api/products/2
2023-01-29 18:58:17.074 +03:00 [Information] Start processing HTTP request "GET" https://localhost:5001/api/products/1
2023-01-29 18:58:17.075 +03:00 [Information] Start processing HTTP request "GET" https://localhost:5001/api/products/1
2023-01-29 18:58:17.087 +03:00 [Information] Sending HTTP request "GET" https://localhost:5001/api/products/2
2023-01-29 18:58:17.090 +03:00 [Information] Sending HTTP request "GET" https://localhost:5001/api/products/1
2023-01-29 18:58:17.092 +03:00 [Information] Sending HTTP request "GET" https://localhost:5001/api/products/1
2023-01-29 18:58:17.096 +03:00 [Information] Received HTTP response headers after 9.1563ms - 200
2023-01-29 18:58:17.103 +03:00 [Information] Received HTTP response headers after 13.0947ms - 200
2023-01-29 18:58:17.105 +03:00 [Information] End processing HTTP request after 30.1423ms - 200
2023-01-29 18:58:17.110 +03:00 [Information] End processing HTTP request after 35.1027ms - 200
2023-01-29 18:58:17.111 +03:00 [Information] Received HTTP response headers after 18.7272ms - 200
2023-01-29 18:58:17.118 +03:00 [Information] End processing HTTP request after 43.2002ms - 200
2023-01-29 18:58:17.121 +03:00 [Information] Start processing HTTP request "GET" https://localhost:5001/api/products/sections
2023-01-29 18:58:17.121 +03:00 [Information] Start processing HTTP request "GET" https://localhost:5001/api/products/sections
2023-01-29 18:58:17.123 +03:00 [Information] Start processing HTTP request "GET" https://localhost:5001/api/products/sections
2023-01-29 18:58:17.125 +03:00 [Information] Sending HTTP request "GET" https://localhost:5001/api/products/sections
2023-01-29 18:58:17.127 +03:00 [Information] Sending HTTP request "GET" https://localhost:5001/api/products/sections
2023-01-29 18:58:17.129 +03:00 [Information] Sending HTTP request "GET" https://localhost:5001/api/products/sections
2023-01-29 18:58:17.133 +03:00 [Information] Received HTTP response headers after 8.1299ms - 200
2023-01-29 18:58:17.135 +03:00 [Information] Received HTTP response headers after 7.9864ms - 200
2023-01-29 18:58:17.138 +03:00 [Information] Received HTTP response headers after 8.4563ms - 200
2023-01-29 18:58:17.139 +03:00 [Information] End processing HTTP request after 17.9869ms - 200
2023-01-29 18:58:17.144 +03:00 [Information] End processing HTTP request after 20.9607ms - 200
2023-01-29 18:58:17.141 +03:00 [Information] End processing HTTP request after 19.7406ms - 200
2023-01-29 18:58:17.147 +03:00 [Information] Start processing HTTP request "GET" https://localhost:5001/api/products/brands
2023-01-29 18:58:17.148 +03:00 [Information] Start processing HTTP request "GET" https://localhost:5001/api/products/brands
2023-01-29 18:58:17.151 +03:00 [Information] Start processing HTTP request "GET" https://localhost:5001/api/products/brands
2023-01-29 18:58:17.152 +03:00 [Information] Sending HTTP request "GET" https://localhost:5001/api/products/brands
2023-01-29 18:58:17.154 +03:00 [Information] Sending HTTP request "GET" https://localhost:5001/api/products/brands
2023-01-29 18:58:17.156 +03:00 [Information] Sending HTTP request "GET" https://localhost:5001/api/products/brands
2023-01-29 18:58:17.160 +03:00 [Information] Received HTTP response headers after 7.3472ms - 200
2023-01-29 18:58:17.162 +03:00 [Information] Received HTTP response headers after 7.8941ms - 200
2023-01-29 18:58:17.165 +03:00 [Information] Received HTTP response headers after 8.5945ms - 200
2023-01-29 18:58:17.166 +03:00 [Information] End processing HTTP request after 19.7452ms - 200
2023-01-29 18:58:17.168 +03:00 [Information] End processing HTTP request after 20.3935ms - 200
2023-01-29 18:58:17.170 +03:00 [Information] End processing HTTP request after 19.5727ms - 200
