2023-02-08 14:21:41.198 +03:00 [Information] Start processing HTTP request "GET" https://localhost:5001/api/products/sections
2023-02-08 14:21:41.263 +03:00 [Information] Sending HTTP request "GET" https://localhost:5001/api/products/sections
2023-02-08 14:21:43.277 +03:00 [Information] Received HTTP response headers after 2009.8253ms - 200
2023-02-08 14:21:43.285 +03:00 [Information] End processing HTTP request after 2096.2992ms - 200
2023-02-08 14:21:43.437 +03:00 [Information] Start processing HTTP request "GET" https://localhost:5001/api/products/brands
2023-02-08 14:21:43.440 +03:00 [Information] Sending HTTP request "GET" https://localhost:5001/api/products/brands
2023-02-08 14:21:43.509 +03:00 [Information] Received HTTP response headers after 69.1471ms - 200
2023-02-08 14:21:43.512 +03:00 [Information] End processing HTTP request after 74.6751ms - 200
2023-02-08 14:21:43.537 +03:00 [Information] Start processing HTTP request "POST" https://localhost:5001/api/products
2023-02-08 14:21:43.541 +03:00 [Information] Sending HTTP request "POST" https://localhost:5001/api/products
2023-02-08 14:21:43.741 +03:00 [Information] Received HTTP response headers after 200.0205ms - 200
2023-02-08 14:21:43.744 +03:00 [Information] End processing HTTP request after 206.5406ms - 200
2023-02-08 14:21:44.092 +03:00 [Information] Start processing HTTP request "POST" https://localhost:5001/api/products
2023-02-08 14:21:44.094 +03:00 [Information] Sending HTTP request "POST" https://localhost:5001/api/products
2023-02-08 14:21:44.107 +03:00 [Information] Received HTTP response headers after 12.7762ms - 200
2023-02-08 14:21:44.110 +03:00 [Information] End processing HTTP request after 18.7234ms - 200
2023-02-08 14:21:44.709 +03:00 [Information] Start processing HTTP request "POST" https://localhost:5001/api/products
2023-02-08 14:21:44.712 +03:00 [Information] Sending HTTP request "POST" https://localhost:5001/api/products
2023-02-08 14:21:44.720 +03:00 [Information] Received HTTP response headers after 7.6782ms - 200
2023-02-08 14:21:44.723 +03:00 [Information] End processing HTTP request after 14.6305ms - 200
2023-02-08 14:22:11.675 +03:00 [Information] Start processing HTTP request "POST" https://localhost:5001/api/products
2023-02-08 14:22:11.679 +03:00 [Information] Sending HTTP request "POST" https://localhost:5001/api/products
2023-02-08 14:22:11.687 +03:00 [Information] Received HTTP response headers after 8.5747ms - 200
2023-02-08 14:22:11.690 +03:00 [Information] End processing HTTP request after 15.2935ms - 200
2023-02-08 14:22:11.840 +03:00 [Information] Start processing HTTP request "POST" https://localhost:5001/api/products
2023-02-08 14:22:11.844 +03:00 [Information] Sending HTTP request "POST" https://localhost:5001/api/products
2023-02-08 14:22:11.853 +03:00 [Information] Received HTTP response headers after 9.3341ms - 200
2023-02-08 14:22:11.857 +03:00 [Information] End processing HTTP request after 17.327ms - 200
