2023-01-12 13:43:47.740 +03:00 [Information] Start processing HTTP request "GET" https://localhost:5001/api/products/sections
2023-01-12 13:43:47.786 +03:00 [Information] Sending HTTP request "GET" https://localhost:5001/api/products/sections
2023-01-12 13:43:49.840 +03:00 [Information] Received HTTP response headers after 2051.3292ms - 200
2023-01-12 13:43:49.844 +03:00 [Information] End processing HTTP request after 2109.7541ms - 200
2023-01-12 13:43:49.909 +03:00 [Information] Start processing HTTP request "GET" https://localhost:5001/api/products/brands
2023-01-12 13:43:49.912 +03:00 [Information] Sending HTTP request "GET" https://localhost:5001/api/products/brands
2023-01-12 13:43:50.028 +03:00 [Information] Received HTTP response headers after 115.9145ms - 200
2023-01-12 13:43:50.030 +03:00 [Information] End processing HTTP request after 121.0362ms - 200
2023-01-12 13:43:50.042 +03:00 [Information] Start processing HTTP request "POST" https://localhost:5001/api/products
2023-01-12 13:43:50.045 +03:00 [Information] Sending HTTP request "POST" https://localhost:5001/api/products
2023-01-12 13:43:50.206 +03:00 [Information] Received HTTP response headers after 161.0945ms - 200
2023-01-12 13:43:50.211 +03:00 [Information] End processing HTTP request after 168.7685ms - 200
2023-01-12 13:44:19.854 +03:00 [Error] Ошибка при обработке запроса "/home/exception"
System.InvalidOperationException: QWE
   at WebStoreGB.Controllers.HomeController.Exception(String Message) in E:\GeekBrains\ASP 01\WebStoreGB\UI\WebStoreGB\Controllers\HomeController.cs:line 14
   at lambda_method79(Closure , Object , Object[] )
   at Microsoft.AspNetCore.Mvc.Infrastructure.ActionMethodExecutor.SyncActionResultExecutor.Execute(IActionResultTypeMapper mapper, ObjectMethodExecutor executor, Object controller, Object[] arguments)
   at Microsoft.AspNetCore.Mvc.Infrastructure.ControllerActionInvoker.InvokeActionMethodAsync()
   at Microsoft.AspNetCore.Mvc.Infrastructure.ControllerActionInvoker.Next(State& next, Scope& scope, Object& state, Boolean& isCompleted)
   at Microsoft.AspNetCore.Mvc.Infrastructure.ControllerActionInvoker.InvokeNextActionFilterAsync()
--- End of stack trace from previous location ---
   at Microsoft.AspNetCore.Mvc.Infrastructure.ControllerActionInvoker.Rethrow(ActionExecutedContextSealed context)
   at Microsoft.AspNetCore.Mvc.Infrastructure.ControllerActionInvoker.Next(State& next, Scope& scope, Object& state, Boolean& isCompleted)
   at Microsoft.AspNetCore.Mvc.Infrastructure.ControllerActionInvoker.InvokeInnerFilterAsync()
--- End of stack trace from previous location ---
   at Microsoft.AspNetCore.Mvc.Infrastructure.ResourceInvoker.<InvokeNextResourceFilter>g__Awaited|24_0(ResourceInvoker invoker, Task lastTask, State next, Scope scope, Object state, Boolean isCompleted)
   at Microsoft.AspNetCore.Mvc.Infrastructure.ResourceInvoker.Rethrow(ResourceExecutedContextSealed context)
   at Microsoft.AspNetCore.Mvc.Infrastructure.ResourceInvoker.Next(State& next, Scope& scope, Object& state, Boolean& isCompleted)
   at Microsoft.AspNetCore.Mvc.Infrastructure.ResourceInvoker.InvokeFilterPipelineAsync()
--- End of stack trace from previous location ---
   at Microsoft.AspNetCore.Mvc.Infrastructure.ResourceInvoker.<InvokeAsync>g__Awaited|17_0(ResourceInvoker invoker, Task task, IDisposable scope)
   at Microsoft.AspNetCore.Routing.EndpointMiddleware.<Invoke>g__AwaitRequestTask|6_0(Endpoint endpoint, Task requestTask, ILogger logger)
   at WebStoreGB.Infrastructure.Middleware.ExceptionHandlingMiddleware.InvokeAsync(HttpContext Context) in E:\GeekBrains\ASP 01\WebStoreGB\UI\WebStoreGB\Infrastructure\Middleware\ExceptionHandlingMiddleware.cs:line 23
