2023-02-07 16:25:22.546 +03:00 [Information] Start processing HTTP request "GET" https://localhost:5001/api/products/sections
2023-02-07 16:25:22.610 +03:00 [Information] Sending HTTP request "GET" https://localhost:5001/api/products/sections
2023-02-07 16:25:29.083 +03:00 [Information] Sending HTTP request "GET" https://localhost:5001/api/products/sections
2023-02-07 16:25:29.366 +03:00 [Information] Received HTTP response headers after 278.5146ms - 200
2023-02-07 16:25:29.372 +03:00 [Information] End processing HTTP request after 6833.6482ms - 200
2023-02-07 16:25:29.509 +03:00 [Information] Start processing HTTP request "GET" https://localhost:5001/api/products/brands
2023-02-07 16:25:29.513 +03:00 [Information] Sending HTTP request "GET" https://localhost:5001/api/products/brands
2023-02-07 16:25:29.578 +03:00 [Information] Received HTTP response headers after 64.9371ms - 200
2023-02-07 16:25:29.580 +03:00 [Information] End processing HTTP request after 70.9688ms - 200
2023-02-07 16:25:29.601 +03:00 [Information] Start processing HTTP request "POST" https://localhost:5001/api/products
2023-02-07 16:25:29.606 +03:00 [Information] Sending HTTP request "POST" https://localhost:5001/api/products
2023-02-07 16:25:29.765 +03:00 [Information] Received HTTP response headers after 158.9705ms - 200
2023-02-07 16:25:29.768 +03:00 [Information] End processing HTTP request after 166.7705ms - 200
2023-02-07 16:25:30.036 +03:00 [Information] Start processing HTTP request "POST" https://localhost:5001/api/products
2023-02-07 16:25:30.039 +03:00 [Information] Sending HTTP request "POST" https://localhost:5001/api/products
2023-02-07 16:25:30.051 +03:00 [Information] Received HTTP response headers after 11.0894ms - 200
2023-02-07 16:25:30.054 +03:00 [Information] End processing HTTP request after 17.5704ms - 200
2023-02-07 16:25:30.641 +03:00 [Information] Start processing HTTP request "POST" https://localhost:5001/api/products
2023-02-07 16:25:30.645 +03:00 [Information] Sending HTTP request "POST" https://localhost:5001/api/products
2023-02-07 16:25:30.652 +03:00 [Information] Received HTTP response headers after 7.2765ms - 200
2023-02-07 16:25:30.656 +03:00 [Information] End processing HTTP request after 14.754ms - 200
2023-02-07 16:25:32.191 +03:00 [Information] Start processing HTTP request "POST" https://localhost:5001/api/products
2023-02-07 16:25:32.195 +03:00 [Information] Sending HTTP request "POST" https://localhost:5001/api/products
2023-02-07 16:25:32.201 +03:00 [Information] Received HTTP response headers after 5.8148ms - 200
2023-02-07 16:25:32.205 +03:00 [Information] End processing HTTP request after 13.8963ms - 200
2023-02-07 16:25:32.336 +03:00 [Information] Start processing HTTP request "POST" https://localhost:5001/api/products
2023-02-07 16:25:32.339 +03:00 [Information] Sending HTTP request "POST" https://localhost:5001/api/products
2023-02-07 16:25:32.346 +03:00 [Information] Received HTTP response headers after 6.3056ms - 200
2023-02-07 16:25:32.349 +03:00 [Information] End processing HTTP request after 13.2751ms - 200
2023-02-07 16:25:33.484 +03:00 [Information] Получен запрос к GetHTML - id:42, msg:"Hello HTML!", Delay:500
2023-02-07 16:25:33.999 +03:00 [Information] Ответ на запрос к GetHTML - id:42, msg:"Hello HTML!", Delay:500
2023-02-07 16:25:43.406 +03:00 [Information] Получен запрос к GetHTML - id:42, msg:"Hello HTML!", Delay:500
2023-02-07 16:25:43.919 +03:00 [Information] Ответ на запрос к GetHTML - id:42, msg:"Hello HTML!", Delay:500
2023-02-07 16:25:44.107 +03:00 [Information] Получен запрос к GetHTML - id:42, msg:"Hello HTML!", Delay:500
2023-02-07 16:25:44.625 +03:00 [Information] Ответ на запрос к GetHTML - id:42, msg:"Hello HTML!", Delay:500
