2023-01-12 12:21:36.484 +03:00 [Information] System.Net.Http.HttpClient.WebStoreGBWebAPI.LogicalHandler Start processing HTTP request "GET" https://localhost:5001/api/products/sections
2023-01-12 12:21:36.723 +03:00 [Information] System.Net.Http.HttpClient.WebStoreGBWebAPI.ClientHandler Sending HTTP request "GET" https://localhost:5001/api/products/sections
2023-01-12 12:22:09.130 +03:00 [Information] System.Net.Http.HttpClient.WebStoreGBWebAPI.LogicalHandler Start processing HTTP request "GET" https://localhost:5001/api/products/sections
2023-01-12 12:22:09.178 +03:00 [Information] System.Net.Http.HttpClient.WebStoreGBWebAPI.ClientHandler Sending HTTP request "GET" https://localhost:5001/api/products/sections
2023-01-12 12:22:11.267 +03:00 [Information] System.Net.Http.HttpClient.WebStoreGBWebAPI.ClientHandler Received HTTP response headers after 2086.5069ms - 200
2023-01-12 12:22:11.273 +03:00 [Information] System.Net.Http.HttpClient.WebStoreGBWebAPI.LogicalHandler End processing HTTP request after 2149.0186ms - 200
2023-01-12 12:22:11.384 +03:00 [Information] System.Net.Http.HttpClient.WebStoreGBWebAPI.LogicalHandler Start processing HTTP request "GET" https://localhost:5001/api/products/brands
2023-01-12 12:22:11.387 +03:00 [Information] System.Net.Http.HttpClient.WebStoreGBWebAPI.ClientHandler Sending HTTP request "GET" https://localhost:5001/api/products/brands
2023-01-12 12:22:11.456 +03:00 [Information] System.Net.Http.HttpClient.WebStoreGBWebAPI.ClientHandler Received HTTP response headers after 68.6737ms - 200
2023-01-12 12:22:11.458 +03:00 [Information] System.Net.Http.HttpClient.WebStoreGBWebAPI.LogicalHandler End processing HTTP request after 74.1728ms - 200
2023-01-12 12:22:11.477 +03:00 [Information] System.Net.Http.HttpClient.WebStoreGBWebAPI.LogicalHandler Start processing HTTP request "POST" https://localhost:5001/api/products
2023-01-12 12:22:11.480 +03:00 [Information] System.Net.Http.HttpClient.WebStoreGBWebAPI.ClientHandler Sending HTTP request "POST" https://localhost:5001/api/products
2023-01-12 12:22:11.666 +03:00 [Information] System.Net.Http.HttpClient.WebStoreGBWebAPI.ClientHandler Received HTTP response headers after 185.8453ms - 200
2023-01-12 12:22:11.670 +03:00 [Information] System.Net.Http.HttpClient.WebStoreGBWebAPI.LogicalHandler End processing HTTP request after 193.1355ms - 200
2023-01-12 12:24:47.118 +03:00 [Information] WebStoreGB.Controllers.AccountController Регистрация пользователя "Testik3"
2023-01-12 12:24:47.190 +03:00 [Information] System.Net.Http.HttpClient.WebStoreGBWebAPIIdentity.LogicalHandler Start processing HTTP request "POST" https://localhost:5001/api/users/SetPasswordHash
2023-01-12 12:24:47.194 +03:00 [Information] System.Net.Http.HttpClient.WebStoreGBWebAPIIdentity.ClientHandler Sending HTTP request "POST" https://localhost:5001/api/users/SetPasswordHash
2023-01-12 12:24:47.759 +03:00 [Information] System.Net.Http.HttpClient.WebStoreGBWebAPIIdentity.ClientHandler Received HTTP response headers after 565.3348ms - 200
2023-01-12 12:24:47.764 +03:00 [Information] System.Net.Http.HttpClient.WebStoreGBWebAPIIdentity.LogicalHandler End processing HTTP request after 574.6243ms - 200
2023-01-12 12:24:47.802 +03:00 [Information] System.Net.Http.HttpClient.WebStoreGBWebAPIIdentity.LogicalHandler Start processing HTTP request "POST" https://localhost:5001/api/users/UserName
2023-01-12 12:24:47.806 +03:00 [Information] System.Net.Http.HttpClient.WebStoreGBWebAPIIdentity.ClientHandler Sending HTTP request "POST" https://localhost:5001/api/users/UserName
2023-01-12 12:24:47.891 +03:00 [Information] System.Net.Http.HttpClient.WebStoreGBWebAPIIdentity.ClientHandler Received HTTP response headers after 84.6414ms - 200
2023-01-12 12:24:47.898 +03:00 [Information] System.Net.Http.HttpClient.WebStoreGBWebAPIIdentity.LogicalHandler End processing HTTP request after 95.9575ms - 200
2023-01-12 12:24:47.911 +03:00 [Information] System.Net.Http.HttpClient.WebStoreGBWebAPIIdentity.LogicalHandler Start processing HTTP request "GET" https://localhost:5001/api/users/User/Normal/TESTIK3
2023-01-12 12:24:47.918 +03:00 [Information] System.Net.Http.HttpClient.WebStoreGBWebAPIIdentity.ClientHandler Sending HTTP request "GET" https://localhost:5001/api/users/User/Normal/TESTIK3
2023-01-12 12:24:47.950 +03:00 [Information] System.Net.Http.HttpClient.WebStoreGBWebAPIIdentity.ClientHandler Received HTTP response headers after 31.4336ms - 200
2023-01-12 12:24:47.958 +03:00 [Information] System.Net.Http.HttpClient.WebStoreGBWebAPIIdentity.LogicalHandler End processing HTTP request after 46.7689ms - 200
2023-01-12 12:24:47.970 +03:00 [Information] System.Net.Http.HttpClient.WebStoreGBWebAPIIdentity.LogicalHandler Start processing HTTP request "POST" https://localhost:5001/api/users/UserId
2023-01-12 12:24:47.974 +03:00 [Information] System.Net.Http.HttpClient.WebStoreGBWebAPIIdentity.ClientHandler Sending HTTP request "POST" https://localhost:5001/api/users/UserId
2023-01-12 12:24:47.983 +03:00 [Information] System.Net.Http.HttpClient.WebStoreGBWebAPIIdentity.ClientHandler Received HTTP response headers after 9.1128ms - 200
2023-01-12 12:24:47.989 +03:00 [Information] System.Net.Http.HttpClient.WebStoreGBWebAPIIdentity.LogicalHandler End processing HTTP request after 18.8098ms - 200
2023-01-12 12:24:47.993 +03:00 [Information] System.Net.Http.HttpClient.WebStoreGBWebAPIIdentity.LogicalHandler Start processing HTTP request "POST" https://localhost:5001/api/users/UserId
2023-01-12 12:24:47.998 +03:00 [Information] System.Net.Http.HttpClient.WebStoreGBWebAPIIdentity.ClientHandler Sending HTTP request "POST" https://localhost:5001/api/users/UserId
2023-01-12 12:24:48.005 +03:00 [Information] System.Net.Http.HttpClient.WebStoreGBWebAPIIdentity.ClientHandler Received HTTP response headers after 7.1636ms - 200
2023-01-12 12:24:48.009 +03:00 [Information] System.Net.Http.HttpClient.WebStoreGBWebAPIIdentity.LogicalHandler End processing HTTP request after 15.1789ms - 200
2023-01-12 12:24:48.015 +03:00 [Warning] Microsoft.AspNetCore.Identity.UserManager User validation failed: "DuplicateUserName".
2023-01-12 12:24:48.022 +03:00 [Warning] WebStoreGB.Controllers.AccountController Ошибка при регистрации пользователя "Testik3": "Username 'Testik3' is already taken."
2023-01-12 12:44:39.558 +03:00 [Information] System.Net.Http.HttpClient.WebStoreGBWebAPI.LogicalHandler Start processing HTTP request "GET" https://localhost:5001/api/products/sections
2023-01-12 12:44:39.604 +03:00 [Information] System.Net.Http.HttpClient.WebStoreGBWebAPI.ClientHandler Sending HTTP request "GET" https://localhost:5001/api/products/sections
2023-01-12 12:44:59.827 +03:00 [Information] System.Net.Http.HttpClient.WebStoreGBWebAPI.LogicalHandler Start processing HTTP request "GET" https://localhost:5001/api/products/sections
2023-01-12 12:44:59.876 +03:00 [Information] System.Net.Http.HttpClient.WebStoreGBWebAPI.ClientHandler Sending HTTP request "GET" https://localhost:5001/api/products/sections
2023-01-12 12:45:02.017 +03:00 [Information] System.Net.Http.HttpClient.WebStoreGBWebAPI.ClientHandler Received HTTP response headers after 2134.7363ms - 200
2023-01-12 12:45:02.024 +03:00 [Information] System.Net.Http.HttpClient.WebStoreGBWebAPI.LogicalHandler End processing HTTP request after 2202.4493ms - 200
2023-01-12 12:45:02.094 +03:00 [Information] System.Net.Http.HttpClient.WebStoreGBWebAPI.LogicalHandler Start processing HTTP request "GET" https://localhost:5001/api/products/brands
2023-01-12 12:45:02.097 +03:00 [Information] System.Net.Http.HttpClient.WebStoreGBWebAPI.ClientHandler Sending HTTP request "GET" https://localhost:5001/api/products/brands
2023-01-12 12:45:02.171 +03:00 [Information] System.Net.Http.HttpClient.WebStoreGBWebAPI.ClientHandler Received HTTP response headers after 73.9487ms - 200
2023-01-12 12:45:02.174 +03:00 [Information] System.Net.Http.HttpClient.WebStoreGBWebAPI.LogicalHandler End processing HTTP request after 80.4569ms - 200
2023-01-12 12:45:02.200 +03:00 [Information] System.Net.Http.HttpClient.WebStoreGBWebAPI.LogicalHandler Start processing HTTP request "POST" https://localhost:5001/api/products
2023-01-12 12:45:02.203 +03:00 [Information] System.Net.Http.HttpClient.WebStoreGBWebAPI.ClientHandler Sending HTTP request "POST" https://localhost:5001/api/products
2023-01-12 12:45:02.386 +03:00 [Information] System.Net.Http.HttpClient.WebStoreGBWebAPI.ClientHandler Received HTTP response headers after 183.3382ms - 200
2023-01-12 12:45:02.389 +03:00 [Information] System.Net.Http.HttpClient.WebStoreGBWebAPI.LogicalHandler End processing HTTP request after 189.2616ms - 200
2023-01-12 12:45:14.870 +03:00 [Information] System.Net.Http.HttpClient.WebStoreGBWebAPIIdentity.LogicalHandler Start processing HTTP request "GET" https://localhost:5001/api/users/User/Normal/TESTIK
2023-01-12 12:45:14.874 +03:00 [Information] System.Net.Http.HttpClient.WebStoreGBWebAPIIdentity.ClientHandler Sending HTTP request "GET" https://localhost:5001/api/users/User/Normal/TESTIK
2023-01-12 12:45:14.905 +03:00 [Information] System.Net.Http.HttpClient.WebStoreGBWebAPIIdentity.ClientHandler Received HTTP response headers after 31.715ms - 200
2023-01-12 12:45:14.909 +03:00 [Information] System.Net.Http.HttpClient.WebStoreGBWebAPIIdentity.LogicalHandler End processing HTTP request after 38.9482ms - 200
2023-01-12 12:45:14.980 +03:00 [Information] System.Net.Http.HttpClient.WebStoreGBWebAPIIdentity.LogicalHandler Start processing HTTP request "POST" https://localhost:5001/api/users/GetPasswordHash
2023-01-12 12:45:14.984 +03:00 [Information] System.Net.Http.HttpClient.WebStoreGBWebAPIIdentity.ClientHandler Sending HTTP request "POST" https://localhost:5001/api/users/GetPasswordHash
2023-01-12 12:45:15.013 +03:00 [Information] System.Net.Http.HttpClient.WebStoreGBWebAPIIdentity.ClientHandler Received HTTP response headers after 28.6358ms - 200
2023-01-12 12:45:15.017 +03:00 [Information] System.Net.Http.HttpClient.WebStoreGBWebAPIIdentity.LogicalHandler End processing HTTP request after 36.8537ms - 200
2023-01-12 12:45:15.038 +03:00 [Warning] Microsoft.AspNetCore.Identity.UserManager Invalid password for user.
2023-01-12 12:45:15.042 +03:00 [Warning] Microsoft.AspNetCore.Identity.SignInManager User failed to provide the correct password.
2023-01-12 12:45:15.045 +03:00 [Warning] WebStoreGB.Controllers.AccountController Ошибка ввода имени пользователя или пароля при входу "Testik"
2023-01-12 13:39:02.113 +03:00 [Information] System.Net.Http.HttpClient.WebStoreGBWebAPI.LogicalHandler Start processing HTTP request "GET" https://localhost:5001/api/products/sections
2023-01-12 13:39:02.166 +03:00 [Information] System.Net.Http.HttpClient.WebStoreGBWebAPI.ClientHandler Sending HTTP request "GET" https://localhost:5001/api/products/sections
2023-01-12 13:39:18.405 +03:00 [Information] System.Net.Http.HttpClient.WebStoreGBWebAPI.LogicalHandler Start processing HTTP request "GET" https://localhost:5001/api/products/sections
2023-01-12 13:39:18.448 +03:00 [Information] System.Net.Http.HttpClient.WebStoreGBWebAPI.ClientHandler Sending HTTP request "GET" https://localhost:5001/api/products/sections
2023-01-12 13:39:20.898 +03:00 [Information] System.Net.Http.HttpClient.WebStoreGBWebAPI.ClientHandler Received HTTP response headers after 2444.7208ms - 200
2023-01-12 13:39:20.904 +03:00 [Information] System.Net.Http.HttpClient.WebStoreGBWebAPI.LogicalHandler End processing HTTP request after 2505.1879ms - 200
2023-01-12 13:39:20.997 +03:00 [Information] System.Net.Http.HttpClient.WebStoreGBWebAPI.LogicalHandler Start processing HTTP request "GET" https://localhost:5001/api/products/brands
2023-01-12 13:39:21.000 +03:00 [Information] System.Net.Http.HttpClient.WebStoreGBWebAPI.ClientHandler Sending HTTP request "GET" https://localhost:5001/api/products/brands
2023-01-12 13:39:21.074 +03:00 [Information] System.Net.Http.HttpClient.WebStoreGBWebAPI.ClientHandler Received HTTP response headers after 73.3045ms - 200
2023-01-12 13:39:21.076 +03:00 [Information] System.Net.Http.HttpClient.WebStoreGBWebAPI.LogicalHandler End processing HTTP request after 78.7ms - 200
2023-01-12 13:39:21.105 +03:00 [Information] System.Net.Http.HttpClient.WebStoreGBWebAPI.LogicalHandler Start processing HTTP request "POST" https://localhost:5001/api/products
2023-01-12 13:39:21.108 +03:00 [Information] System.Net.Http.HttpClient.WebStoreGBWebAPI.ClientHandler Sending HTTP request "POST" https://localhost:5001/api/products
2023-01-12 13:39:21.269 +03:00 [Information] System.Net.Http.HttpClient.WebStoreGBWebAPI.ClientHandler Received HTTP response headers after 160.7923ms - 200
2023-01-12 13:39:21.272 +03:00 [Information] System.Net.Http.HttpClient.WebStoreGBWebAPI.LogicalHandler End processing HTTP request after 166.6813ms - 200
2023-01-12 13:42:08.860 +03:00 [Information] System.Net.Http.HttpClient.WebStoreGBWebAPI.LogicalHandler Start processing HTTP request "GET" https://localhost:5001/api/products/sections
2023-01-12 13:42:08.903 +03:00 [Information] System.Net.Http.HttpClient.WebStoreGBWebAPI.ClientHandler Sending HTTP request "GET" https://localhost:5001/api/products/sections
2023-01-12 13:42:10.930 +03:00 [Information] System.Net.Http.HttpClient.WebStoreGBWebAPI.ClientHandler Received HTTP response headers after 2024.7742ms - 200
2023-01-12 13:42:10.934 +03:00 [Information] System.Net.Http.HttpClient.WebStoreGBWebAPI.LogicalHandler End processing HTTP request after 2080.8147ms - 200
2023-01-12 13:42:11.010 +03:00 [Information] System.Net.Http.HttpClient.WebStoreGBWebAPI.LogicalHandler Start processing HTTP request "GET" https://localhost:5001/api/products/brands
2023-01-12 13:42:11.014 +03:00 [Information] System.Net.Http.HttpClient.WebStoreGBWebAPI.ClientHandler Sending HTTP request "GET" https://localhost:5001/api/products/brands
2023-01-12 13:42:11.127 +03:00 [Information] System.Net.Http.HttpClient.WebStoreGBWebAPI.ClientHandler Received HTTP response headers after 113.3964ms - 200
2023-01-12 13:42:11.131 +03:00 [Information] System.Net.Http.HttpClient.WebStoreGBWebAPI.LogicalHandler End processing HTTP request after 120.9812ms - 200
2023-01-12 13:42:11.144 +03:00 [Information] System.Net.Http.HttpClient.WebStoreGBWebAPI.LogicalHandler Start processing HTTP request "POST" https://localhost:5001/api/products
2023-01-12 13:42:11.147 +03:00 [Information] System.Net.Http.HttpClient.WebStoreGBWebAPI.ClientHandler Sending HTTP request "POST" https://localhost:5001/api/products
2023-01-12 13:42:11.291 +03:00 [Information] System.Net.Http.HttpClient.WebStoreGBWebAPI.ClientHandler Received HTTP response headers after 144.5375ms - 200
2023-01-12 13:42:11.294 +03:00 [Information] System.Net.Http.HttpClient.WebStoreGBWebAPI.LogicalHandler End processing HTTP request after 150.1653ms - 200
2023-01-12 13:43:47.740 +03:00 [Information] System.Net.Http.HttpClient.WebStoreGBWebAPI.LogicalHandler Start processing HTTP request "GET" https://localhost:5001/api/products/sections
2023-01-12 13:43:47.786 +03:00 [Information] System.Net.Http.HttpClient.WebStoreGBWebAPI.ClientHandler Sending HTTP request "GET" https://localhost:5001/api/products/sections
2023-01-12 13:43:49.840 +03:00 [Information] System.Net.Http.HttpClient.WebStoreGBWebAPI.ClientHandler Received HTTP response headers after 2051.3292ms - 200
2023-01-12 13:43:49.844 +03:00 [Information] System.Net.Http.HttpClient.WebStoreGBWebAPI.LogicalHandler End processing HTTP request after 2109.7541ms - 200
2023-01-12 13:43:49.909 +03:00 [Information] System.Net.Http.HttpClient.WebStoreGBWebAPI.LogicalHandler Start processing HTTP request "GET" https://localhost:5001/api/products/brands
2023-01-12 13:43:49.912 +03:00 [Information] System.Net.Http.HttpClient.WebStoreGBWebAPI.ClientHandler Sending HTTP request "GET" https://localhost:5001/api/products/brands
2023-01-12 13:43:50.028 +03:00 [Information] System.Net.Http.HttpClient.WebStoreGBWebAPI.ClientHandler Received HTTP response headers after 115.9145ms - 200
2023-01-12 13:43:50.030 +03:00 [Information] System.Net.Http.HttpClient.WebStoreGBWebAPI.LogicalHandler End processing HTTP request after 121.0362ms - 200
2023-01-12 13:43:50.042 +03:00 [Information] System.Net.Http.HttpClient.WebStoreGBWebAPI.LogicalHandler Start processing HTTP request "POST" https://localhost:5001/api/products
2023-01-12 13:43:50.045 +03:00 [Information] System.Net.Http.HttpClient.WebStoreGBWebAPI.ClientHandler Sending HTTP request "POST" https://localhost:5001/api/products
2023-01-12 13:43:50.206 +03:00 [Information] System.Net.Http.HttpClient.WebStoreGBWebAPI.ClientHandler Received HTTP response headers after 161.0945ms - 200
2023-01-12 13:43:50.211 +03:00 [Information] System.Net.Http.HttpClient.WebStoreGBWebAPI.LogicalHandler End processing HTTP request after 168.7685ms - 200
2023-01-12 13:44:19.854 +03:00 [Error] WebStoreGB.Infrastructure.Middleware.ExceptionHandlingMiddleware Ошибка при обработке запроса "/home/exception"
System.InvalidOperationException: QWE
   at WebStoreGB.Controllers.HomeController.Exception(String Message) in E:\GeekBrains\ASP 01\WebStoreGB\UI\WebStoreGB\Controllers\HomeController.cs:line 14
   at lambda_method79(Closure , Object , Object[] )
   at Microsoft.AspNetCore.Mvc.Infrastructure.ActionMethodExecutor.SyncActionResultExecutor.Execute(IActionResultTypeMapper mapper, ObjectMethodExecutor executor, Object controller, Object[] arguments)
   at Microsoft.AspNetCore.Mvc.Infrastructure.ControllerActionInvoker.InvokeActionMethodAsync()
   at Microsoft.AspNetCore.Mvc.Infrastructure.ControllerActionInvoker.Next(State& next, Scope& scope, Object& state, Boolean& isCompleted)
   at Microsoft.AspNetCore.Mvc.Infrastructure.ControllerActionInvoker.InvokeNextActionFilterAsync()
--- End of stack trace from previous location ---
   at Microsoft.AspNetCore.Mvc.Infrastructure.ControllerActionInvoker.Rethrow(ActionExecutedContextSealed context)
   at Microsoft.AspNetCore.Mvc.Infrastructure.ControllerActionInvoker.Next(State& next, Scope& scope, Object& state, Boolean& isCompleted)
   at Microsoft.AspNetCore.Mvc.Infrastructure.ControllerActionInvoker.InvokeInnerFilterAsync()
--- End of stack trace from previous location ---
   at Microsoft.AspNetCore.Mvc.Infrastructure.ResourceInvoker.<InvokeNextResourceFilter>g__Awaited|24_0(ResourceInvoker invoker, Task lastTask, State next, Scope scope, Object state, Boolean isCompleted)
   at Microsoft.AspNetCore.Mvc.Infrastructure.ResourceInvoker.Rethrow(ResourceExecutedContextSealed context)
   at Microsoft.AspNetCore.Mvc.Infrastructure.ResourceInvoker.Next(State& next, Scope& scope, Object& state, Boolean& isCompleted)
   at Microsoft.AspNetCore.Mvc.Infrastructure.ResourceInvoker.InvokeFilterPipelineAsync()
--- End of stack trace from previous location ---
   at Microsoft.AspNetCore.Mvc.Infrastructure.ResourceInvoker.<InvokeAsync>g__Awaited|17_0(ResourceInvoker invoker, Task task, IDisposable scope)
   at Microsoft.AspNetCore.Routing.EndpointMiddleware.<Invoke>g__AwaitRequestTask|6_0(Endpoint endpoint, Task requestTask, ILogger logger)
   at WebStoreGB.Infrastructure.Middleware.ExceptionHandlingMiddleware.InvokeAsync(HttpContext Context) in E:\GeekBrains\ASP 01\WebStoreGB\UI\WebStoreGB\Infrastructure\Middleware\ExceptionHandlingMiddleware.cs:line 23
