2023-01-29 18:58:33.896 +03:00 [Information] Start processing HTTP request "GET" https://localhost:5001/api/products/sections
2023-01-29 18:58:33.954 +03:00 [Information] Sending HTTP request "GET" https://localhost:5001/api/products/sections
2023-01-29 18:58:35.894 +03:00 [Information] Received HTTP response headers after 1936.832ms - 200
2023-01-29 18:58:35.898 +03:00 [Information] End processing HTTP request after 2009.2247ms - 200
2023-01-29 18:58:36.050 +03:00 [Information] Start processing HTTP request "GET" https://localhost:5001/api/products/brands
2023-01-29 18:58:36.053 +03:00 [Information] Sending HTTP request "GET" https://localhost:5001/api/products/brands
2023-01-29 18:58:36.177 +03:00 [Information] Received HTTP response headers after 123.3112ms - 200
2023-01-29 18:58:36.181 +03:00 [Information] End processing HTTP request after 131.1856ms - 200
2023-01-29 18:58:36.209 +03:00 [Information] Start processing HTTP request "POST" https://localhost:5001/api/products
2023-01-29 18:58:36.212 +03:00 [Information] Sending HTTP request "POST" https://localhost:5001/api/products
2023-01-29 18:58:36.410 +03:00 [Information] Received HTTP response headers after 197.3848ms - 200
2023-01-29 18:58:36.412 +03:00 [Information] End processing HTTP request after 203.6031ms - 200
2023-01-29 18:58:40.700 +03:00 [Information] Start processing HTTP request "GET" https://localhost:5001/api/products/1
2023-01-29 18:58:40.705 +03:00 [Information] Sending HTTP request "GET" https://localhost:5001/api/products/1
2023-01-29 18:58:40.729 +03:00 [Information] Received HTTP response headers after 23.1764ms - 200
2023-01-29 18:58:40.734 +03:00 [Information] End processing HTTP request after 33.6102ms - 200
2023-01-29 18:58:40.751 +03:00 [Information] Start processing HTTP request "GET" https://localhost:5001/api/products/1
2023-01-29 18:58:40.755 +03:00 [Information] Sending HTTP request "GET" https://localhost:5001/api/products/1
2023-01-29 18:58:40.760 +03:00 [Information] Received HTTP response headers after 5.7519ms - 200
2023-01-29 18:58:40.764 +03:00 [Information] End processing HTTP request after 13.0782ms - 200
2023-01-29 18:58:40.774 +03:00 [Information] Start processing HTTP request "GET" https://localhost:5001/api/products/sections
2023-01-29 18:58:40.778 +03:00 [Information] Sending HTTP request "GET" https://localhost:5001/api/products/sections
2023-01-29 18:58:40.783 +03:00 [Information] Received HTTP response headers after 5.4296ms - 200
2023-01-29 18:58:40.786 +03:00 [Information] End processing HTTP request after 12.1551ms - 200
2023-01-29 18:58:40.790 +03:00 [Information] Start processing HTTP request "GET" https://localhost:5001/api/products/brands
2023-01-29 18:58:40.793 +03:00 [Information] Sending HTTP request "GET" https://localhost:5001/api/products/brands
2023-01-29 18:58:40.798 +03:00 [Information] Received HTTP response headers after 4.8322ms - 200
2023-01-29 18:58:40.801 +03:00 [Information] End processing HTTP request after 11.3396ms - 200
