2023-02-07 17:18:12.235 +03:00 [Information] Start processing HTTP request "GET" https://localhost:5001/api/products/sections
2023-02-07 17:18:12.314 +03:00 [Information] Sending HTTP request "GET" https://localhost:5001/api/products/sections
2023-02-07 17:18:13.050 +03:00 [Information] Received HTTP response headers after 730.7269ms - 200
2023-02-07 17:18:13.062 +03:00 [Information] End processing HTTP request after 835.8248ms - 200
2023-02-07 17:18:13.302 +03:00 [Information] Start processing HTTP request "GET" https://localhost:5001/api/products/brands
2023-02-07 17:18:13.307 +03:00 [Information] Sending HTTP request "GET" https://localhost:5001/api/products/brands
2023-02-07 17:18:13.407 +03:00 [Information] Received HTTP response headers after 99.8099ms - 200
2023-02-07 17:18:13.410 +03:00 [Information] End processing HTTP request after 107.5515ms - 200
2023-02-07 17:18:13.440 +03:00 [Information] Start processing HTTP request "POST" https://localhost:5001/api/products
2023-02-07 17:18:13.468 +03:00 [Information] Sending HTTP request "POST" https://localhost:5001/api/products
2023-02-07 17:18:13.750 +03:00 [Information] Received HTTP response headers after 281.5217ms - 200
2023-02-07 17:18:13.753 +03:00 [Information] End processing HTTP request after 313.1764ms - 200
2023-02-07 17:18:14.051 +03:00 [Information] Start processing HTTP request "POST" https://localhost:5001/api/products
2023-02-07 17:18:14.054 +03:00 [Information] Sending HTTP request "POST" https://localhost:5001/api/products
2023-02-07 17:18:14.066 +03:00 [Information] Received HTTP response headers after 12.0202ms - 200
2023-02-07 17:18:14.069 +03:00 [Information] End processing HTTP request after 17.4554ms - 200
2023-02-07 17:18:14.607 +03:00 [Information] Start processing HTTP request "POST" https://localhost:5001/api/products
2023-02-07 17:18:14.610 +03:00 [Information] Sending HTTP request "POST" https://localhost:5001/api/products
2023-02-07 17:18:14.617 +03:00 [Information] Received HTTP response headers after 6.3713ms - 200
2023-02-07 17:18:14.619 +03:00 [Information] End processing HTTP request after 12.7392ms - 200
2023-02-07 17:18:15.796 +03:00 [Information] Start processing HTTP request "POST" https://localhost:5001/api/products
2023-02-07 17:18:15.801 +03:00 [Information] Sending HTTP request "POST" https://localhost:5001/api/products
2023-02-07 17:18:15.807 +03:00 [Information] Received HTTP response headers after 6.5606ms - 200
2023-02-07 17:18:15.810 +03:00 [Information] End processing HTTP request after 14.0943ms - 200
2023-02-07 17:18:15.938 +03:00 [Information] Start processing HTTP request "POST" https://localhost:5001/api/products
2023-02-07 17:18:15.941 +03:00 [Information] Sending HTTP request "POST" https://localhost:5001/api/products
2023-02-07 17:18:15.948 +03:00 [Information] Received HTTP response headers after 7.2749ms - 200
2023-02-07 17:18:15.952 +03:00 [Information] End processing HTTP request after 13.7727ms - 200
2023-02-07 17:18:16.646 +03:00 [Information] Получен запрос к GetJSON - id:13, msg:"Hello JSON!", Delay:2000
2023-02-07 17:18:18.659 +03:00 [Information] Ответ на запрос к GetJSON - id:13, msg:"Hello JSON!", Delay:2000
