2023-02-07 11:59:22.604 +03:00 [Information] Start processing HTTP request "GET" https://localhost:5001/api/products/sections
2023-02-07 11:59:23.187 +03:00 [Information] Sending HTTP request "GET" https://localhost:5001/api/products/sections
2023-02-07 11:59:31.213 +03:00 [Information] Sending HTTP request "GET" https://localhost:5001/api/products/sections
2023-02-07 11:59:39.722 +03:00 [Information] Sending HTTP request "GET" https://localhost:5001/api/products/sections
2023-02-07 11:59:52.505 +03:00 [Information] Sending HTTP request "GET" https://localhost:5001/api/products/sections
2023-02-07 12:00:13.374 +03:00 [Information] Sending HTTP request "GET" https://localhost:5001/api/products/sections
2023-02-07 12:00:17.855 +03:00 [Information] Received HTTP response headers after 4478.175ms - 200
2023-02-07 12:00:18.097 +03:00 [Information] End processing HTTP request after 55518.23ms - 200
2023-02-07 12:00:21.243 +03:00 [Information] Start processing HTTP request "GET" https://localhost:5001/api/products/brands
2023-02-07 12:00:21.254 +03:00 [Information] Sending HTTP request "GET" https://localhost:5001/api/products/brands
2023-02-07 12:00:21.408 +03:00 [Information] Received HTTP response headers after 154.0045ms - 200
2023-02-07 12:00:21.412 +03:00 [Information] End processing HTTP request after 168.9453ms - 200
2023-02-07 12:00:21.472 +03:00 [Information] Start processing HTTP request "POST" https://localhost:5001/api/products
2023-02-07 12:00:21.476 +03:00 [Information] Sending HTTP request "POST" https://localhost:5001/api/products
2023-02-07 12:00:23.629 +03:00 [Information] Received HTTP response headers after 2152.378ms - 200
2023-02-07 12:00:23.648 +03:00 [Information] End processing HTTP request after 2176.7518ms - 200
2023-02-07 12:00:25.295 +03:00 [Information] Start processing HTTP request "POST" https://localhost:5001/api/products
2023-02-07 12:00:25.303 +03:00 [Information] Sending HTTP request "POST" https://localhost:5001/api/products
2023-02-07 12:00:25.332 +03:00 [Information] Received HTTP response headers after 28.8103ms - 200
2023-02-07 12:00:25.337 +03:00 [Information] End processing HTTP request after 42.4278ms - 200
2023-02-07 12:00:28.755 +03:00 [Information] Start processing HTTP request "POST" https://localhost:5001/api/products
2023-02-07 12:00:28.758 +03:00 [Information] Sending HTTP request "POST" https://localhost:5001/api/products
2023-02-07 12:00:28.767 +03:00 [Information] Received HTTP response headers after 8.6511ms - 200
2023-02-07 12:00:28.770 +03:00 [Information] End processing HTTP request after 15.8814ms - 200
2023-02-07 12:01:38.494 +03:00 [Information] Start processing HTTP request "POST" https://localhost:5001/api/products
2023-02-07 12:01:38.499 +03:00 [Information] Sending HTTP request "POST" https://localhost:5001/api/products
2023-02-07 12:01:38.506 +03:00 [Information] Received HTTP response headers after 7.2374ms - 200
2023-02-07 12:01:38.510 +03:00 [Information] End processing HTTP request after 15.8936ms - 200
2023-02-07 12:01:38.768 +03:00 [Information] Start processing HTTP request "POST" https://localhost:5001/api/products
2023-02-07 12:01:38.772 +03:00 [Information] Sending HTTP request "POST" https://localhost:5001/api/products
2023-02-07 12:01:38.782 +03:00 [Information] Received HTTP response headers after 10.1881ms - 200
2023-02-07 12:01:38.786 +03:00 [Information] End processing HTTP request after 18.0956ms - 200
2023-02-07 12:01:39.583 +03:00 [Information] Start processing HTTP request "POST" https://localhost:5001/api/products
2023-02-07 12:01:39.587 +03:00 [Information] Sending HTTP request "POST" https://localhost:5001/api/products
2023-02-07 12:01:39.594 +03:00 [Information] Received HTTP response headers after 6.1721ms - 200
2023-02-07 12:01:39.597 +03:00 [Information] End processing HTTP request after 13.7008ms - 200
2023-02-07 12:01:39.738 +03:00 [Information] Start processing HTTP request "POST" https://localhost:5001/api/products
2023-02-07 12:01:39.743 +03:00 [Information] Sending HTTP request "POST" https://localhost:5001/api/products
2023-02-07 12:01:39.750 +03:00 [Information] Received HTTP response headers after 7.0637ms - 200
2023-02-07 12:01:39.755 +03:00 [Information] End processing HTTP request after 16.9304ms - 200
2023-02-07 12:01:42.130 +03:00 [Information] Start processing HTTP request "GET" https://localhost:5001/api/users/User/Normal/TESTIK3
2023-02-07 12:01:42.134 +03:00 [Information] Sending HTTP request "GET" https://localhost:5001/api/users/User/Normal/TESTIK3
2023-02-07 12:01:42.176 +03:00 [Information] Received HTTP response headers after 41.2074ms - 200
2023-02-07 12:01:42.180 +03:00 [Information] End processing HTTP request after 49.5164ms - 200
