2023-01-13 11:58:57.167 +03:00 [Information] System.Net.Http.HttpClient.WebStoreGBWebAPI.LogicalHandler Start processing HTTP request "GET" https://localhost:5001/api/products/sections
2023-01-13 11:58:57.276 +03:00 [Information] System.Net.Http.HttpClient.WebStoreGBWebAPI.ClientHandler Sending HTTP request "GET" https://localhost:5001/api/products/sections
2023-01-13 11:59:40.063 +03:00 [Information] System.Net.Http.HttpClient.WebStoreGBWebAPI.LogicalHandler Start processing HTTP request "GET" https://localhost:5001/api/products/sections
2023-01-13 11:59:40.111 +03:00 [Information] System.Net.Http.HttpClient.WebStoreGBWebAPI.ClientHandler Sending HTTP request "GET" https://localhost:5001/api/products/sections
2023-01-13 11:59:45.783 +03:00 [Information] System.Net.Http.HttpClient.WebStoreGBWebAPI.ClientHandler Received HTTP response headers after 5668.0211ms - 200
2023-01-13 11:59:45.787 +03:00 [Information] System.Net.Http.HttpClient.WebStoreGBWebAPI.LogicalHandler End processing HTTP request after 5730.076ms - 200
2023-01-13 11:59:45.874 +03:00 [Information] System.Net.Http.HttpClient.WebStoreGBWebAPI.LogicalHandler Start processing HTTP request "GET" https://localhost:5001/api/products/brands
2023-01-13 11:59:45.877 +03:00 [Information] System.Net.Http.HttpClient.WebStoreGBWebAPI.ClientHandler Sending HTTP request "GET" https://localhost:5001/api/products/brands
2023-01-13 11:59:46.148 +03:00 [Information] System.Net.Http.HttpClient.WebStoreGBWebAPI.ClientHandler Received HTTP response headers after 270.9909ms - 200
2023-01-13 11:59:46.151 +03:00 [Information] System.Net.Http.HttpClient.WebStoreGBWebAPI.LogicalHandler End processing HTTP request after 276.9229ms - 200
2023-01-13 11:59:46.162 +03:00 [Information] System.Net.Http.HttpClient.WebStoreGBWebAPI.LogicalHandler Start processing HTTP request "POST" https://localhost:5001/api/products
2023-01-13 11:59:46.165 +03:00 [Information] System.Net.Http.HttpClient.WebStoreGBWebAPI.ClientHandler Sending HTTP request "POST" https://localhost:5001/api/products
2023-01-13 11:59:46.367 +03:00 [Information] System.Net.Http.HttpClient.WebStoreGBWebAPI.ClientHandler Received HTTP response headers after 201.0633ms - 200
2023-01-13 11:59:46.370 +03:00 [Information] System.Net.Http.HttpClient.WebStoreGBWebAPI.LogicalHandler End processing HTTP request after 208.0507ms - 200
2023-01-13 12:00:10.835 +03:00 [Information] System.Net.Http.HttpClient.WebStoreGBWebAPIIdentity.LogicalHandler Start processing HTTP request "GET" https://localhost:5001/api/users/User/Normal/TESTIK2
2023-01-13 12:00:10.841 +03:00 [Information] System.Net.Http.HttpClient.WebStoreGBWebAPIIdentity.ClientHandler Sending HTTP request "GET" https://localhost:5001/api/users/User/Normal/TESTIK2
2023-01-13 12:00:10.910 +03:00 [Information] System.Net.Http.HttpClient.WebStoreGBWebAPIIdentity.ClientHandler Received HTTP response headers after 69.0843ms - 204
2023-01-13 12:00:10.914 +03:00 [Information] System.Net.Http.HttpClient.WebStoreGBWebAPIIdentity.LogicalHandler End processing HTTP request after 79.3871ms - 204
2023-01-13 12:00:10.920 +03:00 [Warning] WebStoreGB.Controllers.AccountController Ошибка ввода имени пользователя или пароля при входу "Testik2"
2023-01-13 12:00:15.423 +03:00 [Information] System.Net.Http.HttpClient.WebStoreGBWebAPIIdentity.LogicalHandler Start processing HTTP request "GET" https://localhost:5001/api/users/User/Normal/TESTIK3
2023-01-13 12:00:15.427 +03:00 [Information] System.Net.Http.HttpClient.WebStoreGBWebAPIIdentity.ClientHandler Sending HTTP request "GET" https://localhost:5001/api/users/User/Normal/TESTIK3
2023-01-13 12:00:15.445 +03:00 [Information] System.Net.Http.HttpClient.WebStoreGBWebAPIIdentity.ClientHandler Received HTTP response headers after 18.041ms - 200
2023-01-13 12:00:15.448 +03:00 [Information] System.Net.Http.HttpClient.WebStoreGBWebAPIIdentity.LogicalHandler End processing HTTP request after 24.1026ms - 200
2023-01-13 12:00:15.710 +03:00 [Information] System.Net.Http.HttpClient.WebStoreGBWebAPIIdentity.LogicalHandler Start processing HTTP request "POST" https://localhost:5001/api/users/GetPasswordHash
2023-01-13 12:00:15.728 +03:00 [Information] System.Net.Http.HttpClient.WebStoreGBWebAPIIdentity.ClientHandler Sending HTTP request "POST" https://localhost:5001/api/users/GetPasswordHash
2023-01-13 12:00:15.786 +03:00 [Information] System.Net.Http.HttpClient.WebStoreGBWebAPIIdentity.ClientHandler Received HTTP response headers after 58.9333ms - 200
2023-01-13 12:00:15.792 +03:00 [Information] System.Net.Http.HttpClient.WebStoreGBWebAPIIdentity.LogicalHandler End processing HTTP request after 81.7938ms - 200
2023-01-13 12:00:15.880 +03:00 [Information] System.Net.Http.HttpClient.WebStoreGBWebAPIIdentity.LogicalHandler Start processing HTTP request "POST" https://localhost:5001/api/users/GetTwoFactorEnabled
2023-01-13 12:00:15.884 +03:00 [Information] System.Net.Http.HttpClient.WebStoreGBWebAPIIdentity.ClientHandler Sending HTTP request "POST" https://localhost:5001/api/users/GetTwoFactorEnabled
2023-01-13 12:00:15.891 +03:00 [Information] System.Net.Http.HttpClient.WebStoreGBWebAPIIdentity.ClientHandler Received HTTP response headers after 7.0116ms - 200
2023-01-13 12:00:15.894 +03:00 [Information] System.Net.Http.HttpClient.WebStoreGBWebAPIIdentity.LogicalHandler End processing HTTP request after 13.8705ms - 200
2023-01-13 12:00:15.904 +03:00 [Information] System.Net.Http.HttpClient.WebStoreGBWebAPIIdentity.LogicalHandler Start processing HTTP request "POST" https://localhost:5001/api/users/GetTwoFactorEnabled
2023-01-13 12:00:15.908 +03:00 [Information] System.Net.Http.HttpClient.WebStoreGBWebAPIIdentity.ClientHandler Sending HTTP request "POST" https://localhost:5001/api/users/GetTwoFactorEnabled
2023-01-13 12:00:15.912 +03:00 [Information] System.Net.Http.HttpClient.WebStoreGBWebAPIIdentity.ClientHandler Received HTTP response headers after 3.7729ms - 200
2023-01-13 12:00:15.914 +03:00 [Information] System.Net.Http.HttpClient.WebStoreGBWebAPIIdentity.LogicalHandler End processing HTTP request after 9.6995ms - 200
2023-01-13 12:00:15.921 +03:00 [Information] System.Net.Http.HttpClient.WebStoreGBWebAPIIdentity.LogicalHandler Start processing HTTP request "POST" https://localhost:5001/api/users/UserId
2023-01-13 12:00:15.924 +03:00 [Information] System.Net.Http.HttpClient.WebStoreGBWebAPIIdentity.ClientHandler Sending HTTP request "POST" https://localhost:5001/api/users/UserId
2023-01-13 12:00:15.931 +03:00 [Information] System.Net.Http.HttpClient.WebStoreGBWebAPIIdentity.ClientHandler Received HTTP response headers after 7.2516ms - 200
2023-01-13 12:00:15.935 +03:00 [Information] System.Net.Http.HttpClient.WebStoreGBWebAPIIdentity.LogicalHandler End processing HTTP request after 13.9572ms - 200
2023-01-13 12:00:15.940 +03:00 [Information] System.Net.Http.HttpClient.WebStoreGBWebAPIIdentity.LogicalHandler Start processing HTTP request "POST" https://localhost:5001/api/users/UserName
2023-01-13 12:00:15.943 +03:00 [Information] System.Net.Http.HttpClient.WebStoreGBWebAPIIdentity.ClientHandler Sending HTTP request "POST" https://localhost:5001/api/users/UserName
2023-01-13 12:00:15.950 +03:00 [Information] System.Net.Http.HttpClient.WebStoreGBWebAPIIdentity.ClientHandler Received HTTP response headers after 6.6941ms - 200
2023-01-13 12:00:15.952 +03:00 [Information] System.Net.Http.HttpClient.WebStoreGBWebAPIIdentity.LogicalHandler End processing HTTP request after 12.5553ms - 200
2023-01-13 12:00:15.956 +03:00 [Information] System.Net.Http.HttpClient.WebStoreGBWebAPIIdentity.LogicalHandler Start processing HTTP request "POST" https://localhost:5001/api/users/GetEmail
2023-01-13 12:00:15.959 +03:00 [Information] System.Net.Http.HttpClient.WebStoreGBWebAPIIdentity.ClientHandler Sending HTTP request "POST" https://localhost:5001/api/users/GetEmail
2023-01-13 12:00:15.966 +03:00 [Information] System.Net.Http.HttpClient.WebStoreGBWebAPIIdentity.ClientHandler Received HTTP response headers after 6.5413ms - 204
2023-01-13 12:00:15.969 +03:00 [Information] System.Net.Http.HttpClient.WebStoreGBWebAPIIdentity.LogicalHandler End processing HTTP request after 12.7042ms - 204
2023-01-13 12:00:15.974 +03:00 [Information] System.Net.Http.HttpClient.WebStoreGBWebAPIIdentity.LogicalHandler Start processing HTTP request "POST" https://localhost:5001/api/users/GetClaims
2023-01-13 12:00:15.977 +03:00 [Information] System.Net.Http.HttpClient.WebStoreGBWebAPIIdentity.ClientHandler Sending HTTP request "POST" https://localhost:5001/api/users/GetClaims
2023-01-13 12:00:16.192 +03:00 [Information] System.Net.Http.HttpClient.WebStoreGBWebAPIIdentity.ClientHandler Received HTTP response headers after 214.9043ms - 200
2023-01-13 12:00:16.196 +03:00 [Information] System.Net.Http.HttpClient.WebStoreGBWebAPIIdentity.LogicalHandler End processing HTTP request after 222.3352ms - 200
2023-01-13 12:00:16.204 +03:00 [Information] System.Net.Http.HttpClient.WebStoreGBWebAPIIdentity.LogicalHandler Start processing HTTP request "POST" https://localhost:5001/api/users/roles
2023-01-13 12:00:16.209 +03:00 [Information] System.Net.Http.HttpClient.WebStoreGBWebAPIIdentity.ClientHandler Sending HTTP request "POST" https://localhost:5001/api/users/roles
2023-01-13 12:00:16.296 +03:00 [Information] System.Net.Http.HttpClient.WebStoreGBWebAPIIdentity.ClientHandler Received HTTP response headers after 87.3236ms - 200
2023-01-13 12:00:16.303 +03:00 [Information] System.Net.Http.HttpClient.WebStoreGBWebAPIIdentity.LogicalHandler End processing HTTP request after 98.2757ms - 200
2023-01-13 12:00:16.364 +03:00 [Information] WebStoreGB.Controllers.AccountController Пользователь "Testik3" успешно вошёл в систему
2023-01-13 12:00:16.395 +03:00 [Information] System.Net.Http.HttpClient.WebStoreGBWebAPI.LogicalHandler Start processing HTTP request "GET" https://localhost:5001/api/products/sections
2023-01-13 12:00:16.407 +03:00 [Information] System.Net.Http.HttpClient.WebStoreGBWebAPI.ClientHandler Sending HTTP request "GET" https://localhost:5001/api/products/sections
2023-01-13 12:00:16.428 +03:00 [Information] System.Net.Http.HttpClient.WebStoreGBWebAPI.ClientHandler Received HTTP response headers after 20.9332ms - 200
2023-01-13 12:00:16.445 +03:00 [Information] System.Net.Http.HttpClient.WebStoreGBWebAPI.LogicalHandler End processing HTTP request after 49.8057ms - 200
2023-01-13 12:00:16.455 +03:00 [Information] System.Net.Http.HttpClient.WebStoreGBWebAPI.LogicalHandler Start processing HTTP request "GET" https://localhost:5001/api/products/brands
2023-01-13 12:00:16.462 +03:00 [Information] System.Net.Http.HttpClient.WebStoreGBWebAPI.ClientHandler Sending HTTP request "GET" https://localhost:5001/api/products/brands
2023-01-13 12:00:16.472 +03:00 [Information] System.Net.Http.HttpClient.WebStoreGBWebAPI.ClientHandler Received HTTP response headers after 10.2892ms - 200
2023-01-13 12:00:16.476 +03:00 [Information] System.Net.Http.HttpClient.WebStoreGBWebAPI.LogicalHandler End processing HTTP request after 20.9643ms - 200
2023-01-13 12:00:16.479 +03:00 [Information] System.Net.Http.HttpClient.WebStoreGBWebAPI.LogicalHandler Start processing HTTP request "POST" https://localhost:5001/api/products
2023-01-13 12:00:16.481 +03:00 [Information] System.Net.Http.HttpClient.WebStoreGBWebAPI.ClientHandler Sending HTTP request "POST" https://localhost:5001/api/products
2023-01-13 12:00:16.486 +03:00 [Information] System.Net.Http.HttpClient.WebStoreGBWebAPI.ClientHandler Received HTTP response headers after 4.7083ms - 200
2023-01-13 12:00:16.489 +03:00 [Information] System.Net.Http.HttpClient.WebStoreGBWebAPI.LogicalHandler End processing HTTP request after 10.4139ms - 200
2023-01-13 12:00:21.236 +03:00 [Error] WebStoreGB.Infrastructure.Middleware.ExceptionHandlingMiddleware Ошибка при обработке запроса "/Cart/Add/1"
System.InvalidOperationException: Unable to resolve service for type 'WebStoreGB.Interfaces.Services.ICartService' while attempting to activate 'WebStoreGB.Controllers.CartController'.
   at Microsoft.Extensions.DependencyInjection.ActivatorUtilities.GetService(IServiceProvider sp, Type type, Type requiredBy, Boolean isDefaultParameterRequired)
   at lambda_method113(Closure , IServiceProvider , Object[] )
   at Microsoft.AspNetCore.Mvc.Controllers.ControllerActivatorProvider.<>c__DisplayClass4_0.<CreateActivator>b__0(ControllerContext controllerContext)
   at Microsoft.AspNetCore.Mvc.Controllers.ControllerFactoryProvider.<>c__DisplayClass5_0.<CreateControllerFactory>g__CreateController|0(ControllerContext controllerContext)
   at Microsoft.AspNetCore.Mvc.Infrastructure.ControllerActionInvoker.Next(State& next, Scope& scope, Object& state, Boolean& isCompleted)
   at Microsoft.AspNetCore.Mvc.Infrastructure.ControllerActionInvoker.InvokeInnerFilterAsync()
--- End of stack trace from previous location ---
   at Microsoft.AspNetCore.Mvc.Infrastructure.ResourceInvoker.<InvokeNextResourceFilter>g__Awaited|24_0(ResourceInvoker invoker, Task lastTask, State next, Scope scope, Object state, Boolean isCompleted)
   at Microsoft.AspNetCore.Mvc.Infrastructure.ResourceInvoker.Rethrow(ResourceExecutedContextSealed context)
   at Microsoft.AspNetCore.Mvc.Infrastructure.ResourceInvoker.Next(State& next, Scope& scope, Object& state, Boolean& isCompleted)
   at Microsoft.AspNetCore.Mvc.Infrastructure.ResourceInvoker.InvokeFilterPipelineAsync()
--- End of stack trace from previous location ---
   at Microsoft.AspNetCore.Mvc.Infrastructure.ResourceInvoker.<InvokeAsync>g__Awaited|17_0(ResourceInvoker invoker, Task task, IDisposable scope)
   at Microsoft.AspNetCore.Routing.EndpointMiddleware.<Invoke>g__AwaitRequestTask|6_0(Endpoint endpoint, Task requestTask, ILogger logger)
   at WebStoreGB.Infrastructure.Middleware.ExceptionHandlingMiddleware.InvokeAsync(HttpContext Context) in E:\GeekBrains\ASP 01\WebStoreGB\UI\WebStoreGB\Infrastructure\Middleware\ExceptionHandlingMiddleware.cs:line 23
2023-01-13 12:00:21.344 +03:00 [Error] Microsoft.AspNetCore.Diagnostics.DeveloperExceptionPageMiddleware An unhandled exception has occurred while executing the request.
System.InvalidOperationException: Unable to resolve service for type 'WebStoreGB.Interfaces.Services.ICartService' while attempting to activate 'WebStoreGB.Controllers.CartController'.
   at Microsoft.Extensions.DependencyInjection.ActivatorUtilities.GetService(IServiceProvider sp, Type type, Type requiredBy, Boolean isDefaultParameterRequired)
   at lambda_method113(Closure , IServiceProvider , Object[] )
   at Microsoft.AspNetCore.Mvc.Controllers.ControllerActivatorProvider.<>c__DisplayClass4_0.<CreateActivator>b__0(ControllerContext controllerContext)
   at Microsoft.AspNetCore.Mvc.Controllers.ControllerFactoryProvider.<>c__DisplayClass5_0.<CreateControllerFactory>g__CreateController|0(ControllerContext controllerContext)
   at Microsoft.AspNetCore.Mvc.Infrastructure.ControllerActionInvoker.Next(State& next, Scope& scope, Object& state, Boolean& isCompleted)
   at Microsoft.AspNetCore.Mvc.Infrastructure.ControllerActionInvoker.InvokeInnerFilterAsync()
--- End of stack trace from previous location ---
   at Microsoft.AspNetCore.Mvc.Infrastructure.ResourceInvoker.<InvokeNextResourceFilter>g__Awaited|24_0(ResourceInvoker invoker, Task lastTask, State next, Scope scope, Object state, Boolean isCompleted)
   at Microsoft.AspNetCore.Mvc.Infrastructure.ResourceInvoker.Rethrow(ResourceExecutedContextSealed context)
   at Microsoft.AspNetCore.Mvc.Infrastructure.ResourceInvoker.Next(State& next, Scope& scope, Object& state, Boolean& isCompleted)
   at Microsoft.AspNetCore.Mvc.Infrastructure.ResourceInvoker.InvokeFilterPipelineAsync()
--- End of stack trace from previous location ---
   at Microsoft.AspNetCore.Mvc.Infrastructure.ResourceInvoker.<InvokeAsync>g__Awaited|17_0(ResourceInvoker invoker, Task task, IDisposable scope)
   at Microsoft.AspNetCore.Routing.EndpointMiddleware.<Invoke>g__AwaitRequestTask|6_0(Endpoint endpoint, Task requestTask, ILogger logger)
   at WebStoreGB.Infrastructure.Middleware.ExceptionHandlingMiddleware.InvokeAsync(HttpContext Context) in E:\GeekBrains\ASP 01\WebStoreGB\UI\WebStoreGB\Infrastructure\Middleware\ExceptionHandlingMiddleware.cs:line 23
   at Microsoft.AspNetCore.Authorization.AuthorizationMiddleware.Invoke(HttpContext context)
   at Microsoft.AspNetCore.Authentication.AuthenticationMiddleware.Invoke(HttpContext context)
   at Microsoft.AspNetCore.Diagnostics.StatusCodePagesMiddleware.Invoke(HttpContext context)
   at Microsoft.AspNetCore.Diagnostics.DeveloperExceptionPageMiddleware.Invoke(HttpContext context)
2023-01-13 12:06:07.179 +03:00 [Information] System.Net.Http.HttpClient.WebStoreGBWebAPI.LogicalHandler Start processing HTTP request "GET" https://localhost:5001/api/products/sections
2023-01-13 12:06:07.235 +03:00 [Information] System.Net.Http.HttpClient.WebStoreGBWebAPI.ClientHandler Sending HTTP request "GET" https://localhost:5001/api/products/sections
2023-01-13 12:06:20.778 +03:00 [Information] System.Net.Http.HttpClient.WebStoreGBWebAPI.LogicalHandler Start processing HTTP request "GET" https://localhost:5001/api/products/sections
2023-01-13 12:06:20.825 +03:00 [Information] System.Net.Http.HttpClient.WebStoreGBWebAPI.ClientHandler Sending HTTP request "GET" https://localhost:5001/api/products/sections
2023-01-13 12:06:22.783 +03:00 [Information] System.Net.Http.HttpClient.WebStoreGBWebAPI.ClientHandler Received HTTP response headers after 1953.9673ms - 200
2023-01-13 12:06:22.789 +03:00 [Information] System.Net.Http.HttpClient.WebStoreGBWebAPI.LogicalHandler End processing HTTP request after 2020.4758ms - 200
2023-01-13 12:06:22.884 +03:00 [Information] System.Net.Http.HttpClient.WebStoreGBWebAPI.LogicalHandler Start processing HTTP request "GET" https://localhost:5001/api/products/brands
2023-01-13 12:06:22.888 +03:00 [Information] System.Net.Http.HttpClient.WebStoreGBWebAPI.ClientHandler Sending HTTP request "GET" https://localhost:5001/api/products/brands
2023-01-13 12:06:22.977 +03:00 [Information] System.Net.Http.HttpClient.WebStoreGBWebAPI.ClientHandler Received HTTP response headers after 89.2732ms - 200
2023-01-13 12:06:22.979 +03:00 [Information] System.Net.Http.HttpClient.WebStoreGBWebAPI.LogicalHandler End processing HTTP request after 94.8368ms - 200
2023-01-13 12:06:23.003 +03:00 [Information] System.Net.Http.HttpClient.WebStoreGBWebAPI.LogicalHandler Start processing HTTP request "POST" https://localhost:5001/api/products
2023-01-13 12:06:23.007 +03:00 [Information] System.Net.Http.HttpClient.WebStoreGBWebAPI.ClientHandler Sending HTTP request "POST" https://localhost:5001/api/products
2023-01-13 12:06:23.226 +03:00 [Information] System.Net.Http.HttpClient.WebStoreGBWebAPI.ClientHandler Received HTTP response headers after 218.8318ms - 200
2023-01-13 12:06:23.231 +03:00 [Information] System.Net.Http.HttpClient.WebStoreGBWebAPI.LogicalHandler End processing HTTP request after 227.5698ms - 200
2023-01-13 12:06:26.882 +03:00 [Information] System.Net.Http.HttpClient.WebStoreGBWebAPI.LogicalHandler Start processing HTTP request "POST" https://localhost:5001/api/products
2023-01-13 12:06:26.885 +03:00 [Information] System.Net.Http.HttpClient.WebStoreGBWebAPI.ClientHandler Sending HTTP request "POST" https://localhost:5001/api/products
2023-01-13 12:06:26.970 +03:00 [Information] System.Net.Http.HttpClient.WebStoreGBWebAPI.ClientHandler Received HTTP response headers after 84.5774ms - 200
2023-01-13 12:06:26.974 +03:00 [Information] System.Net.Http.HttpClient.WebStoreGBWebAPI.LogicalHandler End processing HTTP request after 92.7251ms - 200
2023-01-13 12:06:34.244 +03:00 [Information] System.Net.Http.HttpClient.WebStoreGBWebAPI.LogicalHandler Start processing HTTP request "POST" https://localhost:5001/api/products
2023-01-13 12:06:34.247 +03:00 [Information] System.Net.Http.HttpClient.WebStoreGBWebAPI.ClientHandler Sending HTTP request "POST" https://localhost:5001/api/products
2023-01-13 12:06:34.253 +03:00 [Information] System.Net.Http.HttpClient.WebStoreGBWebAPI.ClientHandler Received HTTP response headers after 6.2274ms - 200
2023-01-13 12:06:34.257 +03:00 [Information] System.Net.Http.HttpClient.WebStoreGBWebAPI.LogicalHandler End processing HTTP request after 13.2177ms - 200
2023-01-13 12:06:34.262 +03:00 [Information] System.Net.Http.HttpClient.WebStoreGBWebAPI.LogicalHandler Start processing HTTP request "POST" https://localhost:5001/api/orders/Testik3
2023-01-13 12:06:34.265 +03:00 [Information] System.Net.Http.HttpClient.WebStoreGBWebAPI.ClientHandler Sending HTTP request "POST" https://localhost:5001/api/orders/Testik3
2023-01-13 12:06:35.461 +03:00 [Information] System.Net.Http.HttpClient.WebStoreGBWebAPI.ClientHandler Received HTTP response headers after 1196.7835ms - 200
2023-01-13 12:06:35.465 +03:00 [Information] System.Net.Http.HttpClient.WebStoreGBWebAPI.LogicalHandler End processing HTTP request after 1202.7914ms - 200
2023-01-13 12:06:39.877 +03:00 [Information] System.Net.Http.HttpClient.WebStoreGBWebAPI.LogicalHandler Start processing HTTP request "GET" https://localhost:5001/api/products/sections
2023-01-13 12:06:39.881 +03:00 [Information] System.Net.Http.HttpClient.WebStoreGBWebAPI.ClientHandler Sending HTTP request "GET" https://localhost:5001/api/products/sections
2023-01-13 12:06:39.887 +03:00 [Information] System.Net.Http.HttpClient.WebStoreGBWebAPI.ClientHandler Received HTTP response headers after 5.7854ms - 200
2023-01-13 12:06:39.890 +03:00 [Information] System.Net.Http.HttpClient.WebStoreGBWebAPI.LogicalHandler End processing HTTP request after 13.1873ms - 200
2023-01-13 12:06:39.893 +03:00 [Information] System.Net.Http.HttpClient.WebStoreGBWebAPI.LogicalHandler Start processing HTTP request "GET" https://localhost:5001/api/products/brands
2023-01-13 12:06:39.896 +03:00 [Information] System.Net.Http.HttpClient.WebStoreGBWebAPI.ClientHandler Sending HTTP request "GET" https://localhost:5001/api/products/brands
2023-01-13 12:06:39.900 +03:00 [Information] System.Net.Http.HttpClient.WebStoreGBWebAPI.ClientHandler Received HTTP response headers after 4.016ms - 200
2023-01-13 12:06:39.904 +03:00 [Information] System.Net.Http.HttpClient.WebStoreGBWebAPI.LogicalHandler End processing HTTP request after 10.171ms - 200
2023-01-13 12:06:39.907 +03:00 [Information] System.Net.Http.HttpClient.WebStoreGBWebAPI.LogicalHandler Start processing HTTP request "POST" https://localhost:5001/api/products
2023-01-13 12:06:39.910 +03:00 [Information] System.Net.Http.HttpClient.WebStoreGBWebAPI.ClientHandler Sending HTTP request "POST" https://localhost:5001/api/products
2023-01-13 12:06:39.915 +03:00 [Information] System.Net.Http.HttpClient.WebStoreGBWebAPI.ClientHandler Received HTTP response headers after 4.7745ms - 200
2023-01-13 12:06:39.919 +03:00 [Information] System.Net.Http.HttpClient.WebStoreGBWebAPI.LogicalHandler End processing HTTP request after 11.5964ms - 200
