2023-02-06 14:58:37.837 +03:00 [Information] Start processing HTTP request "GET" https://localhost:5001/api/products/sections
2023-02-06 14:58:37.901 +03:00 [Information] Sending HTTP request "GET" https://localhost:5001/api/products/sections
2023-02-06 14:58:44.435 +03:00 [Information] Sending HTTP request "GET" https://localhost:5001/api/products/sections
2023-02-06 14:58:44.737 +03:00 [Information] Received HTTP response headers after 299.3699ms - 200
2023-02-06 14:58:44.741 +03:00 [Information] End processing HTTP request after 6913.7375ms - 200
2023-02-06 14:58:44.891 +03:00 [Information] Start processing HTTP request "GET" https://localhost:5001/api/products/brands
2023-02-06 14:58:44.896 +03:00 [Information] Sending HTTP request "GET" https://localhost:5001/api/products/brands
2023-02-06 14:58:44.977 +03:00 [Information] Received HTTP response headers after 81.1521ms - 200
2023-02-06 14:58:44.981 +03:00 [Information] End processing HTTP request after 89.7904ms - 200
2023-02-06 14:58:45.004 +03:00 [Information] Start processing HTTP request "POST" https://localhost:5001/api/products
2023-02-06 14:58:45.007 +03:00 [Information] Sending HTTP request "POST" https://localhost:5001/api/products
2023-02-06 14:58:45.325 +03:00 [Information] Received HTTP response headers after 318.2661ms - 200
2023-02-06 14:58:45.329 +03:00 [Information] End processing HTTP request after 325.3988ms - 200
2023-02-06 14:58:45.617 +03:00 [Information] Start processing HTTP request "POST" https://localhost:5001/api/products
2023-02-06 14:58:45.620 +03:00 [Information] Sending HTTP request "POST" https://localhost:5001/api/products
2023-02-06 14:58:45.633 +03:00 [Information] Received HTTP response headers after 12.7845ms - 200
2023-02-06 14:58:45.636 +03:00 [Information] End processing HTTP request after 19.5572ms - 200
2023-02-06 14:58:46.592 +03:00 [Information] Start processing HTTP request "POST" https://localhost:5001/api/products
2023-02-06 14:58:46.597 +03:00 [Information] Sending HTTP request "POST" https://localhost:5001/api/products
2023-02-06 14:58:46.604 +03:00 [Information] Received HTTP response headers after 7.4157ms - 200
2023-02-06 14:58:46.607 +03:00 [Information] End processing HTTP request after 14.8139ms - 200
2023-02-06 15:00:53.767 +03:00 [Information] Start processing HTTP request "POST" https://localhost:5001/api/products
2023-02-06 15:00:53.771 +03:00 [Information] Sending HTTP request "POST" https://localhost:5001/api/products
2023-02-06 15:00:53.778 +03:00 [Information] Received HTTP response headers after 6.9843ms - 200
2023-02-06 15:00:53.781 +03:00 [Information] End processing HTTP request after 14.3288ms - 200
2023-02-06 15:00:53.946 +03:00 [Information] Start processing HTTP request "POST" https://localhost:5001/api/products
2023-02-06 15:00:53.950 +03:00 [Information] Sending HTTP request "POST" https://localhost:5001/api/products
2023-02-06 15:00:53.958 +03:00 [Information] Received HTTP response headers after 8.2877ms - 200
2023-02-06 15:00:53.962 +03:00 [Information] End processing HTTP request after 15.9094ms - 200
2023-02-06 15:01:14.499 +03:00 [Information] Start processing HTTP request "GET" https://localhost:5001/api/users/User/Normal/ADMIN
2023-02-06 15:01:14.504 +03:00 [Information] Sending HTTP request "GET" https://localhost:5001/api/users/User/Normal/ADMIN
2023-02-06 15:01:14.554 +03:00 [Information] Received HTTP response headers after 50.1562ms - 200
2023-02-06 15:01:14.557 +03:00 [Information] End processing HTTP request after 57.8134ms - 200
2023-02-06 15:01:14.595 +03:00 [Information] Start processing HTTP request "POST" https://localhost:5001/api/users/GetPasswordHash
2023-02-06 15:01:14.598 +03:00 [Information] Sending HTTP request "POST" https://localhost:5001/api/users/GetPasswordHash
2023-02-06 15:01:14.654 +03:00 [Information] Received HTTP response headers after 55.2314ms - 200
2023-02-06 15:01:14.659 +03:00 [Information] End processing HTTP request after 64.3808ms - 200
2023-02-06 15:01:14.761 +03:00 [Information] Start processing HTTP request "POST" https://localhost:5001/api/users/GetTwoFactorEnabled
2023-02-06 15:01:14.768 +03:00 [Information] Sending HTTP request "POST" https://localhost:5001/api/users/GetTwoFactorEnabled
2023-02-06 15:01:14.780 +03:00 [Information] Received HTTP response headers after 12.02ms - 200
2023-02-06 15:01:14.783 +03:00 [Information] End processing HTTP request after 22.5051ms - 200
2023-02-06 15:01:14.796 +03:00 [Information] Start processing HTTP request "POST" https://localhost:5001/api/users/GetTwoFactorEnabled
2023-02-06 15:01:14.798 +03:00 [Information] Sending HTTP request "POST" https://localhost:5001/api/users/GetTwoFactorEnabled
2023-02-06 15:01:14.807 +03:00 [Information] Received HTTP response headers after 8.1711ms - 200
2023-02-06 15:01:14.809 +03:00 [Information] End processing HTTP request after 13.7467ms - 200
2023-02-06 15:01:14.816 +03:00 [Information] Start processing HTTP request "POST" https://localhost:5001/api/users/UserId
2023-02-06 15:01:14.820 +03:00 [Information] Sending HTTP request "POST" https://localhost:5001/api/users/UserId
2023-02-06 15:01:14.827 +03:00 [Information] Received HTTP response headers after 7.3691ms - 200
2023-02-06 15:01:14.831 +03:00 [Information] End processing HTTP request after 14.693ms - 200
2023-02-06 15:01:14.836 +03:00 [Information] Start processing HTTP request "POST" https://localhost:5001/api/users/UserName
2023-02-06 15:01:14.839 +03:00 [Information] Sending HTTP request "POST" https://localhost:5001/api/users/UserName
2023-02-06 15:01:14.846 +03:00 [Information] Received HTTP response headers after 6.5445ms - 200
2023-02-06 15:01:14.849 +03:00 [Information] End processing HTTP request after 12.4325ms - 200
2023-02-06 15:01:14.853 +03:00 [Information] Start processing HTTP request "POST" https://localhost:5001/api/users/GetEmail
2023-02-06 15:01:14.856 +03:00 [Information] Sending HTTP request "POST" https://localhost:5001/api/users/GetEmail
2023-02-06 15:01:14.862 +03:00 [Information] Received HTTP response headers after 6.5439ms - 204
2023-02-06 15:01:14.865 +03:00 [Information] End processing HTTP request after 12.2324ms - 204
2023-02-06 15:01:14.870 +03:00 [Information] Start processing HTTP request "POST" https://localhost:5001/api/users/GetClaims
2023-02-06 15:01:14.873 +03:00 [Information] Sending HTTP request "POST" https://localhost:5001/api/users/GetClaims
2023-02-06 15:01:14.943 +03:00 [Information] Received HTTP response headers after 70.0763ms - 200
2023-02-06 15:01:14.947 +03:00 [Information] End processing HTTP request after 77.4412ms - 200
2023-02-06 15:01:14.955 +03:00 [Information] Start processing HTTP request "POST" https://localhost:5001/api/users/roles
2023-02-06 15:01:14.959 +03:00 [Information] Sending HTTP request "POST" https://localhost:5001/api/users/roles
2023-02-06 15:01:15.004 +03:00 [Information] Received HTTP response headers after 45.1722ms - 200
2023-02-06 15:01:15.008 +03:00 [Information] End processing HTTP request after 53.1384ms - 200
2023-02-06 15:01:15.030 +03:00 [Information] Пользователь "Admin" успешно вошёл в систему
2023-02-06 15:01:15.120 +03:00 [Information] Start processing HTTP request "GET" https://localhost:5001/api/products/sections
2023-02-06 15:01:15.127 +03:00 [Information] Sending HTTP request "GET" https://localhost:5001/api/products/sections
2023-02-06 15:01:15.138 +03:00 [Information] Received HTTP response headers after 11.1936ms - 200
2023-02-06 15:01:15.147 +03:00 [Information] End processing HTTP request after 27.0885ms - 200
2023-02-06 15:01:15.153 +03:00 [Information] Start processing HTTP request "GET" https://localhost:5001/api/products/brands
2023-02-06 15:01:15.159 +03:00 [Information] Sending HTTP request "GET" https://localhost:5001/api/products/brands
2023-02-06 15:01:15.165 +03:00 [Information] Received HTTP response headers after 5.905ms - 200
2023-02-06 15:01:15.169 +03:00 [Information] End processing HTTP request after 15.2887ms - 200
2023-02-06 15:01:15.173 +03:00 [Information] Start processing HTTP request "POST" https://localhost:5001/api/products
2023-02-06 15:01:15.176 +03:00 [Information] Sending HTTP request "POST" https://localhost:5001/api/products
2023-02-06 15:01:15.181 +03:00 [Information] Received HTTP response headers after 5.3751ms - 200
2023-02-06 15:01:15.185 +03:00 [Information] End processing HTTP request after 11.7113ms - 200
2023-02-06 15:01:15.245 +03:00 [Information] Start processing HTTP request "POST" https://localhost:5001/api/products
2023-02-06 15:01:15.249 +03:00 [Information] Sending HTTP request "POST" https://localhost:5001/api/products
2023-02-06 15:01:15.254 +03:00 [Information] Received HTTP response headers after 5.1852ms - 200
2023-02-06 15:01:15.257 +03:00 [Information] End processing HTTP request after 11.8019ms - 200
2023-02-06 15:01:15.504 +03:00 [Information] Start processing HTTP request "POST" https://localhost:5001/api/products
2023-02-06 15:01:15.507 +03:00 [Information] Sending HTTP request "POST" https://localhost:5001/api/products
2023-02-06 15:01:15.514 +03:00 [Information] Received HTTP response headers after 7.007ms - 200
2023-02-06 15:01:15.518 +03:00 [Information] End processing HTTP request after 13.3227ms - 200
2023-02-06 15:01:17.279 +03:00 [Information] Start processing HTTP request "GET" https://localhost:5001/api/employees
2023-02-06 15:01:17.283 +03:00 [Information] Sending HTTP request "GET" https://localhost:5001/api/employees
2023-02-06 15:01:17.324 +03:00 [Information] Received HTTP response headers after 41.2967ms - 200
2023-02-06 15:01:17.327 +03:00 [Information] End processing HTTP request after 48.358ms - 200
2023-02-06 15:01:17.382 +03:00 [Information] Start processing HTTP request "POST" https://localhost:5001/api/products
2023-02-06 15:01:17.385 +03:00 [Information] Sending HTTP request "POST" https://localhost:5001/api/products
2023-02-06 15:01:17.392 +03:00 [Information] Received HTTP response headers after 6.1757ms - 200
2023-02-06 15:01:17.395 +03:00 [Information] End processing HTTP request after 12.9936ms - 200
2023-02-06 15:01:17.551 +03:00 [Information] Start processing HTTP request "POST" https://localhost:5001/api/products
2023-02-06 15:01:17.556 +03:00 [Information] Sending HTTP request "POST" https://localhost:5001/api/products
2023-02-06 15:01:17.562 +03:00 [Information] Received HTTP response headers after 6.2339ms - 200
2023-02-06 15:01:17.565 +03:00 [Information] End processing HTTP request after 13.2178ms - 200
2023-02-06 15:01:19.732 +03:00 [Information] Start processing HTTP request "GET" https://localhost:5001/api/employees/1
2023-02-06 15:01:19.737 +03:00 [Information] Sending HTTP request "GET" https://localhost:5001/api/employees/1
2023-02-06 15:01:19.743 +03:00 [Information] Received HTTP response headers after 5.6864ms - 200
2023-02-06 15:01:19.745 +03:00 [Information] End processing HTTP request after 12.9742ms - 200
2023-02-06 15:01:19.775 +03:00 [Information] Start processing HTTP request "POST" https://localhost:5001/api/products
2023-02-06 15:01:19.779 +03:00 [Information] Sending HTTP request "POST" https://localhost:5001/api/products
2023-02-06 15:01:19.784 +03:00 [Information] Received HTTP response headers after 4.9256ms - 200
2023-02-06 15:01:19.787 +03:00 [Information] End processing HTTP request after 11.7645ms - 200
2023-02-06 15:01:19.928 +03:00 [Information] Start processing HTTP request "POST" https://localhost:5001/api/products
2023-02-06 15:01:19.932 +03:00 [Information] Sending HTTP request "POST" https://localhost:5001/api/products
2023-02-06 15:01:19.939 +03:00 [Information] Received HTTP response headers after 7.2597ms - 200
2023-02-06 15:01:19.942 +03:00 [Information] End processing HTTP request after 13.7663ms - 200
