2023-02-07 14:54:18.505 +03:00 [Information] Start processing HTTP request "GET" https://localhost:5001/api/products/sections
2023-02-07 14:54:18.571 +03:00 [Information] Sending HTTP request "GET" https://localhost:5001/api/products/sections
2023-02-07 14:54:25.430 +03:00 [Information] Sending HTTP request "GET" https://localhost:5001/api/products/sections
2023-02-07 14:54:31.271 +03:00 [Information] Received HTTP response headers after 5838.1642ms - 200
2023-02-07 14:54:31.276 +03:00 [Information] End processing HTTP request after 12776.7781ms - 200
2023-02-07 14:54:33.041 +03:00 [Information] Start processing HTTP request "GET" https://localhost:5001/api/products/brands
2023-02-07 14:54:33.043 +03:00 [Information] Sending HTTP request "GET" https://localhost:5001/api/products/brands
2023-02-07 14:54:33.160 +03:00 [Information] Received HTTP response headers after 116.2101ms - 200
2023-02-07 14:54:33.164 +03:00 [Information] End processing HTTP request after 122.7436ms - 200
2023-02-07 14:54:33.185 +03:00 [Information] Start processing HTTP request "POST" https://localhost:5001/api/products
2023-02-07 14:54:33.188 +03:00 [Information] Sending HTTP request "POST" https://localhost:5001/api/products
2023-02-07 14:54:33.429 +03:00 [Information] Received HTTP response headers after 241.7526ms - 200
2023-02-07 14:54:33.434 +03:00 [Information] End processing HTTP request after 248.974ms - 200
2023-02-07 14:54:34.699 +03:00 [Information] Start processing HTTP request "POST" https://localhost:5001/api/products
2023-02-07 14:54:34.702 +03:00 [Information] Sending HTTP request "POST" https://localhost:5001/api/products
2023-02-07 14:54:34.713 +03:00 [Information] Received HTTP response headers after 10.83ms - 200
2023-02-07 14:54:34.716 +03:00 [Information] End processing HTTP request after 17.0036ms - 200
2023-02-07 14:54:35.986 +03:00 [Information] Start processing HTTP request "POST" https://localhost:5001/api/products
2023-02-07 14:54:35.990 +03:00 [Information] Sending HTTP request "POST" https://localhost:5001/api/products
2023-02-07 14:54:35.995 +03:00 [Information] Received HTTP response headers after 5.7922ms - 200
2023-02-07 14:54:35.998 +03:00 [Information] End processing HTTP request after 12.0303ms - 200
