2023-02-07 16:26:02.097 +03:00 [Information] Start processing HTTP request "GET" https://localhost:5001/api/products/sections
2023-02-07 16:26:02.153 +03:00 [Information] Sending HTTP request "GET" https://localhost:5001/api/products/sections
2023-02-07 16:26:04.093 +03:00 [Information] Received HTTP response headers after 1934.9547ms - 200
2023-02-07 16:26:04.105 +03:00 [Information] End processing HTTP request after 2014.9494ms - 200
2023-02-07 16:26:04.317 +03:00 [Information] Start processing HTTP request "GET" https://localhost:5001/api/products/brands
2023-02-07 16:26:04.336 +03:00 [Information] Sending HTTP request "GET" https://localhost:5001/api/products/brands
2023-02-07 16:26:04.516 +03:00 [Information] Received HTTP response headers after 179.9348ms - 200
2023-02-07 16:26:04.521 +03:00 [Information] End processing HTTP request after 203.5373ms - 200
2023-02-07 16:26:04.557 +03:00 [Information] Start processing HTTP request "POST" https://localhost:5001/api/products
2023-02-07 16:26:04.568 +03:00 [Information] Sending HTTP request "POST" https://localhost:5001/api/products
2023-02-07 16:26:04.777 +03:00 [Information] Received HTTP response headers after 209.3133ms - 200
2023-02-07 16:26:04.780 +03:00 [Information] End processing HTTP request after 223.5374ms - 200
2023-02-07 16:26:05.076 +03:00 [Information] Start processing HTTP request "POST" https://localhost:5001/api/products
2023-02-07 16:26:05.079 +03:00 [Information] Sending HTTP request "POST" https://localhost:5001/api/products
2023-02-07 16:26:05.091 +03:00 [Information] Received HTTP response headers after 12.5746ms - 200
2023-02-07 16:26:05.094 +03:00 [Information] End processing HTTP request after 18.2018ms - 200
2023-02-07 16:26:05.635 +03:00 [Information] Start processing HTTP request "POST" https://localhost:5001/api/products
2023-02-07 16:26:05.639 +03:00 [Information] Sending HTTP request "POST" https://localhost:5001/api/products
2023-02-07 16:26:05.645 +03:00 [Information] Received HTTP response headers after 6.2172ms - 200
2023-02-07 16:26:05.650 +03:00 [Information] End processing HTTP request after 14.706ms - 200
2023-02-07 16:26:07.271 +03:00 [Information] Start processing HTTP request "POST" https://localhost:5001/api/products
2023-02-07 16:26:07.275 +03:00 [Information] Sending HTTP request "POST" https://localhost:5001/api/products
2023-02-07 16:26:07.280 +03:00 [Information] Received HTTP response headers after 5.6592ms - 200
2023-02-07 16:26:07.283 +03:00 [Information] End processing HTTP request after 12.0759ms - 200
2023-02-07 16:26:07.423 +03:00 [Information] Start processing HTTP request "POST" https://localhost:5001/api/products
2023-02-07 16:26:07.427 +03:00 [Information] Sending HTTP request "POST" https://localhost:5001/api/products
2023-02-07 16:26:07.432 +03:00 [Information] Received HTTP response headers after 5.7473ms - 200
2023-02-07 16:26:07.437 +03:00 [Information] End processing HTTP request after 13.6314ms - 200
2023-02-07 16:26:08.229 +03:00 [Information] Получен запрос к GetHTML - id:42, msg:"Hello HTML!", Delay:500
2023-02-07 16:26:08.742 +03:00 [Information] Ответ на запрос к GetHTML - id:42, msg:"Hello HTML!", Delay:500
2023-02-07 16:26:09.884 +03:00 [Information] Получен запрос к GetHTML - id:42, msg:"Hello HTML!", Delay:500
2023-02-07 16:26:10.398 +03:00 [Information] Ответ на запрос к GetHTML - id:42, msg:"Hello HTML!", Delay:500
2023-02-07 16:26:11.315 +03:00 [Information] Получен запрос к GetHTML - id:42, msg:"Hello HTML!", Delay:500
2023-02-07 16:26:11.836 +03:00 [Information] Ответ на запрос к GetHTML - id:42, msg:"Hello HTML!", Delay:500
