2023-02-08 09:25:11.494 +03:00 [Information] Start processing HTTP request "GET" https://localhost:5001/api/products/sections
2023-02-08 09:25:11.908 +03:00 [Information] Sending HTTP request "GET" https://localhost:5001/api/products/sections
2023-02-08 09:25:19.921 +03:00 [Information] Sending HTTP request "GET" https://localhost:5001/api/products/sections
2023-02-08 09:25:28.658 +03:00 [Information] Sending HTTP request "GET" https://localhost:5001/api/products/sections
2023-02-08 09:25:40.911 +03:00 [Information] Sending HTTP request "GET" https://localhost:5001/api/products/sections
2023-02-08 09:25:47.140 +03:00 [Information] Received HTTP response headers after 6226.0406ms - 200
2023-02-08 09:25:47.233 +03:00 [Information] End processing HTTP request after 35748.5421ms - 200
2023-02-08 09:25:48.940 +03:00 [Information] Start processing HTTP request "GET" https://localhost:5001/api/products/brands
2023-02-08 09:25:48.944 +03:00 [Information] Sending HTTP request "GET" https://localhost:5001/api/products/brands
2023-02-08 09:25:49.057 +03:00 [Information] Received HTTP response headers after 112.624ms - 200
2023-02-08 09:25:49.061 +03:00 [Information] End processing HTTP request after 120.2895ms - 200
2023-02-08 09:25:49.087 +03:00 [Information] Start processing HTTP request "POST" https://localhost:5001/api/products
2023-02-08 09:25:49.090 +03:00 [Information] Sending HTTP request "POST" https://localhost:5001/api/products
2023-02-08 09:25:50.530 +03:00 [Information] Received HTTP response headers after 1439.4114ms - 200
2023-02-08 09:25:50.534 +03:00 [Information] End processing HTTP request after 1447.3693ms - 200
2023-02-08 09:25:51.627 +03:00 [Information] Start processing HTTP request "POST" https://localhost:5001/api/products
2023-02-08 09:25:51.631 +03:00 [Information] Sending HTTP request "POST" https://localhost:5001/api/products
2023-02-08 09:25:51.644 +03:00 [Information] Received HTTP response headers after 12.977ms - 200
2023-02-08 09:25:51.648 +03:00 [Information] End processing HTTP request after 21.0071ms - 200
2023-02-08 09:25:53.522 +03:00 [Information] Start processing HTTP request "POST" https://localhost:5001/api/products
2023-02-08 09:25:53.525 +03:00 [Information] Sending HTTP request "POST" https://localhost:5001/api/products
2023-02-08 09:25:53.533 +03:00 [Information] Received HTTP response headers after 7.4228ms - 200
2023-02-08 09:25:53.537 +03:00 [Information] End processing HTTP request after 15.4512ms - 200
2023-02-08 09:25:55.734 +03:00 [Information] Start processing HTTP request "POST" https://localhost:5001/api/products
2023-02-08 09:25:55.738 +03:00 [Information] Sending HTTP request "POST" https://localhost:5001/api/products
2023-02-08 09:25:55.743 +03:00 [Information] Received HTTP response headers after 5.4575ms - 200
2023-02-08 09:25:55.747 +03:00 [Information] End processing HTTP request after 12.9969ms - 200
2023-02-08 09:25:55.881 +03:00 [Information] Start processing HTTP request "POST" https://localhost:5001/api/products
2023-02-08 09:25:55.885 +03:00 [Information] Sending HTTP request "POST" https://localhost:5001/api/products
2023-02-08 09:25:55.891 +03:00 [Information] Received HTTP response headers after 5.8044ms - 200
2023-02-08 09:25:55.893 +03:00 [Information] End processing HTTP request after 12.3839ms - 200
2023-02-08 09:25:56.917 +03:00 [Information] Получен запрос к GetHTML - id:42, msg:"Hello HTML!", Delay:500
2023-02-08 09:25:57.277 +03:00 [Information] Получен запрос к GetJSON - id:13, msg:"Hello JSON!", Delay:2000
2023-02-08 09:25:57.430 +03:00 [Information] Ответ на запрос к GetHTML - id:42, msg:"Hello HTML!", Delay:500
2023-02-08 09:25:57.843 +03:00 [Information] Получен запрос к GetJSON - id:321, msg:"QWE", Delay:1000
2023-02-08 09:25:58.862 +03:00 [Information] Ответ на запрос к GetJSON - id:321, msg:"QWE", Delay:1000
2023-02-08 09:25:59.311 +03:00 [Information] Ответ на запрос к GetJSON - id:13, msg:"Hello JSON!", Delay:2000
