2023-01-29 15:02:43.781 +03:00 [Information] Start processing HTTP request "GET" https://localhost:5001/api/products/sections
2023-01-29 15:02:43.828 +03:00 [Information] Sending HTTP request "GET" https://localhost:5001/api/products/sections
2023-01-29 15:02:45.874 +03:00 [Information] Received HTTP response headers after 2041.9753ms - 200
2023-01-29 15:02:45.879 +03:00 [Information] End processing HTTP request after 2103.9462ms - 200
2023-01-29 15:02:45.950 +03:00 [Information] Start processing HTTP request "GET" https://localhost:5001/api/products/brands
2023-01-29 15:02:45.953 +03:00 [Information] Sending HTTP request "GET" https://localhost:5001/api/products/brands
2023-01-29 15:02:46.025 +03:00 [Information] Received HTTP response headers after 71.7153ms - 200
2023-01-29 15:02:46.028 +03:00 [Information] End processing HTTP request after 78.2479ms - 200
2023-01-29 15:02:46.044 +03:00 [Information] Start processing HTTP request "POST" https://localhost:5001/api/products
2023-01-29 15:02:46.047 +03:00 [Information] Sending HTTP request "POST" https://localhost:5001/api/products
2023-01-29 15:02:46.192 +03:00 [Information] Received HTTP response headers after 144.2448ms - 200
2023-01-29 15:02:46.195 +03:00 [Information] End processing HTTP request after 150.7111ms - 200
2023-01-29 15:02:53.643 +03:00 [Information] Start processing HTTP request "GET" https://localhost:5001/api/values
2023-01-29 15:02:53.647 +03:00 [Information] Sending HTTP request "GET" https://localhost:5001/api/values
2023-01-29 15:02:53.659 +03:00 [Information] Received HTTP response headers after 12.2391ms - 200
2023-01-29 15:02:53.662 +03:00 [Information] End processing HTTP request after 18.9712ms - 200
2023-01-29 15:02:54.922 +03:00 [Information] Start processing HTTP request "POST" https://localhost:5001/api/products
2023-01-29 15:02:54.926 +03:00 [Information] Sending HTTP request "POST" https://localhost:5001/api/products
2023-01-29 15:02:54.933 +03:00 [Information] Received HTTP response headers after 6.4144ms - 200
2023-01-29 15:02:54.937 +03:00 [Information] End processing HTTP request after 14.9666ms - 200
2023-01-29 15:02:54.946 +03:00 [Information] Start processing HTTP request "GET" https://localhost:5001/api/products/sections
2023-01-29 15:02:54.950 +03:00 [Information] Sending HTTP request "GET" https://localhost:5001/api/products/sections
2023-01-29 15:02:54.955 +03:00 [Information] Received HTTP response headers after 4.6382ms - 200
2023-01-29 15:02:54.958 +03:00 [Information] End processing HTTP request after 11.34ms - 200
2023-01-29 15:02:54.961 +03:00 [Information] Start processing HTTP request "GET" https://localhost:5001/api/products/brands
2023-01-29 15:02:54.964 +03:00 [Information] Sending HTTP request "GET" https://localhost:5001/api/products/brands
2023-01-29 15:02:54.969 +03:00 [Information] Received HTTP response headers after 5.0803ms - 200
2023-01-29 15:02:54.972 +03:00 [Information] End processing HTTP request after 10.3925ms - 200
2023-01-29 15:02:58.913 +03:00 [Information] Start processing HTTP request "GET" https://localhost:5001/api/products/sections
2023-01-29 15:02:58.918 +03:00 [Information] Sending HTTP request "GET" https://localhost:5001/api/products/sections
2023-01-29 15:02:58.923 +03:00 [Information] Received HTTP response headers after 4.9612ms - 200
2023-01-29 15:02:58.926 +03:00 [Information] End processing HTTP request after 13.1541ms - 200
2023-01-29 15:02:58.930 +03:00 [Information] Start processing HTTP request "GET" https://localhost:5001/api/products/brands
2023-01-29 15:02:58.934 +03:00 [Information] Sending HTTP request "GET" https://localhost:5001/api/products/brands
2023-01-29 15:02:58.939 +03:00 [Information] Received HTTP response headers after 5.2512ms - 200
2023-01-29 15:02:58.943 +03:00 [Information] End processing HTTP request after 12.7824ms - 200
2023-01-29 15:02:58.950 +03:00 [Information] Start processing HTTP request "POST" https://localhost:5001/api/products
2023-01-29 15:02:58.955 +03:00 [Information] Sending HTTP request "POST" https://localhost:5001/api/products
2023-01-29 15:02:58.962 +03:00 [Information] Received HTTP response headers after 7.2022ms - 200
2023-01-29 15:02:58.965 +03:00 [Information] End processing HTTP request after 14.9865ms - 200
