2023-02-07 18:00:36.737 +03:00 [Information] Start processing HTTP request "GET" https://localhost:5001/api/products/sections
2023-02-07 18:00:36.801 +03:00 [Information] Sending HTTP request "GET" https://localhost:5001/api/products/sections
2023-02-07 18:00:38.912 +03:00 [Information] Received HTTP response headers after 2106.3662ms - 200
2023-02-07 18:00:38.921 +03:00 [Information] End processing HTTP request after 2191.992ms - 200
2023-02-07 18:00:39.112 +03:00 [Information] Start processing HTTP request "GET" https://localhost:5001/api/products/brands
2023-02-07 18:00:39.115 +03:00 [Information] Sending HTTP request "GET" https://localhost:5001/api/products/brands
2023-02-07 18:00:39.198 +03:00 [Information] Received HTTP response headers after 82.3544ms - 200
2023-02-07 18:00:39.202 +03:00 [Information] End processing HTTP request after 89.61ms - 200
2023-02-07 18:00:39.230 +03:00 [Information] Start processing HTTP request "POST" https://localhost:5001/api/products
2023-02-07 18:00:39.233 +03:00 [Information] Sending HTTP request "POST" https://localhost:5001/api/products
2023-02-07 18:00:39.435 +03:00 [Information] Received HTTP response headers after 201.7008ms - 200
2023-02-07 18:00:39.439 +03:00 [Information] End processing HTTP request after 209.5113ms - 200
2023-02-07 18:00:39.713 +03:00 [Information] Start processing HTTP request "POST" https://localhost:5001/api/products
2023-02-07 18:00:39.716 +03:00 [Information] Sending HTTP request "POST" https://localhost:5001/api/products
2023-02-07 18:00:39.728 +03:00 [Information] Received HTTP response headers after 12.6807ms - 200
2023-02-07 18:00:39.731 +03:00 [Information] End processing HTTP request after 18.8934ms - 200
2023-02-07 18:00:40.332 +03:00 [Information] Start processing HTTP request "POST" https://localhost:5001/api/products
2023-02-07 18:00:40.335 +03:00 [Information] Sending HTTP request "POST" https://localhost:5001/api/products
2023-02-07 18:00:40.342 +03:00 [Information] Received HTTP response headers after 6.5382ms - 200
2023-02-07 18:00:40.345 +03:00 [Information] End processing HTTP request after 13.3817ms - 200
2023-02-07 18:00:41.980 +03:00 [Information] Start processing HTTP request "POST" https://localhost:5001/api/products
2023-02-07 18:00:41.984 +03:00 [Information] Sending HTTP request "POST" https://localhost:5001/api/products
2023-02-07 18:00:41.989 +03:00 [Information] Received HTTP response headers after 5.5098ms - 200
2023-02-07 18:00:41.992 +03:00 [Information] End processing HTTP request after 12.1713ms - 200
2023-02-07 18:00:42.125 +03:00 [Information] Start processing HTTP request "POST" https://localhost:5001/api/products
2023-02-07 18:00:42.131 +03:00 [Information] Sending HTTP request "POST" https://localhost:5001/api/products
2023-02-07 18:00:42.140 +03:00 [Information] Received HTTP response headers after 9.7944ms - 200
2023-02-07 18:00:42.144 +03:00 [Information] End processing HTTP request after 19.6517ms - 200
2023-02-07 18:00:43.595 +03:00 [Information] Получен запрос к GetHTML - id:42, msg:"Hello HTML!", Delay:500
2023-02-07 18:00:44.113 +03:00 [Information] Ответ на запрос к GetHTML - id:42, msg:"Hello HTML!", Delay:500
